2022-07-11 09:51:18 | INFO | fairseq.distributed.utils | distributed init (rank 0): tcp://localhost:16479
2022-07-11 09:51:18 | INFO | fairseq.distributed.utils | distributed init (rank 1): tcp://localhost:16479
2022-07-11 09:51:18 | INFO | torch.distributed.distributed_c10d | Added key: store_based_barrier_key:1 to store for rank: 1
2022-07-11 09:51:18 | INFO | torch.distributed.distributed_c10d | Added key: store_based_barrier_key:1 to store for rank: 0
2022-07-11 09:51:18 | INFO | torch.distributed.distributed_c10d | Rank 0: Completed store-based barrier for key:store_based_barrier_key:1 with 2 nodes.
2022-07-11 09:51:18 | INFO | fairseq.distributed.utils | initialized host r32n4.lisa.surfsara.nl as rank 0
2022-07-11 09:51:18 | INFO | torch.distributed.distributed_c10d | Rank 1: Completed store-based barrier for key:store_based_barrier_key:1 with 2 nodes.
2022-07-11 09:51:18 | INFO | fairseq.distributed.utils | initialized host r32n4.lisa.surfsara.nl as rank 1
2022-07-11 09:51:24 | INFO | fairseq_cli.train | {'_name': None, 'common': {'_name': None, 'no_progress_bar': False, 'log_interval': 200, 'log_format': 'json', 'log_file': None, 'tensorboard_logdir': None, 'wandb_project': 'BART', 'azureml_logging': False, 'seed': 4, 'cpu': False, 'tpu': False, 'bf16': False, 'memory_efficient_bf16': False, 'fp16': True, 'memory_efficient_fp16': False, 'fp16_no_flatten_grads': False, 'fp16_init_scale': 128, 'fp16_scale_window': None, 'fp16_scale_tolerance': 0.0, 'on_cpu_convert_precision': False, 'min_loss_scale': 0.0001, 'threshold_loss_scale': None, 'amp': False, 'amp_batch_retries': 2, 'amp_init_scale': 128, 'amp_scale_window': None, 'user_dir': None, 'empty_cache_freq': 0, 'all_gather_list_size': 16384, 'model_parallel_size': 1, 'quantization_config_path': None, 'profile': False, 'reset_logging': False, 'suppress_crashes': False, 'use_plasma_view': False, 'plasma_path': '/tmp/plasma'}, 'common_eval': {'_name': None, 'path': None, 'post_process': None, 'quiet': False, 'model_overrides': '{}', 'results_path': None}, 'distributed_training': {'_name': None, 'distributed_world_size': 2, 'distributed_num_procs': 2, 'distributed_rank': 0, 'distributed_backend': 'nccl', 'distributed_init_method': 'tcp://localhost:16479', 'distributed_port': -1, 'device_id': 0, 'distributed_no_spawn': False, 'ddp_backend': 'pytorch_ddp', 'ddp_comm_hook': 'none', 'bucket_cap_mb': 25, 'fix_batches_to_gpus': False, 'find_unused_parameters': False, 'gradient_as_bucket_view': False, 'fast_stat_sync': False, 'heartbeat_timeout': -1, 'broadcast_buffers': False, 'slowmo_momentum': None, 'slowmo_base_algorithm': 'localsgd', 'localsgd_frequency': 3, 'nprocs_per_node': 2, 'pipeline_model_parallel': False, 'pipeline_balance': None, 'pipeline_devices': None, 'pipeline_chunks': 0, 'pipeline_encoder_balance': None, 'pipeline_encoder_devices': None, 'pipeline_decoder_balance': None, 'pipeline_decoder_devices': None, 'pipeline_checkpoint': 'never', 'zero_sharding': 'none', 'fp16': True, 'memory_efficient_fp16': False, 'tpu': False, 'no_reshard_after_forward': False, 'fp32_reduce_scatter': False, 'cpu_offload': False, 'use_sharded_state': False, 'not_fsdp_flatten_parameters': False}, 'dataset': {'_name': None, 'num_workers': 1, 'skip_invalid_size_inputs_valid_test': True, 'max_tokens': 3200, 'batch_size': None, 'required_batch_size_multiple': 8, 'required_seq_len_multiple': 1, 'dataset_impl': None, 'data_buffer_size': 10, 'train_subset': 'train', 'valid_subset': 'valid', 'combine_valid_subsets': None, 'ignore_unused_valid_subsets': False, 'validate_interval': 1, 'validate_interval_updates': 0, 'validate_after_updates': 0, 'fixed_validation_seed': None, 'disable_validation': False, 'max_tokens_valid': 3200, 'batch_size_valid': None, 'max_valid_steps': None, 'curriculum': 0, 'gen_subset': 'test', 'num_shards': 1, 'shard_id': 0, 'grouped_shuffling': False, 'update_epoch_batch_itr': False, 'update_ordered_indices_seed': False}, 'optimization': {'_name': None, 'max_epoch': 5, 'max_update': 500000, 'stop_time_hours': 0.0, 'clip_norm': 0.1, 'sentence_avg': False, 'update_freq': [32], 'lr': [1e-05], 'stop_min_lr': -1.0, 'use_bmuf': False, 'skip_remainder_batch': False}, 'checkpoint': {'_name': None, 'save_dir': 'BART_10_finetune', 'restore_file': '/home/dahmanir/lisa/Models/BART_10.pt', 'continue_once': None, 'finetune_from_model': None, 'reset_dataloader': True, 'reset_lr_scheduler': False, 'reset_meters': True, 'reset_optimizer': True, 'optimizer_overrides': '{}', 'save_interval': 1, 'save_interval_updates': 0, 'keep_interval_updates': -1, 'keep_interval_updates_pattern': -1, 'keep_last_epochs': -1, 'keep_best_checkpoints': -1, 'no_save': False, 'no_epoch_checkpoints': False, 'no_last_checkpoints': False, 'no_save_optimizer_state': False, 'best_checkpoint_metric': 'loss', 'maximize_best_checkpoint_metric': False, 'patience': -1, 'checkpoint_suffix': '', 'checkpoint_shard_count': 1, 'load_checkpoint_on_all_dp_ranks': False, 'write_checkpoints_asynchronously': False, 'model_parallel_size': 1}, 'bmuf': {'_name': None, 'block_lr': 1.0, 'block_momentum': 0.875, 'global_sync_iter': 50, 'warmup_iterations': 500, 'use_nbm': False, 'average_sync': False, 'distributed_world_size': 2}, 'generation': {'_name': None, 'beam': 5, 'nbest': 1, 'max_len_a': 0.0, 'max_len_b': 200, 'min_len': 1, 'match_source_len': False, 'unnormalized': False, 'no_early_stop': False, 'no_beamable_mm': False, 'lenpen': 1.0, 'unkpen': 0.0, 'replace_unk': None, 'sacrebleu': False, 'score_reference': False, 'prefix_size': 0, 'no_repeat_ngram_size': 0, 'sampling': False, 'sampling_topk': -1, 'sampling_topp': -1.0, 'constraints': None, 'temperature': 1.0, 'diverse_beam_groups': -1, 'diverse_beam_strength': 0.5, 'diversity_rate': -1.0, 'print_alignment': None, 'print_step': False, 'lm_path': None, 'lm_weight': 0.0, 'iter_decode_eos_penalty': 0.0, 'iter_decode_max_iter': 10, 'iter_decode_force_max_iter': False, 'iter_decode_with_beam': 1, 'iter_decode_with_external_reranker': False, 'retain_iter_history': False, 'retain_dropout': False, 'retain_dropout_modules': None, 'decoding_format': None, 'no_seed_provided': False}, 'eval_lm': {'_name': None, 'output_word_probs': False, 'output_word_stats': False, 'context_window': 0, 'softmax_batch': 9223372036854775807}, 'interactive': {'_name': None, 'buffer_size': 0, 'input': '-'}, 'model': Namespace(no_progress_bar=False, log_interval=200, log_format='json', log_file=None, tensorboard_logdir=None, wandb_project='BART', azureml_logging=False, seed=4, cpu=False, tpu=False, bf16=False, memory_efficient_bf16=False, fp16=True, memory_efficient_fp16=False, fp16_no_flatten_grads=False, fp16_init_scale=128, fp16_scale_window=None, fp16_scale_tolerance=0.0, on_cpu_convert_precision=False, min_loss_scale=0.0001, threshold_loss_scale=None, amp=False, amp_batch_retries=2, amp_init_scale=128, amp_scale_window=None, user_dir=None, empty_cache_freq=0, all_gather_list_size=16384, model_parallel_size=1, quantization_config_path=None, profile=False, reset_logging=False, suppress_crashes=False, use_plasma_view=False, plasma_path='/tmp/plasma', criterion='cross_entropy', tokenizer=None, bpe=None, optimizer='adam', lr_scheduler='polynomial_decay', simul_type=None, scoring='bleu', task='denoising', num_workers=1, skip_invalid_size_inputs_valid_test=True, max_tokens=3200, batch_size=None, required_batch_size_multiple=8, required_seq_len_multiple=1, dataset_impl=None, data_buffer_size=10, train_subset='train', valid_subset='valid', combine_valid_subsets=None, ignore_unused_valid_subsets=False, validate_interval=1, validate_interval_updates=0, validate_after_updates=0, fixed_validation_seed=None, disable_validation=False, max_tokens_valid=3200, batch_size_valid=None, max_valid_steps=None, curriculum=0, gen_subset='test', num_shards=1, shard_id=0, grouped_shuffling=False, update_epoch_batch_itr=False, update_ordered_indices_seed=False, distributed_world_size=2, distributed_num_procs=2, distributed_rank=0, distributed_backend='nccl', distributed_init_method=None, distributed_port=-1, device_id=0, distributed_no_spawn=False, ddp_backend='pytorch_ddp', ddp_comm_hook='none', bucket_cap_mb=25, fix_batches_to_gpus=False, find_unused_parameters=False, gradient_as_bucket_view=False, fast_stat_sync=False, heartbeat_timeout=-1, broadcast_buffers=False, slowmo_momentum=None, slowmo_base_algorithm='localsgd', localsgd_frequency=3, nprocs_per_node=2, pipeline_model_parallel=False, pipeline_balance=None, pipeline_devices=None, pipeline_chunks=0, pipeline_encoder_balance=None, pipeline_encoder_devices=None, pipeline_decoder_balance=None, pipeline_decoder_devices=None, pipeline_checkpoint='never', zero_sharding='none', no_reshard_after_forward=False, fp32_reduce_scatter=False, cpu_offload=False, use_sharded_state=False, not_fsdp_flatten_parameters=False, arch='bart_base', max_epoch=5, max_update=500000, stop_time_hours=0, clip_norm=0.1, sentence_avg=False, update_freq=[32], lr=[1e-05], stop_min_lr=-1.0, use_bmuf=False, skip_remainder_batch=False, save_dir='BART_10_finetune', restore_file='/home/dahmanir/lisa/Models/BART_10.pt', continue_once=None, finetune_from_model=None, reset_dataloader=True, reset_lr_scheduler=False, reset_meters=True, reset_optimizer=True, optimizer_overrides='{}', save_interval=1, save_interval_updates=0, keep_interval_updates=-1, keep_interval_updates_pattern=-1, keep_last_epochs=-1, keep_best_checkpoints=-1, no_save=False, no_epoch_checkpoints=False, no_last_checkpoints=False, no_save_optimizer_state=False, best_checkpoint_metric='loss', maximize_best_checkpoint_metric=False, patience=-1, checkpoint_suffix='', checkpoint_shard_count=1, load_checkpoint_on_all_dp_ranks=False, write_checkpoints_asynchronously=False, store_ema=False, ema_decay=0.9999, ema_start_update=0, ema_seed_model=None, ema_update_freq=1, ema_fp32=False, data='/home/dahmanir/lisa/Datasets/10_percent', tokens_per_sample=512, sample_break_mode='complete_doc', mask=0.3, mask_random=0.1, insert=0.0, permute=0.0, rotate=0.0, poisson_lambda=3.5, permute_sentences=1.0, mask_length='span-poisson', replace_length=1, shorten_method='none', shorten_data_split_list='', adam_betas=(0.9, 0.999), adam_eps=1e-08, weight_decay=0.01, use_old_adam=False, fp16_adam_stats=False, warmup_updates=500, force_anneal=None, end_learning_rate=0.0, power=1.0, total_num_update='500000', pad=1, eos=2, unk=3, dropout=0.1, attention_dropout=0.1, no_seed_provided=False, encoder_embed_dim=768, encoder_ffn_embed_dim=3072, encoder_layers=6, encoder_attention_heads=12, decoder_layers=6, decoder_attention_heads=12, encoder_embed_path=None, encoder_normalize_before=False, encoder_learned_pos=True, decoder_embed_path=None, decoder_embed_dim=768, decoder_ffn_embed_dim=3072, decoder_normalize_before=False, decoder_learned_pos=True, relu_dropout=0.0, max_target_positions=1024, max_source_positions=1024, adaptive_softmax_cutoff=None, adaptive_softmax_dropout=0, share_decoder_input_output_embed=True, share_all_embeddings=True, decoder_output_dim=768, decoder_input_dim=768, no_scale_embedding=True, layernorm_embedding=True, activation_fn='gelu', pooler_activation_fn='tanh', pooler_dropout=0.0, _name='bart_base'), 'task': Namespace(no_progress_bar=False, log_interval=200, log_format='json', log_file=None, tensorboard_logdir=None, wandb_project='BART', azureml_logging=False, seed=4, cpu=False, tpu=False, bf16=False, memory_efficient_bf16=False, fp16=True, memory_efficient_fp16=False, fp16_no_flatten_grads=False, fp16_init_scale=128, fp16_scale_window=None, fp16_scale_tolerance=0.0, on_cpu_convert_precision=False, min_loss_scale=0.0001, threshold_loss_scale=None, amp=False, amp_batch_retries=2, amp_init_scale=128, amp_scale_window=None, user_dir=None, empty_cache_freq=0, all_gather_list_size=16384, model_parallel_size=1, quantization_config_path=None, profile=False, reset_logging=False, suppress_crashes=False, use_plasma_view=False, plasma_path='/tmp/plasma', criterion='cross_entropy', tokenizer=None, bpe=None, optimizer='adam', lr_scheduler='polynomial_decay', simul_type=None, scoring='bleu', task='denoising', num_workers=1, skip_invalid_size_inputs_valid_test=True, max_tokens=3200, batch_size=None, required_batch_size_multiple=8, required_seq_len_multiple=1, dataset_impl=None, data_buffer_size=10, train_subset='train', valid_subset='valid', combine_valid_subsets=None, ignore_unused_valid_subsets=False, validate_interval=1, validate_interval_updates=0, validate_after_updates=0, fixed_validation_seed=None, disable_validation=False, max_tokens_valid=3200, batch_size_valid=None, max_valid_steps=None, curriculum=0, gen_subset='test', num_shards=1, shard_id=0, grouped_shuffling=False, update_epoch_batch_itr=False, update_ordered_indices_seed=False, distributed_world_size=2, distributed_num_procs=2, distributed_rank=0, distributed_backend='nccl', distributed_init_method=None, distributed_port=-1, device_id=0, distributed_no_spawn=False, ddp_backend='pytorch_ddp', ddp_comm_hook='none', bucket_cap_mb=25, fix_batches_to_gpus=False, find_unused_parameters=False, gradient_as_bucket_view=False, fast_stat_sync=False, heartbeat_timeout=-1, broadcast_buffers=False, slowmo_momentum=None, slowmo_base_algorithm='localsgd', localsgd_frequency=3, nprocs_per_node=2, pipeline_model_parallel=False, pipeline_balance=None, pipeline_devices=None, pipeline_chunks=0, pipeline_encoder_balance=None, pipeline_encoder_devices=None, pipeline_decoder_balance=None, pipeline_decoder_devices=None, pipeline_checkpoint='never', zero_sharding='none', no_reshard_after_forward=False, fp32_reduce_scatter=False, cpu_offload=False, use_sharded_state=False, not_fsdp_flatten_parameters=False, arch='bart_base', max_epoch=5, max_update=500000, stop_time_hours=0, clip_norm=0.1, sentence_avg=False, update_freq=[32], lr=[1e-05], stop_min_lr=-1.0, use_bmuf=False, skip_remainder_batch=False, save_dir='BART_10_finetune', restore_file='/home/dahmanir/lisa/Models/BART_10.pt', continue_once=None, finetune_from_model=None, reset_dataloader=True, reset_lr_scheduler=False, reset_meters=True, reset_optimizer=True, optimizer_overrides='{}', save_interval=1, save_interval_updates=0, keep_interval_updates=-1, keep_interval_updates_pattern=-1, keep_last_epochs=-1, keep_best_checkpoints=-1, no_save=False, no_epoch_checkpoints=False, no_last_checkpoints=False, no_save_optimizer_state=False, best_checkpoint_metric='loss', maximize_best_checkpoint_metric=False, patience=-1, checkpoint_suffix='', checkpoint_shard_count=1, load_checkpoint_on_all_dp_ranks=False, write_checkpoints_asynchronously=False, store_ema=False, ema_decay=0.9999, ema_start_update=0, ema_seed_model=None, ema_update_freq=1, ema_fp32=False, data='/home/dahmanir/lisa/Datasets/10_percent', tokens_per_sample=512, sample_break_mode='complete_doc', mask=0.3, mask_random=0.1, insert=0.0, permute=0.0, rotate=0.0, poisson_lambda=3.5, permute_sentences=1.0, mask_length='span-poisson', replace_length=1, shorten_method='none', shorten_data_split_list='', adam_betas=(0.9, 0.999), adam_eps=1e-08, weight_decay=0.01, use_old_adam=False, fp16_adam_stats=False, warmup_updates=500, force_anneal=None, end_learning_rate=0.0, power=1.0, total_num_update='500000', pad=1, eos=2, unk=3, dropout=0.1, attention_dropout=0.1, no_seed_provided=False, encoder_embed_dim=768, encoder_ffn_embed_dim=3072, encoder_layers=6, encoder_attention_heads=12, decoder_layers=6, decoder_attention_heads=12, encoder_embed_path=None, encoder_normalize_before=False, encoder_learned_pos=True, decoder_embed_path=None, decoder_embed_dim=768, decoder_ffn_embed_dim=3072, decoder_normalize_before=False, decoder_learned_pos=True, relu_dropout=0.0, max_target_positions=1024, max_source_positions=1024, adaptive_softmax_cutoff=None, adaptive_softmax_dropout=0, share_decoder_input_output_embed=True, share_all_embeddings=True, decoder_output_dim=768, decoder_input_dim=768, no_scale_embedding=True, layernorm_embedding=True, activation_fn='gelu', pooler_activation_fn='tanh', pooler_dropout=0.0, _name='denoising'), 'criterion': {'_name': 'cross_entropy', 'sentence_avg': False}, 'optimizer': {'_name': 'adam', 'adam_betas': [0.9, 0.999], 'adam_eps': 1e-08, 'weight_decay': 0.01, 'use_old_adam': False, 'fp16_adam_stats': False, 'tpu': False, 'lr': [1e-05]}, 'lr_scheduler': {'_name': 'polynomial_decay', 'warmup_updates': 500, 'force_anneal': None, 'end_learning_rate': 0.0, 'power': 1.0, 'total_num_update': 500000.0, 'lr': [1e-05]}, 'scoring': {'_name': 'bleu', 'pad': 1, 'eos': 2, 'unk': 3}, 'bpe': None, 'tokenizer': None, 'ema': {'_name': None, 'store_ema': False, 'ema_decay': 0.9999, 'ema_start_update': 0, 'ema_seed_model': None, 'ema_update_freq': 1, 'ema_fp32': False}, 'simul_type': None}
2022-07-11 09:51:24 | INFO | fairseq.tasks.denoising | dictionary: 39984 types
2022-07-11 09:51:29 | INFO | fairseq_cli.train | BARTModel(
  (encoder): TransformerEncoderBase(
    (dropout_module): FairseqDropout()
    (embed_tokens): Embedding(39985, 768, padding_idx=1)
    (embed_positions): LearnedPositionalEmbedding(1026, 768, padding_idx=1)
    (layernorm_embedding): LayerNorm((768,), eps=1e-05, elementwise_affine=True)
    (layers): ModuleList(
      (0): TransformerEncoderLayerBase(
        (self_attn): MultiheadAttention(
          (dropout_module): FairseqDropout()
          (k_proj): Linear(in_features=768, out_features=768, bias=True)
          (v_proj): Linear(in_features=768, out_features=768, bias=True)
          (q_proj): Linear(in_features=768, out_features=768, bias=True)
          (out_proj): Linear(in_features=768, out_features=768, bias=True)
        )
        (self_attn_layer_norm): LayerNorm((768,), eps=1e-05, elementwise_affine=True)
        (dropout_module): FairseqDropout()
        (activation_dropout_module): FairseqDropout()
        (fc1): Linear(in_features=768, out_features=3072, bias=True)
        (fc2): Linear(in_features=3072, out_features=768, bias=True)
        (final_layer_norm): LayerNorm((768,), eps=1e-05, elementwise_affine=True)
      )
      (1): TransformerEncoderLayerBase(
        (self_attn): MultiheadAttention(
          (dropout_module): FairseqDropout()
          (k_proj): Linear(in_features=768, out_features=768, bias=True)
          (v_proj): Linear(in_features=768, out_features=768, bias=True)
          (q_proj): Linear(in_features=768, out_features=768, bias=True)
          (out_proj): Linear(in_features=768, out_features=768, bias=True)
        )
        (self_attn_layer_norm): LayerNorm((768,), eps=1e-05, elementwise_affine=True)
        (dropout_module): FairseqDropout()
        (activation_dropout_module): FairseqDropout()
        (fc1): Linear(in_features=768, out_features=3072, bias=True)
        (fc2): Linear(in_features=3072, out_features=768, bias=True)
        (final_layer_norm): LayerNorm((768,), eps=1e-05, elementwise_affine=True)
      )
      (2): TransformerEncoderLayerBase(
        (self_attn): MultiheadAttention(
          (dropout_module): FairseqDropout()
          (k_proj): Linear(in_features=768, out_features=768, bias=True)
          (v_proj): Linear(in_features=768, out_features=768, bias=True)
          (q_proj): Linear(in_features=768, out_features=768, bias=True)
          (out_proj): Linear(in_features=768, out_features=768, bias=True)
        )
        (self_attn_layer_norm): LayerNorm((768,), eps=1e-05, elementwise_affine=True)
        (dropout_module): FairseqDropout()
        (activation_dropout_module): FairseqDropout()
        (fc1): Linear(in_features=768, out_features=3072, bias=True)
        (fc2): Linear(in_features=3072, out_features=768, bias=True)
        (final_layer_norm): LayerNorm((768,), eps=1e-05, elementwise_affine=True)
      )
      (3): TransformerEncoderLayerBase(
        (self_attn): MultiheadAttention(
          (dropout_module): FairseqDropout()
          (k_proj): Linear(in_features=768, out_features=768, bias=True)
          (v_proj): Linear(in_features=768, out_features=768, bias=True)
          (q_proj): Linear(in_features=768, out_features=768, bias=True)
          (out_proj): Linear(in_features=768, out_features=768, bias=True)
        )
        (self_attn_layer_norm): LayerNorm((768,), eps=1e-05, elementwise_affine=True)
        (dropout_module): FairseqDropout()
        (activation_dropout_module): FairseqDropout()
        (fc1): Linear(in_features=768, out_features=3072, bias=True)
        (fc2): Linear(in_features=3072, out_features=768, bias=True)
        (final_layer_norm): LayerNorm((768,), eps=1e-05, elementwise_affine=True)
      )
      (4): TransformerEncoderLayerBase(
        (self_attn): MultiheadAttention(
          (dropout_module): FairseqDropout()
          (k_proj): Linear(in_features=768, out_features=768, bias=True)
          (v_proj): Linear(in_features=768, out_features=768, bias=True)
          (q_proj): Linear(in_features=768, out_features=768, bias=True)
          (out_proj): Linear(in_features=768, out_features=768, bias=True)
        )
        (self_attn_layer_norm): LayerNorm((768,), eps=1e-05, elementwise_affine=True)
        (dropout_module): FairseqDropout()
        (activation_dropout_module): FairseqDropout()
        (fc1): Linear(in_features=768, out_features=3072, bias=True)
        (fc2): Linear(in_features=3072, out_features=768, bias=True)
        (final_layer_norm): LayerNorm((768,), eps=1e-05, elementwise_affine=True)
      )
      (5): TransformerEncoderLayerBase(
        (self_attn): MultiheadAttention(
          (dropout_module): FairseqDropout()
          (k_proj): Linear(in_features=768, out_features=768, bias=True)
          (v_proj): Linear(in_features=768, out_features=768, bias=True)
          (q_proj): Linear(in_features=768, out_features=768, bias=True)
          (out_proj): Linear(in_features=768, out_features=768, bias=True)
        )
        (self_attn_layer_norm): LayerNorm((768,), eps=1e-05, elementwise_affine=True)
        (dropout_module): FairseqDropout()
        (activation_dropout_module): FairseqDropout()
        (fc1): Linear(in_features=768, out_features=3072, bias=True)
        (fc2): Linear(in_features=3072, out_features=768, bias=True)
        (final_layer_norm): LayerNorm((768,), eps=1e-05, elementwise_affine=True)
      )
    )
  )
  (decoder): TransformerDecoderBase(
    (dropout_module): FairseqDropout()
    (embed_tokens): Embedding(39985, 768, padding_idx=1)
    (embed_positions): LearnedPositionalEmbedding(1026, 768, padding_idx=1)
    (layernorm_embedding): LayerNorm((768,), eps=1e-05, elementwise_affine=True)
    (layers): ModuleList(
      (0): TransformerDecoderLayerBase(
        (dropout_module): FairseqDropout()
        (self_attn): MultiheadAttention(
          (dropout_module): FairseqDropout()
          (k_proj): Linear(in_features=768, out_features=768, bias=True)
          (v_proj): Linear(in_features=768, out_features=768, bias=True)
          (q_proj): Linear(in_features=768, out_features=768, bias=True)
          (out_proj): Linear(in_features=768, out_features=768, bias=True)
        )
        (activation_dropout_module): FairseqDropout()
        (self_attn_layer_norm): LayerNorm((768,), eps=1e-05, elementwise_affine=True)
        (encoder_attn): MultiheadAttention(
          (dropout_module): FairseqDropout()
          (k_proj): Linear(in_features=768, out_features=768, bias=True)
          (v_proj): Linear(in_features=768, out_features=768, bias=True)
          (q_proj): Linear(in_features=768, out_features=768, bias=True)
          (out_proj): Linear(in_features=768, out_features=768, bias=True)
        )
        (encoder_attn_layer_norm): LayerNorm((768,), eps=1e-05, elementwise_affine=True)
        (fc1): Linear(in_features=768, out_features=3072, bias=True)
        (fc2): Linear(in_features=3072, out_features=768, bias=True)
        (final_layer_norm): LayerNorm((768,), eps=1e-05, elementwise_affine=True)
      )
      (1): TransformerDecoderLayerBase(
        (dropout_module): FairseqDropout()
        (self_attn): MultiheadAttention(
          (dropout_module): FairseqDropout()
          (k_proj): Linear(in_features=768, out_features=768, bias=True)
          (v_proj): Linear(in_features=768, out_features=768, bias=True)
          (q_proj): Linear(in_features=768, out_features=768, bias=True)
          (out_proj): Linear(in_features=768, out_features=768, bias=True)
        )
        (activation_dropout_module): FairseqDropout()
        (self_attn_layer_norm): LayerNorm((768,), eps=1e-05, elementwise_affine=True)
        (encoder_attn): MultiheadAttention(
          (dropout_module): FairseqDropout()
          (k_proj): Linear(in_features=768, out_features=768, bias=True)
          (v_proj): Linear(in_features=768, out_features=768, bias=True)
          (q_proj): Linear(in_features=768, out_features=768, bias=True)
          (out_proj): Linear(in_features=768, out_features=768, bias=True)
        )
        (encoder_attn_layer_norm): LayerNorm((768,), eps=1e-05, elementwise_affine=True)
        (fc1): Linear(in_features=768, out_features=3072, bias=True)
        (fc2): Linear(in_features=3072, out_features=768, bias=True)
        (final_layer_norm): LayerNorm((768,), eps=1e-05, elementwise_affine=True)
      )
      (2): TransformerDecoderLayerBase(
        (dropout_module): FairseqDropout()
        (self_attn): MultiheadAttention(
          (dropout_module): FairseqDropout()
          (k_proj): Linear(in_features=768, out_features=768, bias=True)
          (v_proj): Linear(in_features=768, out_features=768, bias=True)
          (q_proj): Linear(in_features=768, out_features=768, bias=True)
          (out_proj): Linear(in_features=768, out_features=768, bias=True)
        )
        (activation_dropout_module): FairseqDropout()
        (self_attn_layer_norm): LayerNorm((768,), eps=1e-05, elementwise_affine=True)
        (encoder_attn): MultiheadAttention(
          (dropout_module): FairseqDropout()
          (k_proj): Linear(in_features=768, out_features=768, bias=True)
          (v_proj): Linear(in_features=768, out_features=768, bias=True)
          (q_proj): Linear(in_features=768, out_features=768, bias=True)
          (out_proj): Linear(in_features=768, out_features=768, bias=True)
        )
        (encoder_attn_layer_norm): LayerNorm((768,), eps=1e-05, elementwise_affine=True)
        (fc1): Linear(in_features=768, out_features=3072, bias=True)
        (fc2): Linear(in_features=3072, out_features=768, bias=True)
        (final_layer_norm): LayerNorm((768,), eps=1e-05, elementwise_affine=True)
      )
      (3): TransformerDecoderLayerBase(
        (dropout_module): FairseqDropout()
        (self_attn): MultiheadAttention(
          (dropout_module): FairseqDropout()
          (k_proj): Linear(in_features=768, out_features=768, bias=True)
          (v_proj): Linear(in_features=768, out_features=768, bias=True)
          (q_proj): Linear(in_features=768, out_features=768, bias=True)
          (out_proj): Linear(in_features=768, out_features=768, bias=True)
        )
        (activation_dropout_module): FairseqDropout()
        (self_attn_layer_norm): LayerNorm((768,), eps=1e-05, elementwise_affine=True)
        (encoder_attn): MultiheadAttention(
          (dropout_module): FairseqDropout()
          (k_proj): Linear(in_features=768, out_features=768, bias=True)
          (v_proj): Linear(in_features=768, out_features=768, bias=True)
          (q_proj): Linear(in_features=768, out_features=768, bias=True)
          (out_proj): Linear(in_features=768, out_features=768, bias=True)
        )
        (encoder_attn_layer_norm): LayerNorm((768,), eps=1e-05, elementwise_affine=True)
        (fc1): Linear(in_features=768, out_features=3072, bias=True)
        (fc2): Linear(in_features=3072, out_features=768, bias=True)
        (final_layer_norm): LayerNorm((768,), eps=1e-05, elementwise_affine=True)
      )
      (4): TransformerDecoderLayerBase(
        (dropout_module): FairseqDropout()
        (self_attn): MultiheadAttention(
          (dropout_module): FairseqDropout()
          (k_proj): Linear(in_features=768, out_features=768, bias=True)
          (v_proj): Linear(in_features=768, out_features=768, bias=True)
          (q_proj): Linear(in_features=768, out_features=768, bias=True)
          (out_proj): Linear(in_features=768, out_features=768, bias=True)
        )
        (activation_dropout_module): FairseqDropout()
        (self_attn_layer_norm): LayerNorm((768,), eps=1e-05, elementwise_affine=True)
        (encoder_attn): MultiheadAttention(
          (dropout_module): FairseqDropout()
          (k_proj): Linear(in_features=768, out_features=768, bias=True)
          (v_proj): Linear(in_features=768, out_features=768, bias=True)
          (q_proj): Linear(in_features=768, out_features=768, bias=True)
          (out_proj): Linear(in_features=768, out_features=768, bias=True)
        )
        (encoder_attn_layer_norm): LayerNorm((768,), eps=1e-05, elementwise_affine=True)
        (fc1): Linear(in_features=768, out_features=3072, bias=True)
        (fc2): Linear(in_features=3072, out_features=768, bias=True)
        (final_layer_norm): LayerNorm((768,), eps=1e-05, elementwise_affine=True)
      )
      (5): TransformerDecoderLayerBase(
        (dropout_module): FairseqDropout()
        (self_attn): MultiheadAttention(
          (dropout_module): FairseqDropout()
          (k_proj): Linear(in_features=768, out_features=768, bias=True)
          (v_proj): Linear(in_features=768, out_features=768, bias=True)
          (q_proj): Linear(in_features=768, out_features=768, bias=True)
          (out_proj): Linear(in_features=768, out_features=768, bias=True)
        )
        (activation_dropout_module): FairseqDropout()
        (self_attn_layer_norm): LayerNorm((768,), eps=1e-05, elementwise_affine=True)
        (encoder_attn): MultiheadAttention(
          (dropout_module): FairseqDropout()
          (k_proj): Linear(in_features=768, out_features=768, bias=True)
          (v_proj): Linear(in_features=768, out_features=768, bias=True)
          (q_proj): Linear(in_features=768, out_features=768, bias=True)
          (out_proj): Linear(in_features=768, out_features=768, bias=True)
        )
        (encoder_attn_layer_norm): LayerNorm((768,), eps=1e-05, elementwise_affine=True)
        (fc1): Linear(in_features=768, out_features=3072, bias=True)
        (fc2): Linear(in_features=3072, out_features=768, bias=True)
        (final_layer_norm): LayerNorm((768,), eps=1e-05, elementwise_affine=True)
      )
    )
    (output_projection): Linear(in_features=768, out_features=39985, bias=False)
  )
  (classification_heads): ModuleDict()
)
2022-07-11 09:51:29 | INFO | fairseq_cli.train | task: DenoisingTask
2022-07-11 09:51:29 | INFO | fairseq_cli.train | model: BARTModel
2022-07-11 09:51:29 | INFO | fairseq_cli.train | criterion: CrossEntropyCriterion
2022-07-11 09:51:29 | INFO | fairseq_cli.train | num. shared model params: 131,525,376 (num. trained: 131,525,376)
2022-07-11 09:51:29 | INFO | fairseq_cli.train | num. expert model params: 0 (num. trained: 0)
2022-07-11 09:51:29 | INFO | fairseq.data.data_utils | loaded 10,000 examples from: /home/dahmanir/lisa/Datasets/10_percent/valid
2022-07-11 09:51:29 | INFO | fairseq.tasks.denoising | loaded 1445 blocks from: /home/dahmanir/lisa/Datasets/10_percent/valid
2022-07-11 09:51:29 | INFO | fairseq.tasks.denoising | Split: valid, Loaded 1445 samples of denoising_dataset
2022-07-11 09:51:32 | INFO | torch.distributed.distributed_c10d | Added key: store_based_barrier_key:2 to store for rank: 0
2022-07-11 09:51:32 | INFO | torch.distributed.distributed_c10d | Rank 0: Completed store-based barrier for key:store_based_barrier_key:2 with 2 nodes.
2022-07-11 09:51:32 | INFO | fairseq.trainer | detected shared parameter: encoder.embed_tokens.weight <- decoder.embed_tokens.weight
2022-07-11 09:51:32 | INFO | fairseq.trainer | detected shared parameter: encoder.embed_tokens.weight <- decoder.output_projection.weight
2022-07-11 09:51:32 | INFO | fairseq.utils | ***********************CUDA enviroments for all 2 workers***********************
2022-07-11 09:51:32 | INFO | fairseq.utils | rank   0: capabilities =  6.1  ; total memory = 10.917 GB ; name = NVIDIA GeForce GTX 1080 Ti              
2022-07-11 09:51:32 | INFO | fairseq.utils | rank   1: capabilities =  6.1  ; total memory = 10.917 GB ; name = NVIDIA GeForce GTX 1080 Ti              
2022-07-11 09:51:32 | INFO | fairseq.utils | ***********************CUDA enviroments for all 2 workers***********************
2022-07-11 09:51:32 | INFO | fairseq_cli.train | training on 2 devices (GPUs/TPUs)
2022-07-11 09:51:32 | INFO | fairseq_cli.train | max tokens per device = 3200 and max sentences per device = None
2022-07-11 09:51:32 | INFO | fairseq.trainer | Preparing to load checkpoint /home/dahmanir/lisa/Models/BART_10.pt
2022-07-11 09:51:40 | INFO | fairseq.trainer | NOTE: your device does NOT support faster training with --fp16 or --amp, please switch to FP32 which is likely to be faster
2022-07-11 09:51:40 | INFO | fairseq.trainer | Loaded checkpoint /home/dahmanir/lisa/Models/BART_10.pt (epoch 22 @ 0 updates)
2022-07-11 09:51:40 | INFO | fairseq.trainer | loading train data for epoch 1
2022-07-11 09:51:41 | INFO | fairseq.data.data_utils | loaded 12,554,555 examples from: /home/dahmanir/lisa/Datasets/10_percent/train
2022-07-11 09:51:42 | INFO | fairseq.tasks.denoising | loaded 1788013 blocks from: /home/dahmanir/lisa/Datasets/10_percent/train
2022-07-11 09:51:42 | INFO | fairseq.tasks.denoising | Split: train, Loaded 1788013 samples of denoising_dataset
2022-07-11 09:51:59 | INFO | fairseq.data.iterators | grouped total_num_itrs = 4377
wandb: Currently logged in as: redredouane. Use `wandb login --relogin` to force relogin
wandb: wandb version 0.12.21 is available!  To upgrade, please run:
wandb:  $ pip install wandb --upgrade
wandb: Tracking run with wandb version 0.12.19
wandb: Run data is saved locally in /home/dahmanir/wandb/run-20220711_095204-2sum1oul
wandb: Run `wandb offline` to turn off syncing.
wandb: Syncing run BART_10_finetune
wandb:  View project at https://wandb.ai/redredouane/BART
wandb:  View run at https://wandb.ai/redredouane/BART/runs/2sum1oul
2022-07-11 09:52:09 | INFO | fairseq.trainer | begin training epoch 1
2022-07-11 09:52:09 | INFO | fairseq_cli.train | Start iterating over samples
2022-07-11 09:52:36 | INFO | fairseq.trainer | NOTE: gradient overflow detected, ignoring gradient, setting loss scale to: 64.0
2022-07-11 09:52:36 | INFO | root | Reducer buckets have been rebuilt in this iteration.
2022-07-11 09:53:01 | INFO | fairseq.trainer | NOTE: gradient overflow detected, ignoring gradient, setting loss scale to: 32.0
2022-07-11 09:53:26 | INFO | fairseq.trainer | NOTE: gradient overflow detected, ignoring gradient, setting loss scale to: 16.0
2022-07-11 09:53:51 | INFO | fairseq.trainer | NOTE: gradient overflow detected, ignoring gradient, setting loss scale to: 8.0
2022-07-11 10:04:24 | INFO | fairseq.trainer | NOTE: gradient overflow detected, ignoring gradient, setting loss scale to: 4.0
2022-07-11 10:40:26 | INFO | train_inner | {"epoch": 1, "update": 0.047, "loss": "1.422", "ppl": "2.68", "wps": "13310.7", "ups": "0.07", "wpb": "185317", "bsz": "408.8", "num_updates": "200", "lr": "4e-06", "gnorm": "0.204", "clip": "100", "loss_scale": "4", "train_wall": "2796", "gb_free": "4.4", "wall": "2934"}
2022-07-11 11:20:09 | INFO | fairseq.trainer | NOTE: gradient overflow detected, ignoring gradient, setting loss scale to: 4.0
2022-07-11 11:26:51 | INFO | train_inner | {"epoch": 1, "update": 0.093, "loss": "1.401", "ppl": "2.64", "wps": "13307.8", "ups": "0.07", "wpb": "185275", "bsz": "408.5", "num_updates": "400", "lr": "8e-06", "gnorm": "0.195", "clip": "100", "loss_scale": "4", "train_wall": "2691", "gb_free": "4.4", "wall": "5719"}
2022-07-11 12:13:02 | INFO | train_inner | {"epoch": 1, "update": 0.138, "loss": "1.381", "ppl": "2.6", "wps": "13374.6", "ups": "0.07", "wpb": "185279", "bsz": "409.2", "num_updates": "600", "lr": "9.998e-06", "gnorm": "0.195", "clip": "100", "loss_scale": "4", "train_wall": "2677", "gb_free": "4.4", "wall": "8490"}
2022-07-11 12:59:14 | INFO | train_inner | {"epoch": 1, "update": 0.184, "loss": "1.366", "ppl": "2.58", "wps": "13374.4", "ups": "0.07", "wpb": "185377", "bsz": "408.2", "num_updates": "800", "lr": "9.99399e-06", "gnorm": "0.193", "clip": "100", "loss_scale": "8", "train_wall": "2679", "gb_free": "4.4", "wall": "11262"}
2022-07-11 13:19:59 | INFO | fairseq.trainer | NOTE: gradient overflow detected, ignoring gradient, setting loss scale to: 8.0
2022-07-11 13:45:37 | INFO | train_inner | {"epoch": 1, "update": 0.23, "loss": "1.356", "ppl": "2.56", "wps": "13305.8", "ups": "0.07", "wpb": "185139", "bsz": "408.1", "num_updates": "1000", "lr": "9.98999e-06", "gnorm": "0.191", "clip": "100", "loss_scale": "8", "train_wall": "2689", "gb_free": "4.4", "wall": "14045"}
2022-07-11 13:47:55 | INFO | fairseq.trainer | NOTE: gradient overflow detected, ignoring gradient, setting loss scale to: 4.0
2022-07-11 14:32:01 | INFO | train_inner | {"epoch": 1, "update": 0.276, "loss": "1.347", "ppl": "2.54", "wps": "13305.9", "ups": "0.07", "wpb": "185215", "bsz": "407.8", "num_updates": "1200", "lr": "9.98599e-06", "gnorm": "0.19", "clip": "100", "loss_scale": "4", "train_wall": "2690", "gb_free": "4.4", "wall": "16828"}
2022-07-11 14:56:58 | INFO | fairseq.trainer | NOTE: gradient overflow detected, ignoring gradient, setting loss scale to: 4.0
2022-07-11 15:18:26 | INFO | train_inner | {"epoch": 1, "update": 0.322, "loss": "1.34", "ppl": "2.53", "wps": "13305.2", "ups": "0.07", "wpb": "185282", "bsz": "408.4", "num_updates": "1400", "lr": "9.98198e-06", "gnorm": "0.19", "clip": "100", "loss_scale": "4", "train_wall": "2691", "gb_free": "4.4", "wall": "19614"}
2022-07-11 15:58:49 | INFO | fairseq.trainer | NOTE: gradient overflow detected, ignoring gradient, setting loss scale to: 4.0
2022-07-11 16:04:49 | INFO | train_inner | {"epoch": 1, "update": 0.368, "loss": "1.333", "ppl": "2.52", "wps": "13316.4", "ups": "0.07", "wpb": "185300", "bsz": "409.3", "num_updates": "1600", "lr": "9.97798e-06", "gnorm": "0.188", "clip": "100", "loss_scale": "4", "train_wall": "2690", "gb_free": "4.4", "wall": "22397"}
2022-07-11 16:12:12 | INFO | fairseq.trainer | NOTE: gradient overflow detected, ignoring gradient, setting loss scale to: 2.0
2022-07-11 16:51:13 | INFO | train_inner | {"epoch": 1, "update": 0.414, "loss": "1.33", "ppl": "2.51", "wps": "13305.8", "ups": "0.07", "wpb": "185256", "bsz": "408", "num_updates": "1800", "lr": "9.97397e-06", "gnorm": "0.187", "clip": "100", "loss_scale": "2", "train_wall": "2691", "gb_free": "4.4", "wall": "25181"}
2022-07-11 17:37:23 | INFO | train_inner | {"epoch": 1, "update": 0.459, "loss": "1.324", "ppl": "2.5", "wps": "13381.5", "ups": "0.07", "wpb": "185329", "bsz": "408.1", "num_updates": "2000", "lr": "9.96997e-06", "gnorm": "0.187", "clip": "100", "loss_scale": "4", "train_wall": "2677", "gb_free": "4.4", "wall": "27951"}
2022-07-11 18:22:10 | INFO | fairseq.trainer | NOTE: gradient overflow detected, ignoring gradient, setting loss scale to: 4.0
2022-07-11 18:23:47 | INFO | train_inner | {"epoch": 1, "update": 0.505, "loss": "1.319", "ppl": "2.49", "wps": "13301.5", "ups": "0.07", "wpb": "185155", "bsz": "407.9", "num_updates": "2200", "lr": "9.96597e-06", "gnorm": "0.186", "clip": "100", "loss_scale": "4", "train_wall": "2690", "gb_free": "4.4", "wall": "30735"}
2022-07-11 18:37:09 | INFO | fairseq.trainer | NOTE: gradient overflow detected, ignoring gradient, setting loss scale to: 2.0
2022-07-11 19:10:08 | INFO | train_inner | {"epoch": 1, "update": 0.551, "loss": "1.316", "ppl": "2.49", "wps": "13322", "ups": "0.07", "wpb": "185202", "bsz": "408.7", "num_updates": "2400", "lr": "9.96196e-06", "gnorm": "0.186", "clip": "100", "loss_scale": "2", "train_wall": "2687", "gb_free": "4.4", "wall": "33516"}
2022-07-11 19:56:14 | INFO | train_inner | {"epoch": 1, "update": 0.597, "loss": "1.311", "ppl": "2.48", "wps": "13379.7", "ups": "0.07", "wpb": "185085", "bsz": "409.6", "num_updates": "2600", "lr": "9.95796e-06", "gnorm": "0.186", "clip": "100", "loss_scale": "4", "train_wall": "2673", "gb_free": "4.4", "wall": "36282"}
2022-07-11 20:42:23 | INFO | train_inner | {"epoch": 1, "update": 0.643, "loss": "1.305", "ppl": "2.47", "wps": "13378.9", "ups": "0.07", "wpb": "185243", "bsz": "408.2", "num_updates": "2800", "lr": "9.95395e-06", "gnorm": "0.187", "clip": "100", "loss_scale": "8", "train_wall": "2676", "gb_free": "4.4", "wall": "39051"}
2022-07-11 21:28:35 | INFO | train_inner | {"epoch": 1, "update": 0.688, "loss": "1.304", "ppl": "2.47", "wps": "13368.7", "ups": "0.07", "wpb": "185264", "bsz": "408.6", "num_updates": "3000", "lr": "9.94995e-06", "gnorm": "0.185", "clip": "100", "loss_scale": "8", "train_wall": "2678", "gb_free": "4.4", "wall": "41823"}
2022-07-11 21:35:31 | INFO | fairseq.trainer | NOTE: gradient overflow detected, ignoring gradient, setting loss scale to: 8.0
2022-07-11 22:14:59 | INFO | train_inner | {"epoch": 1, "update": 0.734, "loss": "1.303", "ppl": "2.47", "wps": "13298.8", "ups": "0.07", "wpb": "185112", "bsz": "408.4", "num_updates": "3200", "lr": "9.94595e-06", "gnorm": "0.185", "clip": "100", "loss_scale": "8", "train_wall": "2690", "gb_free": "4.4", "wall": "44607"}
2022-07-11 22:34:49 | INFO | fairseq.trainer | NOTE: gradient overflow detected, ignoring gradient, setting loss scale to: 8.0
2022-07-11 23:01:22 | INFO | train_inner | {"epoch": 1, "update": 0.78, "loss": "1.299", "ppl": "2.46", "wps": "13309.5", "ups": "0.07", "wpb": "185186", "bsz": "408.9", "num_updates": "3400", "lr": "9.94194e-06", "gnorm": "0.185", "clip": "100", "loss_scale": "8", "train_wall": "2689", "gb_free": "4.4", "wall": "47390"}
2022-07-11 23:34:35 | INFO | fairseq.trainer | NOTE: gradient overflow detected, ignoring gradient, setting loss scale to: 8.0
2022-07-11 23:47:44 | INFO | train_inner | {"epoch": 1, "update": 0.826, "loss": "1.296", "ppl": "2.45", "wps": "13299.2", "ups": "0.07", "wpb": "185044", "bsz": "408.4", "num_updates": "3600", "lr": "9.93794e-06", "gnorm": "0.185", "clip": "100", "loss_scale": "8", "train_wall": "2689", "gb_free": "4.4", "wall": "50172"}
2022-07-12 00:33:59 | INFO | train_inner | {"epoch": 1, "update": 0.872, "loss": "1.293", "ppl": "2.45", "wps": "13361", "ups": "0.07", "wpb": "185319", "bsz": "407.9", "num_updates": "3800", "lr": "9.93393e-06", "gnorm": "0.184", "clip": "100", "loss_scale": "16", "train_wall": "2681", "gb_free": "4.4", "wall": "52947"}
2022-07-12 00:36:17 | INFO | fairseq.trainer | NOTE: gradient overflow detected, ignoring gradient, setting loss scale to: 8.0
2022-07-12 01:02:11 | INFO | fairseq.trainer | NOTE: gradient overflow detected, ignoring gradient, setting loss scale to: 4.0
2022-07-12 01:20:37 | INFO | train_inner | {"epoch": 1, "update": 0.918, "loss": "1.29", "ppl": "2.45", "wps": "13238.6", "ups": "0.07", "wpb": "185215", "bsz": "408.7", "num_updates": "4000", "lr": "9.92993e-06", "gnorm": "0.183", "clip": "100", "loss_scale": "4", "train_wall": "2704", "gb_free": "4.4", "wall": "55745"}
2022-07-12 02:06:47 | INFO | train_inner | {"epoch": 1, "update": 0.964, "loss": "1.287", "ppl": "2.44", "wps": "13368.9", "ups": "0.07", "wpb": "185183", "bsz": "408.6", "num_updates": "4200", "lr": "9.92593e-06", "gnorm": "0.184", "clip": "100", "loss_scale": "8", "train_wall": "2677", "gb_free": "4.4", "wall": "58515"}
2022-07-12 02:43:26 | INFO | fairseq_cli.train | begin validation on "valid" subset
2022-07-12 02:43:48 | INFO | valid | {"epoch": 1, "valid_loss": "1.259", "valid_ppl": "2.39", "valid_wps": "35814.1", "valid_wpb": "5748.7", "valid_bsz": "12.7", "valid_num_updates": "4359"}
2022-07-12 02:43:48 | INFO | fairseq.checkpoint_utils | Preparing to save checkpoint for epoch 1 @ 4359 updates
2022-07-12 02:43:48 | INFO | fairseq.trainer | Saving checkpoint to /home/dahmanir/BART_10_finetune/checkpoint1.pt
2022-07-12 02:43:53 | INFO | fairseq.trainer | Finished saving checkpoint to /home/dahmanir/BART_10_finetune/checkpoint1.pt
2022-07-12 02:43:53 | INFO | fairseq.checkpoint_utils | Saved checkpoint BART_10_finetune/checkpoint1.pt (epoch 1 @ 4359 updates, score 1.259) (writing took 5.355588590027764 seconds)
2022-07-12 02:43:53 | INFO | fairseq_cli.train | end of epoch 1 (average epoch stats below)
2022-07-12 02:43:53 | INFO | train | {"epoch": 1, "train_loss": "1.328", "train_ppl": "2.51", "train_wps": "13324.7", "train_ups": "0.07", "train_wpb": "185217", "train_bsz": "408.5", "train_num_updates": "4359", "train_lr": "9.92274e-06", "train_gnorm": "0.188", "train_clip": "100", "train_loss_scale": "8", "train_train_wall": "58630", "train_gb_free": "4.4", "train_wall": "60741"}
2022-07-12 02:43:53 | INFO | fairseq.data.iterators | grouped total_num_itrs = 4377
2022-07-12 02:43:54 | INFO | fairseq.trainer | begin training epoch 2
2022-07-12 02:43:54 | INFO | fairseq_cli.train | Start iterating over samples
2022-07-12 02:53:25 | INFO | train_inner | {"epoch": 2, "update": 1.009, "loss": "1.286", "ppl": "2.44", "wps": "13222.6", "ups": "0.07", "wpb": "184985", "bsz": "408.9", "num_updates": "4400", "lr": "9.92192e-06", "gnorm": "0.184", "clip": "100", "loss_scale": "8", "train_wall": "2672", "gb_free": "4.4", "wall": "61313"}
2022-07-12 03:01:58 | INFO | fairseq.trainer | NOTE: gradient overflow detected, ignoring gradient, setting loss scale to: 8.0
2022-07-12 03:39:47 | INFO | train_inner | {"epoch": 2, "update": 1.055, "loss": "1.283", "ppl": "2.43", "wps": "13310.3", "ups": "0.07", "wpb": "185142", "bsz": "408.7", "num_updates": "4600", "lr": "9.91792e-06", "gnorm": "0.183", "clip": "100", "loss_scale": "8", "train_wall": "2688", "gb_free": "4.4", "wall": "64095"}
2022-07-12 03:58:16 | INFO | fairseq.trainer | NOTE: gradient overflow detected, ignoring gradient, setting loss scale to: 4.0
2022-07-12 04:26:12 | INFO | train_inner | {"epoch": 2, "update": 1.101, "loss": "1.284", "ppl": "2.44", "wps": "13312.3", "ups": "0.07", "wpb": "185378", "bsz": "407.9", "num_updates": "4800", "lr": "9.91391e-06", "gnorm": "0.182", "clip": "100", "loss_scale": "4", "train_wall": "2692", "gb_free": "4.4", "wall": "66880"}
2022-07-12 05:12:21 | INFO | train_inner | {"epoch": 2, "update": 1.147, "loss": "1.279", "ppl": "2.43", "wps": "13373.9", "ups": "0.07", "wpb": "185173", "bsz": "407.9", "num_updates": "5000", "lr": "9.90991e-06", "gnorm": "0.182", "clip": "100", "loss_scale": "8", "train_wall": "2677", "gb_free": "4.5", "wall": "69649"}
2022-07-12 05:17:11 | INFO | fairseq.trainer | NOTE: gradient overflow detected, ignoring gradient, setting loss scale to: 4.0
2022-07-12 05:49:42 | INFO | fairseq.trainer | NOTE: gradient overflow detected, ignoring gradient, setting loss scale to: 2.0
2022-07-12 05:58:54 | INFO | train_inner | {"epoch": 2, "update": 1.193, "loss": "1.277", "ppl": "2.42", "wps": "13261.2", "ups": "0.07", "wpb": "185179", "bsz": "408.6", "num_updates": "5200", "lr": "9.90591e-06", "gnorm": "0.183", "clip": "100", "loss_scale": "2", "train_wall": "2700", "gb_free": "4.4", "wall": "72442"}
2022-07-12 06:45:04 | INFO | train_inner | {"epoch": 2, "update": 1.239, "loss": "1.277", "ppl": "2.42", "wps": "13372.7", "ups": "0.07", "wpb": "185204", "bsz": "407.5", "num_updates": "5400", "lr": "9.9019e-06", "gnorm": "0.182", "clip": "100", "loss_scale": "2", "train_wall": "2678", "gb_free": "4.4", "wall": "75212"}
2022-07-12 07:31:13 | INFO | train_inner | {"epoch": 2, "update": 1.284, "loss": "1.273", "ppl": "2.42", "wps": "13380.3", "ups": "0.07", "wpb": "185274", "bsz": "408.5", "num_updates": "5600", "lr": "9.8979e-06", "gnorm": "0.182", "clip": "100", "loss_scale": "4", "train_wall": "2678", "gb_free": "4.4", "wall": "77981"}
2022-07-12 08:17:21 | INFO | train_inner | {"epoch": 2, "update": 1.33, "loss": "1.273", "ppl": "2.42", "wps": "13384.8", "ups": "0.07", "wpb": "185224", "bsz": "408.3", "num_updates": "5800", "lr": "9.89389e-06", "gnorm": "0.182", "clip": "100", "loss_scale": "8", "train_wall": "2675", "gb_free": "4.4", "wall": "80749"}
2022-07-12 08:21:29 | INFO | fairseq.trainer | NOTE: gradient overflow detected, ignoring gradient, setting loss scale to: 4.0
2022-07-12 09:03:41 | INFO | train_inner | {"epoch": 2, "update": 1.376, "loss": "1.27", "ppl": "2.41", "wps": "13319.3", "ups": "0.07", "wpb": "185112", "bsz": "409.5", "num_updates": "6000", "lr": "9.88989e-06", "gnorm": "0.182", "clip": "100", "loss_scale": "4", "train_wall": "2687", "gb_free": "4.4", "wall": "83529"}
2022-07-12 09:49:48 | INFO | train_inner | {"epoch": 2, "update": 1.422, "loss": "1.27", "ppl": "2.41", "wps": "13381.1", "ups": "0.07", "wpb": "185175", "bsz": "408.4", "num_updates": "6200", "lr": "9.88589e-06", "gnorm": "0.182", "clip": "100", "loss_scale": "8", "train_wall": "2675", "gb_free": "4.4", "wall": "86296"}
2022-07-12 10:20:15 | INFO | fairseq.trainer | NOTE: gradient overflow detected, ignoring gradient, setting loss scale to: 8.0
2022-07-12 10:36:09 | INFO | train_inner | {"epoch": 2, "update": 1.468, "loss": "1.27", "ppl": "2.41", "wps": "13322.5", "ups": "0.07", "wpb": "185209", "bsz": "408.8", "num_updates": "6400", "lr": "9.88188e-06", "gnorm": "0.181", "clip": "100", "loss_scale": "8", "train_wall": "2688", "gb_free": "4.4", "wall": "89077"}
2022-07-12 11:21:38 | INFO | fairseq.trainer | NOTE: gradient overflow detected, ignoring gradient, setting loss scale to: 8.0
2022-07-12 11:22:34 | INFO | train_inner | {"epoch": 2, "update": 1.514, "loss": "1.266", "ppl": "2.41", "wps": "13314.2", "ups": "0.07", "wpb": "185433", "bsz": "408.3", "num_updates": "6600", "lr": "9.87788e-06", "gnorm": "0.181", "clip": "100", "loss_scale": "8", "train_wall": "2692", "gb_free": "4.4", "wall": "91862"}
2022-07-12 11:47:01 | INFO | fairseq.trainer | NOTE: gradient overflow detected, ignoring gradient, setting loss scale to: 4.0
2022-07-12 12:08:12 | INFO | fairseq.trainer | NOTE: gradient overflow detected, ignoring gradient, setting loss scale to: 2.0
2022-07-12 12:09:07 | INFO | train_inner | {"epoch": 2, "update": 1.56, "loss": "1.265", "ppl": "2.4", "wps": "13257.8", "ups": "0.07", "wpb": "185136", "bsz": "408.5", "num_updates": "6800", "lr": "9.87387e-06", "gnorm": "0.183", "clip": "100", "loss_scale": "2", "train_wall": "2700", "gb_free": "4.4", "wall": "94655"}
2022-07-12 12:55:16 | INFO | train_inner | {"epoch": 2, "update": 1.605, "loss": "1.264", "ppl": "2.4", "wps": "13383.6", "ups": "0.07", "wpb": "185293", "bsz": "408.7", "num_updates": "7000", "lr": "9.86987e-06", "gnorm": "0.181", "clip": "100", "loss_scale": "2", "train_wall": "2677", "gb_free": "4.4", "wall": "97424"}
2022-07-12 13:41:21 | INFO | train_inner | {"epoch": 2, "update": 1.651, "loss": "1.265", "ppl": "2.4", "wps": "13399.1", "ups": "0.07", "wpb": "185211", "bsz": "409", "num_updates": "7200", "lr": "9.86587e-06", "gnorm": "0.181", "clip": "100", "loss_scale": "4", "train_wall": "2673", "gb_free": "4.4", "wall": "100188"}
2022-07-12 14:27:29 | INFO | train_inner | {"epoch": 2, "update": 1.697, "loss": "1.261", "ppl": "2.4", "wps": "13387.4", "ups": "0.07", "wpb": "185333", "bsz": "408.9", "num_updates": "7400", "lr": "9.86186e-06", "gnorm": "0.18", "clip": "100", "loss_scale": "8", "train_wall": "2677", "gb_free": "4.4", "wall": "102957"}
2022-07-12 15:06:02 | INFO | fairseq.trainer | NOTE: gradient overflow detected, ignoring gradient, setting loss scale to: 8.0
2022-07-12 15:13:54 | INFO | train_inner | {"epoch": 2, "update": 1.743, "loss": "1.263", "ppl": "2.4", "wps": "13313.7", "ups": "0.07", "wpb": "185398", "bsz": "408.8", "num_updates": "7600", "lr": "9.85786e-06", "gnorm": "0.18", "clip": "100", "loss_scale": "8", "train_wall": "2693", "gb_free": "4.4", "wall": "105742"}
2022-07-12 16:00:05 | INFO | train_inner | {"epoch": 2, "update": 1.788, "loss": "1.259", "ppl": "2.39", "wps": "13372.5", "ups": "0.07", "wpb": "185257", "bsz": "407.7", "num_updates": "7800", "lr": "9.85385e-06", "gnorm": "0.179", "clip": "100", "loss_scale": "8", "train_wall": "2679", "gb_free": "4.4", "wall": "108513"}
2022-07-12 16:05:37 | INFO | fairseq.trainer | NOTE: gradient overflow detected, ignoring gradient, setting loss scale to: 8.0
2022-07-12 16:46:29 | INFO | train_inner | {"epoch": 2, "update": 1.834, "loss": "1.257", "ppl": "2.39", "wps": "13308", "ups": "0.07", "wpb": "185226", "bsz": "408.4", "num_updates": "8000", "lr": "9.84985e-06", "gnorm": "0.18", "clip": "100", "loss_scale": "8", "train_wall": "2691", "gb_free": "4.4", "wall": "111297"}
2022-07-12 17:06:04 | INFO | fairseq.trainer | NOTE: gradient overflow detected, ignoring gradient, setting loss scale to: 8.0
2022-07-12 17:32:50 | INFO | train_inner | {"epoch": 2, "update": 1.88, "loss": "1.256", "ppl": "2.39", "wps": "13310.6", "ups": "0.07", "wpb": "185102", "bsz": "409.4", "num_updates": "8200", "lr": "9.84585e-06", "gnorm": "0.18", "clip": "100", "loss_scale": "8", "train_wall": "2688", "gb_free": "4.4", "wall": "114078"}
2022-07-12 18:07:55 | INFO | fairseq.trainer | NOTE: gradient overflow detected, ignoring gradient, setting loss scale to: 8.0
2022-07-12 18:19:13 | INFO | train_inner | {"epoch": 2, "update": 1.926, "loss": "1.257", "ppl": "2.39", "wps": "13301.8", "ups": "0.07", "wpb": "185070", "bsz": "408.7", "num_updates": "8400", "lr": "9.84184e-06", "gnorm": "0.181", "clip": "100", "loss_scale": "8", "train_wall": "2690", "gb_free": "4.4", "wall": "116861"}
2022-07-12 19:05:23 | INFO | train_inner | {"epoch": 2, "update": 1.972, "loss": "1.254", "ppl": "2.38", "wps": "13370.1", "ups": "0.07", "wpb": "185229", "bsz": "408.7", "num_updates": "8600", "lr": "9.83784e-06", "gnorm": "0.18", "clip": "100", "loss_scale": "8", "train_wall": "2678", "gb_free": "4.4", "wall": "119631"}
2022-07-12 19:08:10 | INFO | fairseq.trainer | NOTE: gradient overflow detected, ignoring gradient, setting loss scale to: 8.0
2022-07-12 19:33:43 | INFO | fairseq_cli.train | begin validation on "valid" subset
2022-07-12 19:34:06 | INFO | valid | {"epoch": 2, "valid_loss": "1.227", "valid_ppl": "2.34", "valid_wps": "35824.9", "valid_wpb": "5748.7", "valid_bsz": "12.7", "valid_num_updates": "8722", "valid_best_loss": "1.227"}
2022-07-12 19:34:06 | INFO | fairseq.checkpoint_utils | Preparing to save checkpoint for epoch 2 @ 8722 updates
2022-07-12 19:34:06 | INFO | fairseq.trainer | Saving checkpoint to /home/dahmanir/BART_10_finetune/checkpoint2.pt
2022-07-12 19:34:12 | INFO | fairseq.trainer | Finished saving checkpoint to /home/dahmanir/BART_10_finetune/checkpoint2.pt
2022-07-12 19:34:12 | INFO | fairseq.checkpoint_utils | Saved checkpoint BART_10_finetune/checkpoint2.pt (epoch 2 @ 8722 updates, score 1.227) (writing took 5.34690760797821 seconds)
2022-07-12 19:34:12 | INFO | fairseq_cli.train | end of epoch 2 (average epoch stats below)
2022-07-12 19:34:12 | INFO | train | {"epoch": 2, "train_loss": "1.267", "train_ppl": "2.41", "train_wps": "13331", "train_ups": "0.07", "train_wpb": "185218", "train_bsz": "408.5", "train_num_updates": "8722", "train_lr": "9.8354e-06", "train_gnorm": "0.181", "train_clip": "100", "train_loss_scale": "8", "train_train_wall": "58569", "train_gb_free": "4.4", "train_wall": "121360"}
2022-07-12 19:34:12 | INFO | fairseq.data.iterators | grouped total_num_itrs = 4377
2022-07-12 19:34:12 | INFO | fairseq.trainer | begin training epoch 3
2022-07-12 19:34:12 | INFO | fairseq_cli.train | Start iterating over samples
2022-07-12 19:52:16 | INFO | train_inner | {"epoch": 3, "update": 2.018, "loss": "1.251", "ppl": "2.38", "wps": "13161.7", "ups": "0.07", "wpb": "185060", "bsz": "407.8", "num_updates": "8800", "lr": "9.83383e-06", "gnorm": "0.18", "clip": "100", "loss_scale": "8", "train_wall": "2686", "gb_free": "4.4", "wall": "122444"}
2022-07-12 20:08:12 | INFO | fairseq.trainer | NOTE: gradient overflow detected, ignoring gradient, setting loss scale to: 8.0
2022-07-12 20:38:39 | INFO | train_inner | {"epoch": 3, "update": 2.064, "loss": "1.251", "ppl": "2.38", "wps": "13306", "ups": "0.07", "wpb": "185203", "bsz": "407.7", "num_updates": "9000", "lr": "9.82983e-06", "gnorm": "0.179", "clip": "100", "loss_scale": "8", "train_wall": "2691", "gb_free": "4.4", "wall": "125227"}
2022-07-12 21:09:36 | INFO | fairseq.trainer | NOTE: gradient overflow detected, ignoring gradient, setting loss scale to: 8.0
2022-07-12 21:25:02 | INFO | train_inner | {"epoch": 3, "update": 2.11, "loss": "1.251", "ppl": "2.38", "wps": "13303.4", "ups": "0.07", "wpb": "185092", "bsz": "408.2", "num_updates": "9200", "lr": "9.82583e-06", "gnorm": "0.179", "clip": "100", "loss_scale": "8", "train_wall": "2690", "gb_free": "4.4", "wall": "128010"}
2022-07-12 22:09:44 | INFO | fairseq.trainer | NOTE: gradient overflow detected, ignoring gradient, setting loss scale to: 8.0
2022-07-12 22:11:21 | INFO | train_inner | {"epoch": 3, "update": 2.156, "loss": "1.25", "ppl": "2.38", "wps": "13317.5", "ups": "0.07", "wpb": "185064", "bsz": "408.2", "num_updates": "9400", "lr": "9.82182e-06", "gnorm": "0.179", "clip": "100", "loss_scale": "8", "train_wall": "2687", "gb_free": "4.4", "wall": "130789"}
2022-07-12 22:57:29 | INFO | train_inner | {"epoch": 3, "update": 2.201, "loss": "1.249", "ppl": "2.38", "wps": "13372.1", "ups": "0.07", "wpb": "185067", "bsz": "409", "num_updates": "9600", "lr": "9.81782e-06", "gnorm": "0.18", "clip": "100", "loss_scale": "8", "train_wall": "2675", "gb_free": "4.4", "wall": "133557"}
2022-07-12 23:09:02 | INFO | fairseq.trainer | NOTE: gradient overflow detected, ignoring gradient, setting loss scale to: 8.0
2022-07-12 23:43:55 | INFO | train_inner | {"epoch": 3, "update": 2.247, "loss": "1.247", "ppl": "2.37", "wps": "13298.4", "ups": "0.07", "wpb": "185268", "bsz": "408.5", "num_updates": "9800", "lr": "9.81381e-06", "gnorm": "0.179", "clip": "100", "loss_scale": "8", "train_wall": "2693", "gb_free": "4.4", "wall": "136343"}
2022-07-13 00:10:17 | INFO | fairseq.trainer | NOTE: gradient overflow detected, ignoring gradient, setting loss scale to: 8.0
2022-07-13 00:30:22 | INFO | train_inner | {"epoch": 3, "update": 2.293, "loss": "1.245", "ppl": "2.37", "wps": "13302.6", "ups": "0.07", "wpb": "185308", "bsz": "408.2", "num_updates": "10000", "lr": "9.80981e-06", "gnorm": "0.179", "clip": "100", "loss_scale": "8", "train_wall": "2693", "gb_free": "4.4", "wall": "139129"}
2022-07-13 01:09:39 | INFO | fairseq.trainer | NOTE: gradient overflow detected, ignoring gradient, setting loss scale to: 8.0
2022-07-13 01:16:48 | INFO | train_inner | {"epoch": 3, "update": 2.339, "loss": "1.245", "ppl": "2.37", "wps": "13307.3", "ups": "0.07", "wpb": "185420", "bsz": "409", "num_updates": "10200", "lr": "9.80581e-06", "gnorm": "0.179", "clip": "100", "loss_scale": "8", "train_wall": "2693", "gb_free": "4.4", "wall": "141916"}
2022-07-13 02:02:56 | INFO | train_inner | {"epoch": 3, "update": 2.385, "loss": "1.244", "ppl": "2.37", "wps": "13379.6", "ups": "0.07", "wpb": "185186", "bsz": "409", "num_updates": "10400", "lr": "9.8018e-06", "gnorm": "0.179", "clip": "100", "loss_scale": "8", "train_wall": "2676", "gb_free": "4.4", "wall": "144684"}
2022-07-13 02:10:33 | INFO | fairseq.trainer | NOTE: gradient overflow detected, ignoring gradient, setting loss scale to: 8.0
2022-07-13 02:40:05 | INFO | fairseq.trainer | NOTE: gradient overflow detected, ignoring gradient, setting loss scale to: 4.0
2022-07-13 02:49:32 | INFO | train_inner | {"epoch": 3, "update": 2.431, "loss": "1.244", "ppl": "2.37", "wps": "13249.7", "ups": "0.07", "wpb": "185171", "bsz": "408.2", "num_updates": "10600", "lr": "9.7978e-06", "gnorm": "0.18", "clip": "100", "loss_scale": "4", "train_wall": "2703", "gb_free": "4.4", "wall": "147480"}
2022-07-13 03:35:40 | INFO | train_inner | {"epoch": 3, "update": 2.477, "loss": "1.243", "ppl": "2.37", "wps": "13387.7", "ups": "0.07", "wpb": "185322", "bsz": "408.7", "num_updates": "10800", "lr": "9.79379e-06", "gnorm": "0.179", "clip": "100", "loss_scale": "4", "train_wall": "2678", "gb_free": "4.4", "wall": "150248"}
2022-07-13 04:21:50 | INFO | train_inner | {"epoch": 3, "update": 2.522, "loss": "1.243", "ppl": "2.37", "wps": "13373.9", "ups": "0.07", "wpb": "185226", "bsz": "408.3", "num_updates": "11000", "lr": "9.78979e-06", "gnorm": "0.179", "clip": "100", "loss_scale": "8", "train_wall": "2678", "gb_free": "4.4", "wall": "153018"}
2022-07-13 04:38:41 | INFO | fairseq.trainer | NOTE: gradient overflow detected, ignoring gradient, setting loss scale to: 8.0
2022-07-13 05:08:16 | INFO | train_inner | {"epoch": 3, "update": 2.568, "loss": "1.242", "ppl": "2.36", "wps": "13299.1", "ups": "0.07", "wpb": "185232", "bsz": "408.3", "num_updates": "11200", "lr": "9.78579e-06", "gnorm": "0.179", "clip": "100", "loss_scale": "8", "train_wall": "2693", "gb_free": "4.4", "wall": "155804"}
2022-07-13 05:38:15 | INFO | fairseq.trainer | NOTE: gradient overflow detected, ignoring gradient, setting loss scale to: 8.0
2022-07-13 05:54:37 | INFO | train_inner | {"epoch": 3, "update": 2.614, "loss": "1.238", "ppl": "2.36", "wps": "13319.3", "ups": "0.07", "wpb": "185236", "bsz": "408.9", "num_updates": "11400", "lr": "9.78178e-06", "gnorm": "0.178", "clip": "100", "loss_scale": "8", "train_wall": "2688", "gb_free": "4.4", "wall": "158585"}
2022-07-13 06:37:34 | INFO | fairseq.trainer | NOTE: gradient overflow detected, ignoring gradient, setting loss scale to: 8.0
2022-07-13 06:41:01 | INFO | train_inner | {"epoch": 3, "update": 2.66, "loss": "1.239", "ppl": "2.36", "wps": "13307.8", "ups": "0.07", "wpb": "185232", "bsz": "408.4", "num_updates": "11600", "lr": "9.77778e-06", "gnorm": "0.178", "clip": "100", "loss_scale": "8", "train_wall": "2691", "gb_free": "4.4", "wall": "161369"}
2022-07-13 07:27:08 | INFO | train_inner | {"epoch": 3, "update": 2.706, "loss": "1.237", "ppl": "2.36", "wps": "13374.7", "ups": "0.07", "wpb": "185012", "bsz": "408.1", "num_updates": "11800", "lr": "9.77377e-06", "gnorm": "0.178", "clip": "100", "loss_scale": "8", "train_wall": "2675", "gb_free": "4.4", "wall": "164136"}
2022-07-13 07:36:49 | INFO | fairseq.trainer | NOTE: gradient overflow detected, ignoring gradient, setting loss scale to: 8.0
2022-07-13 08:13:29 | INFO | train_inner | {"epoch": 3, "update": 2.752, "loss": "1.237", "ppl": "2.36", "wps": "13320.8", "ups": "0.07", "wpb": "185265", "bsz": "408.9", "num_updates": "12000", "lr": "9.76977e-06", "gnorm": "0.178", "clip": "100", "loss_scale": "8", "train_wall": "2689", "gb_free": "4.4", "wall": "166917"}
2022-07-13 08:36:36 | INFO | fairseq.trainer | NOTE: gradient overflow detected, ignoring gradient, setting loss scale to: 8.0
2022-07-13 08:59:56 | INFO | train_inner | {"epoch": 3, "update": 2.798, "loss": "1.237", "ppl": "2.36", "wps": "13294.2", "ups": "0.07", "wpb": "185214", "bsz": "408.6", "num_updates": "12200", "lr": "9.76577e-06", "gnorm": "0.178", "clip": "100", "loss_scale": "8", "train_wall": "2693", "gb_free": "4.4", "wall": "169704"}
2022-07-13 09:38:34 | INFO | fairseq.trainer | NOTE: gradient overflow detected, ignoring gradient, setting loss scale to: 8.0
2022-07-13 09:46:25 | INFO | train_inner | {"epoch": 3, "update": 2.844, "loss": "1.235", "ppl": "2.35", "wps": "13290.2", "ups": "0.07", "wpb": "185357", "bsz": "408.7", "num_updates": "12400", "lr": "9.76176e-06", "gnorm": "0.178", "clip": "100", "loss_scale": "8", "train_wall": "2696", "gb_free": "4.4", "wall": "172493"}
2022-07-13 10:32:33 | INFO | train_inner | {"epoch": 3, "update": 2.889, "loss": "1.235", "ppl": "2.35", "wps": "13387.3", "ups": "0.07", "wpb": "185283", "bsz": "408.4", "num_updates": "12600", "lr": "9.75776e-06", "gnorm": "0.178", "clip": "100", "loss_scale": "8", "train_wall": "2676", "gb_free": "4.3", "wall": "175261"}
2022-07-13 10:37:52 | INFO | fairseq.trainer | NOTE: gradient overflow detected, ignoring gradient, setting loss scale to: 8.0
2022-07-13 10:59:08 | INFO | fairseq.trainer | NOTE: gradient overflow detected, ignoring gradient, setting loss scale to: 4.0
2022-07-13 11:19:12 | INFO | train_inner | {"epoch": 3, "update": 2.935, "loss": "1.235", "ppl": "2.35", "wps": "13244.9", "ups": "0.07", "wpb": "185351", "bsz": "408.4", "num_updates": "12800", "lr": "9.75375e-06", "gnorm": "0.178", "clip": "100", "loss_scale": "4", "train_wall": "2706", "gb_free": "4.4", "wall": "178060"}
2022-07-13 12:05:19 | INFO | train_inner | {"epoch": 3, "update": 2.981, "loss": "1.234", "ppl": "2.35", "wps": "13385.8", "ups": "0.07", "wpb": "185199", "bsz": "408.5", "num_updates": "13000", "lr": "9.74975e-06", "gnorm": "0.178", "clip": "100", "loss_scale": "8", "train_wall": "2675", "gb_free": "4.4", "wall": "180827"}
2022-07-13 12:24:24 | INFO | fairseq_cli.train | begin validation on "valid" subset
2022-07-13 12:24:52 | INFO | valid | {"epoch": 3, "valid_loss": "1.211", "valid_ppl": "2.32", "valid_wps": "35863.6", "valid_wpb": "5748.7", "valid_bsz": "12.7", "valid_num_updates": "13083", "valid_best_loss": "1.211"}
2022-07-13 12:24:52 | INFO | fairseq.checkpoint_utils | Preparing to save checkpoint for epoch 3 @ 13083 updates
2022-07-13 12:24:52 | INFO | fairseq.trainer | Saving checkpoint to /home/dahmanir/BART_10_finetune/checkpoint3.pt
2022-07-13 12:24:58 | INFO | fairseq.trainer | Finished saving checkpoint to /home/dahmanir/BART_10_finetune/checkpoint3.pt
2022-07-13 12:24:58 | INFO | fairseq.checkpoint_utils | Saved checkpoint BART_10_finetune/checkpoint3.pt (epoch 3 @ 13083 updates, score 1.211) (writing took 5.378621331998147 seconds)
2022-07-13 12:24:58 | INFO | fairseq_cli.train | end of epoch 3 (average epoch stats below)
2022-07-13 12:24:58 | INFO | train | {"epoch": 3, "train_loss": "1.242", "train_ppl": "2.37", "train_wps": "13318.7", "train_ups": "0.07", "train_wpb": "185216", "train_bsz": "408.5", "train_num_updates": "13083", "train_lr": "9.74809e-06", "train_gnorm": "0.179", "train_clip": "100", "train_loss_scale": "8", "train_train_wall": "58592", "train_gb_free": "4.4", "train_wall": "182006"}
2022-07-13 12:24:58 | INFO | fairseq.data.iterators | grouped total_num_itrs = 4377
2022-07-13 12:24:58 | INFO | fairseq.trainer | begin training epoch 4
2022-07-13 12:24:58 | INFO | fairseq_cli.train | Start iterating over samples
2022-07-13 12:52:01 | INFO | train_inner | {"epoch": 4, "update": 3.027, "loss": "1.234", "ppl": "2.35", "wps": "13209.9", "ups": "0.07", "wpb": "185086", "bsz": "408.7", "num_updates": "13200", "lr": "9.74575e-06", "gnorm": "0.178", "clip": "100", "loss_scale": "8", "train_wall": "2673", "gb_free": "4.4", "wall": "183629"}
2022-07-13 12:58:15 | INFO | fairseq.trainer | NOTE: gradient overflow detected, ignoring gradient, setting loss scale to: 8.0
2022-07-13 13:38:25 | INFO | train_inner | {"epoch": 4, "update": 3.073, "loss": "1.233", "ppl": "2.35", "wps": "13315", "ups": "0.07", "wpb": "185310", "bsz": "408.8", "num_updates": "13400", "lr": "9.74174e-06", "gnorm": "0.178", "clip": "100", "loss_scale": "8", "train_wall": "2692", "gb_free": "4.4", "wall": "186413"}
2022-07-13 13:57:34 | INFO | fairseq.trainer | NOTE: gradient overflow detected, ignoring gradient, setting loss scale to: 8.0
2022-07-13 14:24:47 | INFO | train_inner | {"epoch": 4, "update": 3.119, "loss": "1.229", "ppl": "2.34", "wps": "13315.1", "ups": "0.07", "wpb": "185218", "bsz": "408.2", "num_updates": "13600", "lr": "9.73774e-06", "gnorm": "0.178", "clip": "100", "loss_scale": "8", "train_wall": "2691", "gb_free": "4.4", "wall": "189195"}
2022-07-13 14:56:50 | INFO | fairseq.trainer | NOTE: gradient overflow detected, ignoring gradient, setting loss scale to: 8.0
2022-07-13 15:11:09 | INFO | train_inner | {"epoch": 4, "update": 3.164, "loss": "1.23", "ppl": "2.35", "wps": "13314.1", "ups": "0.07", "wpb": "185188", "bsz": "408.9", "num_updates": "13800", "lr": "9.73373e-06", "gnorm": "0.178", "clip": "100", "loss_scale": "8", "train_wall": "2690", "gb_free": "4.4", "wall": "191977"}
2022-07-13 15:56:06 | INFO | fairseq.trainer | NOTE: gradient overflow detected, ignoring gradient, setting loss scale to: 8.0
2022-07-13 15:57:29 | INFO | train_inner | {"epoch": 4, "update": 3.21, "loss": "1.229", "ppl": "2.34", "wps": "13320.2", "ups": "0.07", "wpb": "185177", "bsz": "409.4", "num_updates": "14000", "lr": "9.72973e-06", "gnorm": "0.178", "clip": "100", "loss_scale": "8", "train_wall": "2689", "gb_free": "4.4", "wall": "194757"}
2022-07-13 16:42:41 | INFO | fairseq.trainer | NOTE: gradient overflow detected, ignoring gradient, setting loss scale to: 4.0
2022-07-13 16:43:50 | INFO | train_inner | {"epoch": 4, "update": 3.256, "loss": "1.23", "ppl": "2.34", "wps": "13330.9", "ups": "0.07", "wpb": "185373", "bsz": "408.7", "num_updates": "14200", "lr": "9.72573e-06", "gnorm": "0.178", "clip": "100", "loss_scale": "4", "train_wall": "2690", "gb_free": "4.4", "wall": "197538"}
2022-07-13 17:29:58 | INFO | train_inner | {"epoch": 4, "update": 3.302, "loss": "1.227", "ppl": "2.34", "wps": "13379.7", "ups": "0.07", "wpb": "185193", "bsz": "407.6", "num_updates": "14400", "lr": "9.72172e-06", "gnorm": "0.179", "clip": "100", "loss_scale": "4", "train_wall": "2678", "gb_free": "4.4", "wall": "200306"}
2022-07-13 18:16:06 | INFO | train_inner | {"epoch": 4, "update": 3.348, "loss": "1.226", "ppl": "2.34", "wps": "13388.2", "ups": "0.07", "wpb": "185287", "bsz": "409.1", "num_updates": "14600", "lr": "9.71772e-06", "gnorm": "0.177", "clip": "100", "loss_scale": "8", "train_wall": "2677", "gb_free": "4.4", "wall": "203074"}
2022-07-13 18:24:24 | INFO | fairseq.trainer | NOTE: gradient overflow detected, ignoring gradient, setting loss scale to: 4.0
2022-07-13 18:46:18 | INFO | fairseq.trainer | NOTE: gradient overflow detected, ignoring gradient, setting loss scale to: 2.0
2022-07-13 19:02:41 | INFO | train_inner | {"epoch": 4, "update": 3.394, "loss": "1.225", "ppl": "2.34", "wps": "13262.3", "ups": "0.07", "wpb": "185324", "bsz": "408.3", "num_updates": "14800", "lr": "9.71371e-06", "gnorm": "0.177", "clip": "100", "loss_scale": "2", "train_wall": "2704", "gb_free": "4.4", "wall": "205869"}
2022-07-13 19:48:46 | INFO | train_inner | {"epoch": 4, "update": 3.44, "loss": "1.226", "ppl": "2.34", "wps": "13399", "ups": "0.07", "wpb": "185214", "bsz": "408", "num_updates": "15000", "lr": "9.70971e-06", "gnorm": "0.177", "clip": "100", "loss_scale": "4", "train_wall": "2674", "gb_free": "4.4", "wall": "208634"}
2022-07-13 20:34:52 | INFO | train_inner | {"epoch": 4, "update": 3.485, "loss": "1.224", "ppl": "2.34", "wps": "13394.3", "ups": "0.07", "wpb": "185274", "bsz": "408.6", "num_updates": "15200", "lr": "9.70571e-06", "gnorm": "0.177", "clip": "100", "loss_scale": "4", "train_wall": "2676", "gb_free": "4.4", "wall": "211400"}
2022-07-13 20:48:00 | INFO | fairseq.trainer | NOTE: gradient overflow detected, ignoring gradient, setting loss scale to: 4.0
2022-07-13 21:21:11 | INFO | train_inner | {"epoch": 4, "update": 3.531, "loss": "1.224", "ppl": "2.34", "wps": "13331.3", "ups": "0.07", "wpb": "185215", "bsz": "408.9", "num_updates": "15400", "lr": "9.7017e-06", "gnorm": "0.178", "clip": "100", "loss_scale": "4", "train_wall": "2688", "gb_free": "4.4", "wall": "214179"}
2022-07-13 22:07:18 | INFO | train_inner | {"epoch": 4, "update": 3.577, "loss": "1.223", "ppl": "2.34", "wps": "13381.5", "ups": "0.07", "wpb": "185138", "bsz": "409.3", "num_updates": "15600", "lr": "9.6977e-06", "gnorm": "0.177", "clip": "100", "loss_scale": "8", "train_wall": "2676", "gb_free": "4.4", "wall": "216946"}
2022-07-13 22:42:39 | INFO | fairseq.trainer | NOTE: gradient overflow detected, ignoring gradient, setting loss scale to: 4.0
2022-07-13 22:53:43 | INFO | train_inner | {"epoch": 4, "update": 3.623, "loss": "1.226", "ppl": "2.34", "wps": "13312", "ups": "0.07", "wpb": "185373", "bsz": "408.4", "num_updates": "15800", "lr": "9.69369e-06", "gnorm": "0.177", "clip": "100", "loss_scale": "4", "train_wall": "2693", "gb_free": "4.4", "wall": "219731"}
2022-07-13 23:06:08 | INFO | fairseq.trainer | NOTE: gradient overflow detected, ignoring gradient, setting loss scale to: 2.0
2022-07-13 23:40:02 | INFO | train_inner | {"epoch": 4, "update": 3.669, "loss": "1.222", "ppl": "2.33", "wps": "13323.5", "ups": "0.07", "wpb": "185118", "bsz": "408.7", "num_updates": "16000", "lr": "9.68969e-06", "gnorm": "0.177", "clip": "100", "loss_scale": "2", "train_wall": "2687", "gb_free": "4.4", "wall": "222510"}
2022-07-14 00:26:09 | INFO | train_inner | {"epoch": 4, "update": 3.714, "loss": "1.221", "ppl": "2.33", "wps": "13382.6", "ups": "0.07", "wpb": "185184", "bsz": "408.4", "num_updates": "16200", "lr": "9.68569e-06", "gnorm": "0.177", "clip": "100", "loss_scale": "4", "train_wall": "2676", "gb_free": "4.4", "wall": "225277"}
2022-07-14 01:12:15 | INFO | train_inner | {"epoch": 4, "update": 3.76, "loss": "1.222", "ppl": "2.33", "wps": "13380.5", "ups": "0.07", "wpb": "185031", "bsz": "408.4", "num_updates": "16400", "lr": "9.68168e-06", "gnorm": "0.177", "clip": "100", "loss_scale": "8", "train_wall": "2674", "gb_free": "4.4", "wall": "228043"}
2022-07-14 01:52:23 | INFO | fairseq.trainer | NOTE: gradient overflow detected, ignoring gradient, setting loss scale to: 4.0
2022-07-14 01:58:38 | INFO | train_inner | {"epoch": 4, "update": 3.806, "loss": "1.219", "ppl": "2.33", "wps": "13311.5", "ups": "0.07", "wpb": "185236", "bsz": "408.9", "num_updates": "16600", "lr": "9.67768e-06", "gnorm": "0.177", "clip": "100", "loss_scale": "4", "train_wall": "2691", "gb_free": "4.4", "wall": "230826"}
2022-07-14 02:44:46 | INFO | train_inner | {"epoch": 4, "update": 3.852, "loss": "1.221", "ppl": "2.33", "wps": "13385.9", "ups": "0.07", "wpb": "185272", "bsz": "407.2", "num_updates": "16800", "lr": "9.67367e-06", "gnorm": "0.177", "clip": "100", "loss_scale": "4", "train_wall": "2677", "gb_free": "4.4", "wall": "233594"}
2022-07-14 02:57:12 | INFO | fairseq.trainer | NOTE: gradient overflow detected, ignoring gradient, setting loss scale to: 4.0
2022-07-14 03:31:02 | INFO | train_inner | {"epoch": 4, "update": 3.898, "loss": "1.219", "ppl": "2.33", "wps": "13331.1", "ups": "0.07", "wpb": "185025", "bsz": "408.6", "num_updates": "17000", "lr": "9.66967e-06", "gnorm": "0.177", "clip": "100", "loss_scale": "4", "train_wall": "2684", "gb_free": "4.4", "wall": "236370"}
2022-07-14 03:57:20 | INFO | fairseq.trainer | NOTE: gradient overflow detected, ignoring gradient, setting loss scale to: 4.0
2022-07-14 04:17:21 | INFO | train_inner | {"epoch": 4, "update": 3.944, "loss": "1.218", "ppl": "2.33", "wps": "13328", "ups": "0.07", "wpb": "185218", "bsz": "408.1", "num_updates": "17200", "lr": "9.66567e-06", "gnorm": "0.177", "clip": "100", "loss_scale": "4", "train_wall": "2688", "gb_free": "4.4", "wall": "239149"}
2022-07-14 05:03:31 | INFO | train_inner | {"epoch": 4, "update": 3.989, "loss": "1.217", "ppl": "2.32", "wps": "13385.1", "ups": "0.07", "wpb": "185369", "bsz": "408.4", "num_updates": "17400", "lr": "9.66166e-06", "gnorm": "0.178", "clip": "100", "loss_scale": "8", "train_wall": "2678", "gb_free": "4.4", "wall": "241919"}
2022-07-14 05:14:18 | INFO | fairseq_cli.train | begin validation on "valid" subset
2022-07-14 05:14:40 | INFO | valid | {"epoch": 4, "valid_loss": "1.192", "valid_ppl": "2.28", "valid_wps": "35801", "valid_wpb": "5748.7", "valid_bsz": "12.7", "valid_num_updates": "17447", "valid_best_loss": "1.192"}
2022-07-14 05:14:40 | INFO | fairseq.checkpoint_utils | Preparing to save checkpoint for epoch 4 @ 17447 updates
2022-07-14 05:14:40 | INFO | fairseq.trainer | Saving checkpoint to /home/dahmanir/BART_10_finetune/checkpoint4.pt
2022-07-14 05:14:45 | INFO | fairseq.trainer | Finished saving checkpoint to /home/dahmanir/BART_10_finetune/checkpoint4.pt
2022-07-14 05:14:45 | INFO | fairseq.checkpoint_utils | Saved checkpoint BART_10_finetune/checkpoint4.pt (epoch 4 @ 17447 updates, score 1.192) (writing took 5.453314006968867 seconds)
2022-07-14 05:14:45 | INFO | fairseq_cli.train | end of epoch 4 (average epoch stats below)
2022-07-14 05:14:45 | INFO | train | {"epoch": 4, "train_loss": "1.225", "train_ppl": "2.34", "train_wps": "13340.9", "train_ups": "0.07", "train_wpb": "185218", "train_bsz": "408.5", "train_num_updates": "17447", "train_lr": "9.66072e-06", "train_gnorm": "0.177", "train_clip": "100", "train_loss_scale": "8", "train_train_wall": "58562", "train_gb_free": "4.5", "train_wall": "242593"}
2022-07-14 05:14:46 | INFO | fairseq.data.iterators | grouped total_num_itrs = 4377
2022-07-14 05:14:46 | INFO | fairseq.trainer | begin training epoch 5
2022-07-14 05:14:46 | INFO | fairseq_cli.train | Start iterating over samples
2022-07-14 05:50:13 | INFO | train_inner | {"epoch": 5, "update": 4.035, "loss": "1.218", "ppl": "2.33", "wps": "13218", "ups": "0.07", "wpb": "185145", "bsz": "408.3", "num_updates": "17600", "lr": "9.65766e-06", "gnorm": "0.177", "clip": "100", "loss_scale": "8", "train_wall": "2675", "gb_free": "4.4", "wall": "244721"}
2022-07-14 05:56:55 | INFO | fairseq.trainer | NOTE: gradient overflow detected, ignoring gradient, setting loss scale to: 8.0
2022-07-14 06:36:40 | INFO | train_inner | {"epoch": 5, "update": 4.081, "loss": "1.217", "ppl": "2.33", "wps": "13298.6", "ups": "0.07", "wpb": "185307", "bsz": "409.3", "num_updates": "17800", "lr": "9.65365e-06", "gnorm": "0.176", "clip": "100", "loss_scale": "8", "train_wall": "2694", "gb_free": "4.4", "wall": "247508"}
2022-07-14 06:58:50 | INFO | fairseq.trainer | NOTE: gradient overflow detected, ignoring gradient, setting loss scale to: 8.0
2022-07-14 07:23:03 | INFO | train_inner | {"epoch": 5, "update": 4.127, "loss": "1.216", "ppl": "2.32", "wps": "13309.7", "ups": "0.07", "wpb": "185215", "bsz": "408.2", "num_updates": "18000", "lr": "9.64965e-06", "gnorm": "0.177", "clip": "100", "loss_scale": "8", "train_wall": "2691", "gb_free": "4.4", "wall": "250291"}
2022-07-14 07:58:47 | INFO | fairseq.trainer | NOTE: gradient overflow detected, ignoring gradient, setting loss scale to: 8.0
2022-07-14 08:09:25 | INFO | train_inner | {"epoch": 5, "update": 4.173, "loss": "1.214", "ppl": "2.32", "wps": "13319.4", "ups": "0.07", "wpb": "185279", "bsz": "408.9", "num_updates": "18200", "lr": "9.64565e-06", "gnorm": "0.176", "clip": "100", "loss_scale": "8", "train_wall": "2690", "gb_free": "4.4", "wall": "253073"}
2022-07-14 08:13:48 | INFO | fairseq.trainer | NOTE: gradient overflow detected, ignoring gradient, setting loss scale to: 4.0
2022-07-14 08:55:49 | INFO | train_inner | {"epoch": 5, "update": 4.219, "loss": "1.215", "ppl": "2.32", "wps": "13312.1", "ups": "0.07", "wpb": "185325", "bsz": "408.4", "num_updates": "18400", "lr": "9.64164e-06", "gnorm": "0.176", "clip": "100", "loss_scale": "4", "train_wall": "2691", "gb_free": "4.4", "wall": "255857"}
2022-07-14 09:22:05 | INFO | fairseq.trainer | NOTE: gradient overflow detected, ignoring gradient, setting loss scale to: 4.0
2022-07-14 09:42:10 | INFO | train_inner | {"epoch": 5, "update": 4.265, "loss": "1.216", "ppl": "2.32", "wps": "13315.6", "ups": "0.07", "wpb": "185130", "bsz": "408.8", "num_updates": "18600", "lr": "9.63764e-06", "gnorm": "0.176", "clip": "100", "loss_scale": "4", "train_wall": "2687", "gb_free": "4.4", "wall": "258638"}
2022-07-14 10:28:16 | INFO | train_inner | {"epoch": 5, "update": 4.31, "loss": "1.215", "ppl": "2.32", "wps": "13390.3", "ups": "0.07", "wpb": "185175", "bsz": "408.3", "num_updates": "18800", "lr": "9.63363e-06", "gnorm": "0.177", "clip": "100", "loss_scale": "8", "train_wall": "2675", "gb_free": "4.4", "wall": "261404"}
2022-07-14 11:14:23 | INFO | train_inner | {"epoch": 5, "update": 4.356, "loss": "1.213", "ppl": "2.32", "wps": "13381.9", "ups": "0.07", "wpb": "185159", "bsz": "408", "num_updates": "19000", "lr": "9.62963e-06", "gnorm": "0.177", "clip": "100", "loss_scale": "8", "train_wall": "2676", "gb_free": "4.4", "wall": "264171"}
2022-07-14 11:21:04 | INFO | fairseq.trainer | NOTE: gradient overflow detected, ignoring gradient, setting loss scale to: 8.0
2022-07-14 12:00:46 | INFO | train_inner | {"epoch": 5, "update": 4.402, "loss": "1.211", "ppl": "2.31", "wps": "13315.8", "ups": "0.07", "wpb": "185302", "bsz": "409.1", "num_updates": "19200", "lr": "9.62563e-06", "gnorm": "0.176", "clip": "100", "loss_scale": "8", "train_wall": "2691", "gb_free": "4.4", "wall": "266954"}
2022-07-14 12:20:24 | INFO | fairseq.trainer | NOTE: gradient overflow detected, ignoring gradient, setting loss scale to: 8.0
2022-07-14 12:47:12 | INFO | train_inner | {"epoch": 5, "update": 4.448, "loss": "1.212", "ppl": "2.32", "wps": "13299.8", "ups": "0.07", "wpb": "185251", "bsz": "408.4", "num_updates": "19400", "lr": "9.62162e-06", "gnorm": "0.176", "clip": "100", "loss_scale": "8", "train_wall": "2693", "gb_free": "4.4", "wall": "269740"}
2022-07-14 13:19:46 | INFO | fairseq.trainer | NOTE: gradient overflow detected, ignoring gradient, setting loss scale to: 8.0
2022-07-14 13:33:38 | INFO | train_inner | {"epoch": 5, "update": 4.494, "loss": "1.214", "ppl": "2.32", "wps": "13306", "ups": "0.07", "wpb": "185353", "bsz": "408.6", "num_updates": "19600", "lr": "9.61762e-06", "gnorm": "0.176", "clip": "100", "loss_scale": "8", "train_wall": "2694", "gb_free": "4.4", "wall": "272526"}
2022-07-14 14:19:20 | INFO | fairseq.trainer | NOTE: gradient overflow detected, ignoring gradient, setting loss scale to: 8.0
2022-07-14 14:20:02 | INFO | train_inner | {"epoch": 5, "update": 4.54, "loss": "1.213", "ppl": "2.32", "wps": "13297.3", "ups": "0.07", "wpb": "185094", "bsz": "407.7", "num_updates": "19800", "lr": "9.61361e-06", "gnorm": "0.176", "clip": "100", "loss_scale": "8", "train_wall": "2691", "gb_free": "4.4", "wall": "275310"}
2022-07-14 15:06:08 | INFO | train_inner | {"epoch": 5, "update": 4.585, "loss": "1.211", "ppl": "2.32", "wps": "13391.2", "ups": "0.07", "wpb": "185226", "bsz": "409.3", "num_updates": "20000", "lr": "9.60961e-06", "gnorm": "0.177", "clip": "100", "loss_scale": "8", "train_wall": "2674", "gb_free": "4.4", "wall": "278076"}
2022-07-14 15:19:46 | INFO | fairseq.trainer | NOTE: gradient overflow detected, ignoring gradient, setting loss scale to: 8.0
2022-07-14 15:52:32 | INFO | train_inner | {"epoch": 5, "update": 4.631, "loss": "1.21", "ppl": "2.31", "wps": "13306.2", "ups": "0.07", "wpb": "185212", "bsz": "407.9", "num_updates": "20200", "lr": "9.60561e-06", "gnorm": "0.177", "clip": "100", "loss_scale": "8", "train_wall": "2692", "gb_free": "4.4", "wall": "280860"}
2022-07-14 15:58:33 | INFO | fairseq.trainer | NOTE: gradient overflow detected, ignoring gradient, setting loss scale to: 4.0
2022-07-14 16:38:56 | INFO | train_inner | {"epoch": 5, "update": 4.677, "loss": "1.212", "ppl": "2.32", "wps": "13305.7", "ups": "0.07", "wpb": "185214", "bsz": "408.7", "num_updates": "20400", "lr": "9.6016e-06", "gnorm": "0.176", "clip": "100", "loss_scale": "4", "train_wall": "2692", "gb_free": "4.4", "wall": "283644"}
2022-07-14 17:25:03 | INFO | train_inner | {"epoch": 5, "update": 4.723, "loss": "1.209", "ppl": "2.31", "wps": "13394.7", "ups": "0.07", "wpb": "185347", "bsz": "408.4", "num_updates": "20600", "lr": "9.5976e-06", "gnorm": "0.175", "clip": "100", "loss_scale": "8", "train_wall": "2677", "gb_free": "4.4", "wall": "286411"}
2022-07-14 17:56:54 | INFO | fairseq.trainer | NOTE: gradient overflow detected, ignoring gradient, setting loss scale to: 8.0
2022-07-14 18:11:24 | INFO | train_inner | {"epoch": 5, "update": 4.769, "loss": "1.209", "ppl": "2.31", "wps": "13307.6", "ups": "0.07", "wpb": "184992", "bsz": "408.2", "num_updates": "20800", "lr": "9.59359e-06", "gnorm": "0.176", "clip": "100", "loss_scale": "8", "train_wall": "2687", "gb_free": "4.4", "wall": "289192"}
2022-07-14 18:20:39 | INFO | fairseq.trainer | NOTE: gradient overflow detected, ignoring gradient, setting loss scale to: 4.0
2022-07-14 18:57:48 | INFO | train_inner | {"epoch": 5, "update": 4.815, "loss": "1.208", "ppl": "2.31", "wps": "13312.2", "ups": "0.07", "wpb": "185341", "bsz": "408.5", "num_updates": "21000", "lr": "9.58959e-06", "gnorm": "0.176", "clip": "100", "loss_scale": "4", "train_wall": "2692", "gb_free": "4.4", "wall": "291976"}
2022-07-14 19:43:55 | INFO | train_inner | {"epoch": 5, "update": 4.86, "loss": "1.208", "ppl": "2.31", "wps": "13384", "ups": "0.07", "wpb": "185170", "bsz": "408.5", "num_updates": "21200", "lr": "9.58559e-06", "gnorm": "0.176", "clip": "100", "loss_scale": "8", "train_wall": "2674", "gb_free": "4.3", "wall": "294743"}
2022-07-14 20:20:53 | INFO | fairseq.trainer | NOTE: gradient overflow detected, ignoring gradient, setting loss scale to: 8.0
2022-07-14 20:30:20 | INFO | train_inner | {"epoch": 5, "update": 4.906, "loss": "1.206", "ppl": "2.31", "wps": "13306.6", "ups": "0.07", "wpb": "185246", "bsz": "408.8", "num_updates": "21400", "lr": "9.58158e-06", "gnorm": "0.176", "clip": "100", "loss_scale": "8", "train_wall": "2691", "gb_free": "4.4", "wall": "297528"}
2022-07-14 21:16:28 | INFO | train_inner | {"epoch": 5, "update": 4.952, "loss": "1.207", "ppl": "2.31", "wps": "13388.9", "ups": "0.07", "wpb": "185334", "bsz": "408.8", "num_updates": "21600", "lr": "9.57758e-06", "gnorm": "0.176", "clip": "100", "loss_scale": "8", "train_wall": "2677", "gb_free": "4.5", "wall": "300296"}
2022-07-14 21:21:33 | INFO | fairseq.trainer | NOTE: gradient overflow detected, ignoring gradient, setting loss scale to: 8.0
2022-07-14 22:02:48 | INFO | train_inner | {"epoch": 5, "update": 4.998, "loss": "1.208", "ppl": "2.31", "wps": "13311.1", "ups": "0.07", "wpb": "185006", "bsz": "408.2", "num_updates": "21800", "lr": "9.57357e-06", "gnorm": "0.176", "clip": "100", "loss_scale": "8", "train_wall": "2687", "gb_free": "4.4", "wall": "303076"}
2022-07-14 22:04:48 | INFO | fairseq_cli.train | begin validation on "valid" subset
2022-07-14 22:05:10 | INFO | valid | {"epoch": 5, "valid_loss": "1.188", "valid_ppl": "2.28", "valid_wps": "35713.9", "valid_wpb": "5748.7", "valid_bsz": "12.7", "valid_num_updates": "21809", "valid_best_loss": "1.188"}
2022-07-14 22:05:10 | INFO | fairseq.checkpoint_utils | Preparing to save checkpoint for epoch 5 @ 21809 updates
2022-07-14 22:05:10 | INFO | fairseq.trainer | Saving checkpoint to /home/dahmanir/BART_10_finetune/checkpoint5.pt
2022-07-14 22:05:16 | INFO | fairseq.trainer | Finished saving checkpoint to /home/dahmanir/BART_10_finetune/checkpoint5.pt
2022-07-14 22:05:16 | INFO | fairseq.checkpoint_utils | Saved checkpoint BART_10_finetune/checkpoint5.pt (epoch 5 @ 21809 updates, score 1.188) (writing took 5.471653859014623 seconds)
2022-07-14 22:05:16 | INFO | fairseq_cli.train | end of epoch 5 (average epoch stats below)
2022-07-14 22:05:16 | INFO | train | {"epoch": 5, "train_loss": "1.212", "train_ppl": "2.32", "train_wps": "13325.3", "train_ups": "0.07", "train_wpb": "185217", "train_bsz": "408.5", "train_num_updates": "21809", "train_lr": "9.57339e-06", "train_gnorm": "0.176", "train_clip": "100", "train_loss_scale": "8", "train_train_wall": "58580", "train_gb_free": "4.4", "train_wall": "303224"}
2022-07-14 22:05:16 | INFO | fairseq_cli.train | done training in 303197.4 seconds
slurmstepd: error: *** JOB 9729101 ON r32n4 CANCELLED AT 2022-07-16T09:51:31 DUE TO TIME LIMIT ***
