2022-07-12 21:50:29 | INFO | fairseq.distributed.utils | distributed init (rank 0): tcp://localhost:16635
2022-07-12 21:50:29 | INFO | fairseq.distributed.utils | distributed init (rank 1): tcp://localhost:16635
2022-07-12 21:50:29 | INFO | torch.distributed.distributed_c10d | Added key: store_based_barrier_key:1 to store for rank: 0
2022-07-12 21:50:29 | INFO | torch.distributed.distributed_c10d | Added key: store_based_barrier_key:1 to store for rank: 1
2022-07-12 21:50:29 | INFO | torch.distributed.distributed_c10d | Rank 0: Completed store-based barrier for key:store_based_barrier_key:1 with 2 nodes.
2022-07-12 21:50:29 | INFO | torch.distributed.distributed_c10d | Rank 1: Completed store-based barrier for key:store_based_barrier_key:1 with 2 nodes.
2022-07-12 21:50:29 | INFO | fairseq.distributed.utils | initialized host r31n2.lisa.surfsara.nl as rank 0
2022-07-12 21:50:29 | INFO | fairseq.distributed.utils | initialized host r31n2.lisa.surfsara.nl as rank 1
2022-07-12 21:50:33 | INFO | fairseq_cli.train | {'_name': None, 'common': {'_name': None, 'no_progress_bar': False, 'log_interval': 200, 'log_format': 'json', 'log_file': None, 'tensorboard_logdir': None, 'wandb_project': 'BART', 'azureml_logging': False, 'seed': 4, 'cpu': False, 'tpu': False, 'bf16': False, 'memory_efficient_bf16': False, 'fp16': True, 'memory_efficient_fp16': False, 'fp16_no_flatten_grads': False, 'fp16_init_scale': 128, 'fp16_scale_window': None, 'fp16_scale_tolerance': 0.0, 'on_cpu_convert_precision': False, 'min_loss_scale': 0.0001, 'threshold_loss_scale': None, 'amp': False, 'amp_batch_retries': 2, 'amp_init_scale': 128, 'amp_scale_window': None, 'user_dir': None, 'empty_cache_freq': 0, 'all_gather_list_size': 16384, 'model_parallel_size': 1, 'quantization_config_path': None, 'profile': False, 'reset_logging': False, 'suppress_crashes': False, 'use_plasma_view': False, 'plasma_path': '/tmp/plasma'}, 'common_eval': {'_name': None, 'path': None, 'post_process': None, 'quiet': False, 'model_overrides': '{}', 'results_path': None}, 'distributed_training': {'_name': None, 'distributed_world_size': 2, 'distributed_num_procs': 2, 'distributed_rank': 0, 'distributed_backend': 'nccl', 'distributed_init_method': 'tcp://localhost:16635', 'distributed_port': -1, 'device_id': 0, 'distributed_no_spawn': False, 'ddp_backend': 'pytorch_ddp', 'ddp_comm_hook': 'none', 'bucket_cap_mb': 25, 'fix_batches_to_gpus': False, 'find_unused_parameters': False, 'gradient_as_bucket_view': False, 'fast_stat_sync': False, 'heartbeat_timeout': -1, 'broadcast_buffers': False, 'slowmo_momentum': None, 'slowmo_base_algorithm': 'localsgd', 'localsgd_frequency': 3, 'nprocs_per_node': 2, 'pipeline_model_parallel': False, 'pipeline_balance': None, 'pipeline_devices': None, 'pipeline_chunks': 0, 'pipeline_encoder_balance': None, 'pipeline_encoder_devices': None, 'pipeline_decoder_balance': None, 'pipeline_decoder_devices': None, 'pipeline_checkpoint': 'never', 'zero_sharding': 'none', 'fp16': True, 'memory_efficient_fp16': False, 'tpu': False, 'no_reshard_after_forward': False, 'fp32_reduce_scatter': False, 'cpu_offload': False, 'use_sharded_state': False, 'not_fsdp_flatten_parameters': False}, 'dataset': {'_name': None, 'num_workers': 1, 'skip_invalid_size_inputs_valid_test': True, 'max_tokens': 3200, 'batch_size': None, 'required_batch_size_multiple': 8, 'required_seq_len_multiple': 1, 'dataset_impl': None, 'data_buffer_size': 10, 'train_subset': 'train', 'valid_subset': 'valid', 'combine_valid_subsets': None, 'ignore_unused_valid_subsets': False, 'validate_interval': 1, 'validate_interval_updates': 0, 'validate_after_updates': 0, 'fixed_validation_seed': None, 'disable_validation': False, 'max_tokens_valid': 3200, 'batch_size_valid': None, 'max_valid_steps': None, 'curriculum': 0, 'gen_subset': 'test', 'num_shards': 1, 'shard_id': 0, 'grouped_shuffling': False, 'update_epoch_batch_itr': False, 'update_ordered_indices_seed': False}, 'optimization': {'_name': None, 'max_epoch': 1, 'max_update': 500000, 'stop_time_hours': 0.0, 'clip_norm': 0.1, 'sentence_avg': False, 'update_freq': [32], 'lr': [1e-05], 'stop_min_lr': -1.0, 'use_bmuf': False, 'skip_remainder_batch': False}, 'checkpoint': {'_name': None, 'save_dir': 'BART_50_finetune', 'restore_file': '/home/dahmanir/lisa/Models/BART_50.pt', 'continue_once': None, 'finetune_from_model': None, 'reset_dataloader': True, 'reset_lr_scheduler': False, 'reset_meters': True, 'reset_optimizer': True, 'optimizer_overrides': '{}', 'save_interval': 1, 'save_interval_updates': 0, 'keep_interval_updates': -1, 'keep_interval_updates_pattern': -1, 'keep_last_epochs': -1, 'keep_best_checkpoints': -1, 'no_save': False, 'no_epoch_checkpoints': False, 'no_last_checkpoints': False, 'no_save_optimizer_state': False, 'best_checkpoint_metric': 'loss', 'maximize_best_checkpoint_metric': False, 'patience': -1, 'checkpoint_suffix': '', 'checkpoint_shard_count': 1, 'load_checkpoint_on_all_dp_ranks': False, 'write_checkpoints_asynchronously': False, 'model_parallel_size': 1}, 'bmuf': {'_name': None, 'block_lr': 1.0, 'block_momentum': 0.875, 'global_sync_iter': 50, 'warmup_iterations': 500, 'use_nbm': False, 'average_sync': False, 'distributed_world_size': 2}, 'generation': {'_name': None, 'beam': 5, 'nbest': 1, 'max_len_a': 0.0, 'max_len_b': 200, 'min_len': 1, 'match_source_len': False, 'unnormalized': False, 'no_early_stop': False, 'no_beamable_mm': False, 'lenpen': 1.0, 'unkpen': 0.0, 'replace_unk': None, 'sacrebleu': False, 'score_reference': False, 'prefix_size': 0, 'no_repeat_ngram_size': 0, 'sampling': False, 'sampling_topk': -1, 'sampling_topp': -1.0, 'constraints': None, 'temperature': 1.0, 'diverse_beam_groups': -1, 'diverse_beam_strength': 0.5, 'diversity_rate': -1.0, 'print_alignment': None, 'print_step': False, 'lm_path': None, 'lm_weight': 0.0, 'iter_decode_eos_penalty': 0.0, 'iter_decode_max_iter': 10, 'iter_decode_force_max_iter': False, 'iter_decode_with_beam': 1, 'iter_decode_with_external_reranker': False, 'retain_iter_history': False, 'retain_dropout': False, 'retain_dropout_modules': None, 'decoding_format': None, 'no_seed_provided': False}, 'eval_lm': {'_name': None, 'output_word_probs': False, 'output_word_stats': False, 'context_window': 0, 'softmax_batch': 9223372036854775807}, 'interactive': {'_name': None, 'buffer_size': 0, 'input': '-'}, 'model': Namespace(no_progress_bar=False, log_interval=200, log_format='json', log_file=None, tensorboard_logdir=None, wandb_project='BART', azureml_logging=False, seed=4, cpu=False, tpu=False, bf16=False, memory_efficient_bf16=False, fp16=True, memory_efficient_fp16=False, fp16_no_flatten_grads=False, fp16_init_scale=128, fp16_scale_window=None, fp16_scale_tolerance=0.0, on_cpu_convert_precision=False, min_loss_scale=0.0001, threshold_loss_scale=None, amp=False, amp_batch_retries=2, amp_init_scale=128, amp_scale_window=None, user_dir=None, empty_cache_freq=0, all_gather_list_size=16384, model_parallel_size=1, quantization_config_path=None, profile=False, reset_logging=False, suppress_crashes=False, use_plasma_view=False, plasma_path='/tmp/plasma', criterion='cross_entropy', tokenizer=None, bpe=None, optimizer='adam', lr_scheduler='polynomial_decay', simul_type=None, scoring='bleu', task='denoising', num_workers=1, skip_invalid_size_inputs_valid_test=True, max_tokens=3200, batch_size=None, required_batch_size_multiple=8, required_seq_len_multiple=1, dataset_impl=None, data_buffer_size=10, train_subset='train', valid_subset='valid', combine_valid_subsets=None, ignore_unused_valid_subsets=False, validate_interval=1, validate_interval_updates=0, validate_after_updates=0, fixed_validation_seed=None, disable_validation=False, max_tokens_valid=3200, batch_size_valid=None, max_valid_steps=None, curriculum=0, gen_subset='test', num_shards=1, shard_id=0, grouped_shuffling=False, update_epoch_batch_itr=False, update_ordered_indices_seed=False, distributed_world_size=2, distributed_num_procs=2, distributed_rank=0, distributed_backend='nccl', distributed_init_method=None, distributed_port=-1, device_id=0, distributed_no_spawn=False, ddp_backend='pytorch_ddp', ddp_comm_hook='none', bucket_cap_mb=25, fix_batches_to_gpus=False, find_unused_parameters=False, gradient_as_bucket_view=False, fast_stat_sync=False, heartbeat_timeout=-1, broadcast_buffers=False, slowmo_momentum=None, slowmo_base_algorithm='localsgd', localsgd_frequency=3, nprocs_per_node=2, pipeline_model_parallel=False, pipeline_balance=None, pipeline_devices=None, pipeline_chunks=0, pipeline_encoder_balance=None, pipeline_encoder_devices=None, pipeline_decoder_balance=None, pipeline_decoder_devices=None, pipeline_checkpoint='never', zero_sharding='none', no_reshard_after_forward=False, fp32_reduce_scatter=False, cpu_offload=False, use_sharded_state=False, not_fsdp_flatten_parameters=False, arch='bart_base', max_epoch=1, max_update=500000, stop_time_hours=0, clip_norm=0.1, sentence_avg=False, update_freq=[32], lr=[1e-05], stop_min_lr=-1.0, use_bmuf=False, skip_remainder_batch=False, save_dir='BART_50_finetune', restore_file='/home/dahmanir/lisa/Models/BART_50.pt', continue_once=None, finetune_from_model=None, reset_dataloader=True, reset_lr_scheduler=False, reset_meters=True, reset_optimizer=True, optimizer_overrides='{}', save_interval=1, save_interval_updates=0, keep_interval_updates=-1, keep_interval_updates_pattern=-1, keep_last_epochs=-1, keep_best_checkpoints=-1, no_save=False, no_epoch_checkpoints=False, no_last_checkpoints=False, no_save_optimizer_state=False, best_checkpoint_metric='loss', maximize_best_checkpoint_metric=False, patience=-1, checkpoint_suffix='', checkpoint_shard_count=1, load_checkpoint_on_all_dp_ranks=False, write_checkpoints_asynchronously=False, store_ema=False, ema_decay=0.9999, ema_start_update=0, ema_seed_model=None, ema_update_freq=1, ema_fp32=False, data='/home/dahmanir/lisa/Datasets/50_percent', tokens_per_sample=512, sample_break_mode='complete_doc', mask=0.3, mask_random=0.1, insert=0.0, permute=0.0, rotate=0.0, poisson_lambda=3.5, permute_sentences=1.0, mask_length='span-poisson', replace_length=1, shorten_method='none', shorten_data_split_list='', adam_betas=(0.9, 0.999), adam_eps=1e-08, weight_decay=0.01, use_old_adam=False, fp16_adam_stats=False, warmup_updates=500, force_anneal=None, end_learning_rate=0.0, power=1.0, total_num_update='500000', pad=1, eos=2, unk=3, dropout=0.1, attention_dropout=0.1, no_seed_provided=False, encoder_embed_dim=768, encoder_ffn_embed_dim=3072, encoder_layers=6, encoder_attention_heads=12, decoder_layers=6, decoder_attention_heads=12, encoder_embed_path=None, encoder_normalize_before=False, encoder_learned_pos=True, decoder_embed_path=None, decoder_embed_dim=768, decoder_ffn_embed_dim=3072, decoder_normalize_before=False, decoder_learned_pos=True, relu_dropout=0.0, max_target_positions=1024, max_source_positions=1024, adaptive_softmax_cutoff=None, adaptive_softmax_dropout=0, share_decoder_input_output_embed=True, share_all_embeddings=True, decoder_output_dim=768, decoder_input_dim=768, no_scale_embedding=True, layernorm_embedding=True, activation_fn='gelu', pooler_activation_fn='tanh', pooler_dropout=0.0, _name='bart_base'), 'task': Namespace(no_progress_bar=False, log_interval=200, log_format='json', log_file=None, tensorboard_logdir=None, wandb_project='BART', azureml_logging=False, seed=4, cpu=False, tpu=False, bf16=False, memory_efficient_bf16=False, fp16=True, memory_efficient_fp16=False, fp16_no_flatten_grads=False, fp16_init_scale=128, fp16_scale_window=None, fp16_scale_tolerance=0.0, on_cpu_convert_precision=False, min_loss_scale=0.0001, threshold_loss_scale=None, amp=False, amp_batch_retries=2, amp_init_scale=128, amp_scale_window=None, user_dir=None, empty_cache_freq=0, all_gather_list_size=16384, model_parallel_size=1, quantization_config_path=None, profile=False, reset_logging=False, suppress_crashes=False, use_plasma_view=False, plasma_path='/tmp/plasma', criterion='cross_entropy', tokenizer=None, bpe=None, optimizer='adam', lr_scheduler='polynomial_decay', simul_type=None, scoring='bleu', task='denoising', num_workers=1, skip_invalid_size_inputs_valid_test=True, max_tokens=3200, batch_size=None, required_batch_size_multiple=8, required_seq_len_multiple=1, dataset_impl=None, data_buffer_size=10, train_subset='train', valid_subset='valid', combine_valid_subsets=None, ignore_unused_valid_subsets=False, validate_interval=1, validate_interval_updates=0, validate_after_updates=0, fixed_validation_seed=None, disable_validation=False, max_tokens_valid=3200, batch_size_valid=None, max_valid_steps=None, curriculum=0, gen_subset='test', num_shards=1, shard_id=0, grouped_shuffling=False, update_epoch_batch_itr=False, update_ordered_indices_seed=False, distributed_world_size=2, distributed_num_procs=2, distributed_rank=0, distributed_backend='nccl', distributed_init_method=None, distributed_port=-1, device_id=0, distributed_no_spawn=False, ddp_backend='pytorch_ddp', ddp_comm_hook='none', bucket_cap_mb=25, fix_batches_to_gpus=False, find_unused_parameters=False, gradient_as_bucket_view=False, fast_stat_sync=False, heartbeat_timeout=-1, broadcast_buffers=False, slowmo_momentum=None, slowmo_base_algorithm='localsgd', localsgd_frequency=3, nprocs_per_node=2, pipeline_model_parallel=False, pipeline_balance=None, pipeline_devices=None, pipeline_chunks=0, pipeline_encoder_balance=None, pipeline_encoder_devices=None, pipeline_decoder_balance=None, pipeline_decoder_devices=None, pipeline_checkpoint='never', zero_sharding='none', no_reshard_after_forward=False, fp32_reduce_scatter=False, cpu_offload=False, use_sharded_state=False, not_fsdp_flatten_parameters=False, arch='bart_base', max_epoch=1, max_update=500000, stop_time_hours=0, clip_norm=0.1, sentence_avg=False, update_freq=[32], lr=[1e-05], stop_min_lr=-1.0, use_bmuf=False, skip_remainder_batch=False, save_dir='BART_50_finetune', restore_file='/home/dahmanir/lisa/Models/BART_50.pt', continue_once=None, finetune_from_model=None, reset_dataloader=True, reset_lr_scheduler=False, reset_meters=True, reset_optimizer=True, optimizer_overrides='{}', save_interval=1, save_interval_updates=0, keep_interval_updates=-1, keep_interval_updates_pattern=-1, keep_last_epochs=-1, keep_best_checkpoints=-1, no_save=False, no_epoch_checkpoints=False, no_last_checkpoints=False, no_save_optimizer_state=False, best_checkpoint_metric='loss', maximize_best_checkpoint_metric=False, patience=-1, checkpoint_suffix='', checkpoint_shard_count=1, load_checkpoint_on_all_dp_ranks=False, write_checkpoints_asynchronously=False, store_ema=False, ema_decay=0.9999, ema_start_update=0, ema_seed_model=None, ema_update_freq=1, ema_fp32=False, data='/home/dahmanir/lisa/Datasets/50_percent', tokens_per_sample=512, sample_break_mode='complete_doc', mask=0.3, mask_random=0.1, insert=0.0, permute=0.0, rotate=0.0, poisson_lambda=3.5, permute_sentences=1.0, mask_length='span-poisson', replace_length=1, shorten_method='none', shorten_data_split_list='', adam_betas=(0.9, 0.999), adam_eps=1e-08, weight_decay=0.01, use_old_adam=False, fp16_adam_stats=False, warmup_updates=500, force_anneal=None, end_learning_rate=0.0, power=1.0, total_num_update='500000', pad=1, eos=2, unk=3, dropout=0.1, attention_dropout=0.1, no_seed_provided=False, encoder_embed_dim=768, encoder_ffn_embed_dim=3072, encoder_layers=6, encoder_attention_heads=12, decoder_layers=6, decoder_attention_heads=12, encoder_embed_path=None, encoder_normalize_before=False, encoder_learned_pos=True, decoder_embed_path=None, decoder_embed_dim=768, decoder_ffn_embed_dim=3072, decoder_normalize_before=False, decoder_learned_pos=True, relu_dropout=0.0, max_target_positions=1024, max_source_positions=1024, adaptive_softmax_cutoff=None, adaptive_softmax_dropout=0, share_decoder_input_output_embed=True, share_all_embeddings=True, decoder_output_dim=768, decoder_input_dim=768, no_scale_embedding=True, layernorm_embedding=True, activation_fn='gelu', pooler_activation_fn='tanh', pooler_dropout=0.0, _name='denoising'), 'criterion': {'_name': 'cross_entropy', 'sentence_avg': False}, 'optimizer': {'_name': 'adam', 'adam_betas': [0.9, 0.999], 'adam_eps': 1e-08, 'weight_decay': 0.01, 'use_old_adam': False, 'fp16_adam_stats': False, 'tpu': False, 'lr': [1e-05]}, 'lr_scheduler': {'_name': 'polynomial_decay', 'warmup_updates': 500, 'force_anneal': None, 'end_learning_rate': 0.0, 'power': 1.0, 'total_num_update': 500000.0, 'lr': [1e-05]}, 'scoring': {'_name': 'bleu', 'pad': 1, 'eos': 2, 'unk': 3}, 'bpe': None, 'tokenizer': None, 'ema': {'_name': None, 'store_ema': False, 'ema_decay': 0.9999, 'ema_start_update': 0, 'ema_seed_model': None, 'ema_update_freq': 1, 'ema_fp32': False}, 'simul_type': None}
2022-07-12 21:50:33 | INFO | fairseq.tasks.denoising | dictionary: 39984 types
2022-07-12 21:50:38 | INFO | fairseq_cli.train | BARTModel(
  (encoder): TransformerEncoderBase(
    (dropout_module): FairseqDropout()
    (embed_tokens): Embedding(39985, 768, padding_idx=1)
    (embed_positions): LearnedPositionalEmbedding(1026, 768, padding_idx=1)
    (layernorm_embedding): LayerNorm((768,), eps=1e-05, elementwise_affine=True)
    (layers): ModuleList(
      (0): TransformerEncoderLayerBase(
        (self_attn): MultiheadAttention(
          (dropout_module): FairseqDropout()
          (k_proj): Linear(in_features=768, out_features=768, bias=True)
          (v_proj): Linear(in_features=768, out_features=768, bias=True)
          (q_proj): Linear(in_features=768, out_features=768, bias=True)
          (out_proj): Linear(in_features=768, out_features=768, bias=True)
        )
        (self_attn_layer_norm): LayerNorm((768,), eps=1e-05, elementwise_affine=True)
        (dropout_module): FairseqDropout()
        (activation_dropout_module): FairseqDropout()
        (fc1): Linear(in_features=768, out_features=3072, bias=True)
        (fc2): Linear(in_features=3072, out_features=768, bias=True)
        (final_layer_norm): LayerNorm((768,), eps=1e-05, elementwise_affine=True)
      )
      (1): TransformerEncoderLayerBase(
        (self_attn): MultiheadAttention(
          (dropout_module): FairseqDropout()
          (k_proj): Linear(in_features=768, out_features=768, bias=True)
          (v_proj): Linear(in_features=768, out_features=768, bias=True)
          (q_proj): Linear(in_features=768, out_features=768, bias=True)
          (out_proj): Linear(in_features=768, out_features=768, bias=True)
        )
        (self_attn_layer_norm): LayerNorm((768,), eps=1e-05, elementwise_affine=True)
        (dropout_module): FairseqDropout()
        (activation_dropout_module): FairseqDropout()
        (fc1): Linear(in_features=768, out_features=3072, bias=True)
        (fc2): Linear(in_features=3072, out_features=768, bias=True)
        (final_layer_norm): LayerNorm((768,), eps=1e-05, elementwise_affine=True)
      )
      (2): TransformerEncoderLayerBase(
        (self_attn): MultiheadAttention(
          (dropout_module): FairseqDropout()
          (k_proj): Linear(in_features=768, out_features=768, bias=True)
          (v_proj): Linear(in_features=768, out_features=768, bias=True)
          (q_proj): Linear(in_features=768, out_features=768, bias=True)
          (out_proj): Linear(in_features=768, out_features=768, bias=True)
        )
        (self_attn_layer_norm): LayerNorm((768,), eps=1e-05, elementwise_affine=True)
        (dropout_module): FairseqDropout()
        (activation_dropout_module): FairseqDropout()
        (fc1): Linear(in_features=768, out_features=3072, bias=True)
        (fc2): Linear(in_features=3072, out_features=768, bias=True)
        (final_layer_norm): LayerNorm((768,), eps=1e-05, elementwise_affine=True)
      )
      (3): TransformerEncoderLayerBase(
        (self_attn): MultiheadAttention(
          (dropout_module): FairseqDropout()
          (k_proj): Linear(in_features=768, out_features=768, bias=True)
          (v_proj): Linear(in_features=768, out_features=768, bias=True)
          (q_proj): Linear(in_features=768, out_features=768, bias=True)
          (out_proj): Linear(in_features=768, out_features=768, bias=True)
        )
        (self_attn_layer_norm): LayerNorm((768,), eps=1e-05, elementwise_affine=True)
        (dropout_module): FairseqDropout()
        (activation_dropout_module): FairseqDropout()
        (fc1): Linear(in_features=768, out_features=3072, bias=True)
        (fc2): Linear(in_features=3072, out_features=768, bias=True)
        (final_layer_norm): LayerNorm((768,), eps=1e-05, elementwise_affine=True)
      )
      (4): TransformerEncoderLayerBase(
        (self_attn): MultiheadAttention(
          (dropout_module): FairseqDropout()
          (k_proj): Linear(in_features=768, out_features=768, bias=True)
          (v_proj): Linear(in_features=768, out_features=768, bias=True)
          (q_proj): Linear(in_features=768, out_features=768, bias=True)
          (out_proj): Linear(in_features=768, out_features=768, bias=True)
        )
        (self_attn_layer_norm): LayerNorm((768,), eps=1e-05, elementwise_affine=True)
        (dropout_module): FairseqDropout()
        (activation_dropout_module): FairseqDropout()
        (fc1): Linear(in_features=768, out_features=3072, bias=True)
        (fc2): Linear(in_features=3072, out_features=768, bias=True)
        (final_layer_norm): LayerNorm((768,), eps=1e-05, elementwise_affine=True)
      )
      (5): TransformerEncoderLayerBase(
        (self_attn): MultiheadAttention(
          (dropout_module): FairseqDropout()
          (k_proj): Linear(in_features=768, out_features=768, bias=True)
          (v_proj): Linear(in_features=768, out_features=768, bias=True)
          (q_proj): Linear(in_features=768, out_features=768, bias=True)
          (out_proj): Linear(in_features=768, out_features=768, bias=True)
        )
        (self_attn_layer_norm): LayerNorm((768,), eps=1e-05, elementwise_affine=True)
        (dropout_module): FairseqDropout()
        (activation_dropout_module): FairseqDropout()
        (fc1): Linear(in_features=768, out_features=3072, bias=True)
        (fc2): Linear(in_features=3072, out_features=768, bias=True)
        (final_layer_norm): LayerNorm((768,), eps=1e-05, elementwise_affine=True)
      )
    )
  )
  (decoder): TransformerDecoderBase(
    (dropout_module): FairseqDropout()
    (embed_tokens): Embedding(39985, 768, padding_idx=1)
    (embed_positions): LearnedPositionalEmbedding(1026, 768, padding_idx=1)
    (layernorm_embedding): LayerNorm((768,), eps=1e-05, elementwise_affine=True)
    (layers): ModuleList(
      (0): TransformerDecoderLayerBase(
        (dropout_module): FairseqDropout()
        (self_attn): MultiheadAttention(
          (dropout_module): FairseqDropout()
          (k_proj): Linear(in_features=768, out_features=768, bias=True)
          (v_proj): Linear(in_features=768, out_features=768, bias=True)
          (q_proj): Linear(in_features=768, out_features=768, bias=True)
          (out_proj): Linear(in_features=768, out_features=768, bias=True)
        )
        (activation_dropout_module): FairseqDropout()
        (self_attn_layer_norm): LayerNorm((768,), eps=1e-05, elementwise_affine=True)
        (encoder_attn): MultiheadAttention(
          (dropout_module): FairseqDropout()
          (k_proj): Linear(in_features=768, out_features=768, bias=True)
          (v_proj): Linear(in_features=768, out_features=768, bias=True)
          (q_proj): Linear(in_features=768, out_features=768, bias=True)
          (out_proj): Linear(in_features=768, out_features=768, bias=True)
        )
        (encoder_attn_layer_norm): LayerNorm((768,), eps=1e-05, elementwise_affine=True)
        (fc1): Linear(in_features=768, out_features=3072, bias=True)
        (fc2): Linear(in_features=3072, out_features=768, bias=True)
        (final_layer_norm): LayerNorm((768,), eps=1e-05, elementwise_affine=True)
      )
      (1): TransformerDecoderLayerBase(
        (dropout_module): FairseqDropout()
        (self_attn): MultiheadAttention(
          (dropout_module): FairseqDropout()
          (k_proj): Linear(in_features=768, out_features=768, bias=True)
          (v_proj): Linear(in_features=768, out_features=768, bias=True)
          (q_proj): Linear(in_features=768, out_features=768, bias=True)
          (out_proj): Linear(in_features=768, out_features=768, bias=True)
        )
        (activation_dropout_module): FairseqDropout()
        (self_attn_layer_norm): LayerNorm((768,), eps=1e-05, elementwise_affine=True)
        (encoder_attn): MultiheadAttention(
          (dropout_module): FairseqDropout()
          (k_proj): Linear(in_features=768, out_features=768, bias=True)
          (v_proj): Linear(in_features=768, out_features=768, bias=True)
          (q_proj): Linear(in_features=768, out_features=768, bias=True)
          (out_proj): Linear(in_features=768, out_features=768, bias=True)
        )
        (encoder_attn_layer_norm): LayerNorm((768,), eps=1e-05, elementwise_affine=True)
        (fc1): Linear(in_features=768, out_features=3072, bias=True)
        (fc2): Linear(in_features=3072, out_features=768, bias=True)
        (final_layer_norm): LayerNorm((768,), eps=1e-05, elementwise_affine=True)
      )
      (2): TransformerDecoderLayerBase(
        (dropout_module): FairseqDropout()
        (self_attn): MultiheadAttention(
          (dropout_module): FairseqDropout()
          (k_proj): Linear(in_features=768, out_features=768, bias=True)
          (v_proj): Linear(in_features=768, out_features=768, bias=True)
          (q_proj): Linear(in_features=768, out_features=768, bias=True)
          (out_proj): Linear(in_features=768, out_features=768, bias=True)
        )
        (activation_dropout_module): FairseqDropout()
        (self_attn_layer_norm): LayerNorm((768,), eps=1e-05, elementwise_affine=True)
        (encoder_attn): MultiheadAttention(
          (dropout_module): FairseqDropout()
          (k_proj): Linear(in_features=768, out_features=768, bias=True)
          (v_proj): Linear(in_features=768, out_features=768, bias=True)
          (q_proj): Linear(in_features=768, out_features=768, bias=True)
          (out_proj): Linear(in_features=768, out_features=768, bias=True)
        )
        (encoder_attn_layer_norm): LayerNorm((768,), eps=1e-05, elementwise_affine=True)
        (fc1): Linear(in_features=768, out_features=3072, bias=True)
        (fc2): Linear(in_features=3072, out_features=768, bias=True)
        (final_layer_norm): LayerNorm((768,), eps=1e-05, elementwise_affine=True)
      )
      (3): TransformerDecoderLayerBase(
        (dropout_module): FairseqDropout()
        (self_attn): MultiheadAttention(
          (dropout_module): FairseqDropout()
          (k_proj): Linear(in_features=768, out_features=768, bias=True)
          (v_proj): Linear(in_features=768, out_features=768, bias=True)
          (q_proj): Linear(in_features=768, out_features=768, bias=True)
          (out_proj): Linear(in_features=768, out_features=768, bias=True)
        )
        (activation_dropout_module): FairseqDropout()
        (self_attn_layer_norm): LayerNorm((768,), eps=1e-05, elementwise_affine=True)
        (encoder_attn): MultiheadAttention(
          (dropout_module): FairseqDropout()
          (k_proj): Linear(in_features=768, out_features=768, bias=True)
          (v_proj): Linear(in_features=768, out_features=768, bias=True)
          (q_proj): Linear(in_features=768, out_features=768, bias=True)
          (out_proj): Linear(in_features=768, out_features=768, bias=True)
        )
        (encoder_attn_layer_norm): LayerNorm((768,), eps=1e-05, elementwise_affine=True)
        (fc1): Linear(in_features=768, out_features=3072, bias=True)
        (fc2): Linear(in_features=3072, out_features=768, bias=True)
        (final_layer_norm): LayerNorm((768,), eps=1e-05, elementwise_affine=True)
      )
      (4): TransformerDecoderLayerBase(
        (dropout_module): FairseqDropout()
        (self_attn): MultiheadAttention(
          (dropout_module): FairseqDropout()
          (k_proj): Linear(in_features=768, out_features=768, bias=True)
          (v_proj): Linear(in_features=768, out_features=768, bias=True)
          (q_proj): Linear(in_features=768, out_features=768, bias=True)
          (out_proj): Linear(in_features=768, out_features=768, bias=True)
        )
        (activation_dropout_module): FairseqDropout()
        (self_attn_layer_norm): LayerNorm((768,), eps=1e-05, elementwise_affine=True)
        (encoder_attn): MultiheadAttention(
          (dropout_module): FairseqDropout()
          (k_proj): Linear(in_features=768, out_features=768, bias=True)
          (v_proj): Linear(in_features=768, out_features=768, bias=True)
          (q_proj): Linear(in_features=768, out_features=768, bias=True)
          (out_proj): Linear(in_features=768, out_features=768, bias=True)
        )
        (encoder_attn_layer_norm): LayerNorm((768,), eps=1e-05, elementwise_affine=True)
        (fc1): Linear(in_features=768, out_features=3072, bias=True)
        (fc2): Linear(in_features=3072, out_features=768, bias=True)
        (final_layer_norm): LayerNorm((768,), eps=1e-05, elementwise_affine=True)
      )
      (5): TransformerDecoderLayerBase(
        (dropout_module): FairseqDropout()
        (self_attn): MultiheadAttention(
          (dropout_module): FairseqDropout()
          (k_proj): Linear(in_features=768, out_features=768, bias=True)
          (v_proj): Linear(in_features=768, out_features=768, bias=True)
          (q_proj): Linear(in_features=768, out_features=768, bias=True)
          (out_proj): Linear(in_features=768, out_features=768, bias=True)
        )
        (activation_dropout_module): FairseqDropout()
        (self_attn_layer_norm): LayerNorm((768,), eps=1e-05, elementwise_affine=True)
        (encoder_attn): MultiheadAttention(
          (dropout_module): FairseqDropout()
          (k_proj): Linear(in_features=768, out_features=768, bias=True)
          (v_proj): Linear(in_features=768, out_features=768, bias=True)
          (q_proj): Linear(in_features=768, out_features=768, bias=True)
          (out_proj): Linear(in_features=768, out_features=768, bias=True)
        )
        (encoder_attn_layer_norm): LayerNorm((768,), eps=1e-05, elementwise_affine=True)
        (fc1): Linear(in_features=768, out_features=3072, bias=True)
        (fc2): Linear(in_features=3072, out_features=768, bias=True)
        (final_layer_norm): LayerNorm((768,), eps=1e-05, elementwise_affine=True)
      )
    )
    (output_projection): Linear(in_features=768, out_features=39985, bias=False)
  )
  (classification_heads): ModuleDict()
)
2022-07-12 21:50:38 | INFO | fairseq_cli.train | task: DenoisingTask
2022-07-12 21:50:38 | INFO | fairseq_cli.train | model: BARTModel
2022-07-12 21:50:38 | INFO | fairseq_cli.train | criterion: CrossEntropyCriterion
2022-07-12 21:50:38 | INFO | fairseq_cli.train | num. shared model params: 131,525,376 (num. trained: 131,525,376)
2022-07-12 21:50:38 | INFO | fairseq_cli.train | num. expert model params: 0 (num. trained: 0)
2022-07-12 21:50:40 | INFO | fairseq.data.data_utils | loaded 10,000 examples from: /home/dahmanir/lisa/Datasets/50_percent/valid
2022-07-12 21:50:41 | INFO | fairseq.tasks.denoising | loaded 1445 blocks from: /home/dahmanir/lisa/Datasets/50_percent/valid
2022-07-12 21:50:41 | INFO | fairseq.tasks.denoising | Split: valid, Loaded 1445 samples of denoising_dataset
2022-07-12 21:50:44 | INFO | torch.distributed.distributed_c10d | Added key: store_based_barrier_key:2 to store for rank: 0
2022-07-12 21:50:44 | INFO | torch.distributed.distributed_c10d | Rank 0: Completed store-based barrier for key:store_based_barrier_key:2 with 2 nodes.
2022-07-12 21:50:44 | INFO | fairseq.trainer | detected shared parameter: encoder.embed_tokens.weight <- decoder.embed_tokens.weight
2022-07-12 21:50:44 | INFO | fairseq.trainer | detected shared parameter: encoder.embed_tokens.weight <- decoder.output_projection.weight
2022-07-12 21:50:44 | INFO | fairseq.utils | ***********************CUDA enviroments for all 2 workers***********************
2022-07-12 21:50:44 | INFO | fairseq.utils | rank   0: capabilities =  6.1  ; total memory = 10.917 GB ; name = NVIDIA GeForce GTX 1080 Ti              
2022-07-12 21:50:44 | INFO | fairseq.utils | rank   1: capabilities =  6.1  ; total memory = 10.917 GB ; name = NVIDIA GeForce GTX 1080 Ti              
2022-07-12 21:50:44 | INFO | fairseq.utils | ***********************CUDA enviroments for all 2 workers***********************
2022-07-12 21:50:44 | INFO | fairseq_cli.train | training on 2 devices (GPUs/TPUs)
2022-07-12 21:50:44 | INFO | fairseq_cli.train | max tokens per device = 3200 and max sentences per device = None
2022-07-12 21:50:44 | INFO | fairseq.trainer | Preparing to load checkpoint /home/dahmanir/lisa/Models/BART_50.pt
2022-07-12 21:51:08 | INFO | fairseq.trainer | NOTE: your device does NOT support faster training with --fp16 or --amp, please switch to FP32 which is likely to be faster
2022-07-12 21:51:08 | INFO | fairseq.trainer | Loaded checkpoint /home/dahmanir/lisa/Models/BART_50.pt (epoch 15 @ 0 updates)
2022-07-12 21:51:08 | INFO | fairseq.trainer | loading train data for epoch 1
2022-07-12 21:51:40 | INFO | fairseq.data.data_utils | loaded 62,772,775 examples from: /home/dahmanir/lisa/Datasets/50_percent/train
2022-07-12 21:51:46 | INFO | fairseq.tasks.denoising | loaded 9137896 blocks from: /home/dahmanir/lisa/Datasets/50_percent/train
2022-07-12 21:51:46 | INFO | fairseq.tasks.denoising | Split: train, Loaded 9137896 samples of denoising_dataset
2022-07-12 21:53:13 | INFO | fairseq.data.iterators | grouped total_num_itrs = 22324
wandb: Currently logged in as: redredouane. Use `wandb login --relogin` to force relogin
wandb: wandb version 0.12.21 is available!  To upgrade, please run:
wandb:  $ pip install wandb --upgrade
wandb: Tracking run with wandb version 0.12.19
wandb: Run data is saved locally in /home/dahmanir/wandb/run-20220712_215318-2h7xelfd
wandb: Run `wandb offline` to turn off syncing.
wandb: Syncing run BART_50_finetune
wandb:  View project at https://wandb.ai/redredouane/BART
wandb:  View run at https://wandb.ai/redredouane/BART/runs/2h7xelfd
2022-07-12 21:53:23 | INFO | fairseq.trainer | begin training epoch 1
2022-07-12 21:53:23 | INFO | fairseq_cli.train | Start iterating over samples
2022-07-12 21:53:56 | INFO | fairseq.trainer | NOTE: gradient overflow detected, ignoring gradient, setting loss scale to: 64.0
2022-07-12 21:53:56 | INFO | root | Reducer buckets have been rebuilt in this iteration.
2022-07-12 21:54:20 | INFO | fairseq.trainer | NOTE: gradient overflow detected, ignoring gradient, setting loss scale to: 32.0
2022-07-12 21:54:46 | INFO | fairseq.trainer | NOTE: gradient overflow detected, ignoring gradient, setting loss scale to: 16.0
2022-07-12 21:55:53 | INFO | fairseq.trainer | NOTE: gradient overflow detected, ignoring gradient, setting loss scale to: 8.0
2022-07-12 22:01:34 | INFO | fairseq.trainer | NOTE: gradient overflow detected, ignoring gradient, setting loss scale to: 4.0
2022-07-12 22:09:05 | INFO | fairseq.trainer | NOTE: gradient overflow detected, ignoring gradient, setting loss scale to: 2.0
2022-07-12 22:41:13 | INFO | train_inner | {"epoch": 1, "update": 0.009, "loss": "1.44", "ppl": "2.71", "wps": "13359.8", "ups": "0.07", "wpb": "185314", "bsz": "409.9", "num_updates": "200", "lr": "4e-06", "gnorm": "0.203", "clip": "100", "loss_scale": "2", "train_wall": "2765", "gb_free": "4.4", "wall": "3029"}
2022-07-12 23:26:44 | INFO | train_inner | {"epoch": 1, "update": 0.018, "loss": "1.422", "ppl": "2.68", "wps": "13569.7", "ups": "0.07", "wpb": "185293", "bsz": "409.9", "num_updates": "400", "lr": "8e-06", "gnorm": "0.193", "clip": "100", "loss_scale": "4", "train_wall": "2640", "gb_free": "4.4", "wall": "5760"}
2022-07-13 00:09:47 | INFO | fairseq.trainer | NOTE: gradient overflow detected, ignoring gradient, setting loss scale to: 4.0
2022-07-13 00:12:31 | INFO | train_inner | {"epoch": 1, "update": 0.027, "loss": "1.398", "ppl": "2.64", "wps": "13492.4", "ups": "0.07", "wpb": "185341", "bsz": "409.3", "num_updates": "600", "lr": "9.998e-06", "gnorm": "0.194", "clip": "100", "loss_scale": "4", "train_wall": "2655", "gb_free": "4.4", "wall": "8507"}
2022-07-13 00:58:03 | INFO | train_inner | {"epoch": 1, "update": 0.036, "loss": "1.386", "ppl": "2.61", "wps": "13568.6", "ups": "0.07", "wpb": "185362", "bsz": "409", "num_updates": "800", "lr": "9.99399e-06", "gnorm": "0.193", "clip": "100", "loss_scale": "4", "train_wall": "2640", "gb_free": "4.4", "wall": "11240"}
2022-07-13 00:59:26 | INFO | fairseq.trainer | NOTE: gradient overflow detected, ignoring gradient, setting loss scale to: 2.0
2022-07-13 01:43:49 | INFO | train_inner | {"epoch": 1, "update": 0.045, "loss": "1.373", "ppl": "2.59", "wps": "13496.1", "ups": "0.07", "wpb": "185278", "bsz": "409.7", "num_updates": "1000", "lr": "9.98999e-06", "gnorm": "0.189", "clip": "100", "loss_scale": "2", "train_wall": "2654", "gb_free": "4.4", "wall": "13985"}
2022-07-13 02:20:27 | INFO | fairseq.trainer | NOTE: gradient overflow detected, ignoring gradient, setting loss scale to: 2.0
2022-07-13 02:29:33 | INFO | train_inner | {"epoch": 1, "update": 0.054, "loss": "1.364", "ppl": "2.57", "wps": "13504.2", "ups": "0.07", "wpb": "185286", "bsz": "409.1", "num_updates": "1200", "lr": "9.98599e-06", "gnorm": "0.189", "clip": "100", "loss_scale": "2", "train_wall": "2652", "gb_free": "4.4", "wall": "16729"}
2022-07-13 03:15:05 | INFO | train_inner | {"epoch": 1, "update": 0.063, "loss": "1.358", "ppl": "2.56", "wps": "13566.2", "ups": "0.07", "wpb": "185306", "bsz": "408.8", "num_updates": "1400", "lr": "9.98198e-06", "gnorm": "0.188", "clip": "100", "loss_scale": "2", "train_wall": "2641", "gb_free": "4.4", "wall": "19461"}
2022-07-13 04:00:36 | INFO | train_inner | {"epoch": 1, "update": 0.072, "loss": "1.35", "ppl": "2.55", "wps": "13565.6", "ups": "0.07", "wpb": "185239", "bsz": "409.6", "num_updates": "1600", "lr": "9.97798e-06", "gnorm": "0.187", "clip": "100", "loss_scale": "4", "train_wall": "2640", "gb_free": "4.4", "wall": "22192"}
2022-07-13 04:41:18 | INFO | fairseq.trainer | NOTE: gradient overflow detected, ignoring gradient, setting loss scale to: 4.0
2022-07-13 04:46:18 | INFO | train_inner | {"epoch": 1, "update": 0.081, "loss": "1.344", "ppl": "2.54", "wps": "13517.1", "ups": "0.07", "wpb": "185283", "bsz": "409.7", "num_updates": "1800", "lr": "9.97397e-06", "gnorm": "0.187", "clip": "100", "loss_scale": "4", "train_wall": "2650", "gb_free": "4.4", "wall": "24934"}
2022-07-13 05:31:49 | INFO | train_inner | {"epoch": 1, "update": 0.09, "loss": "1.339", "ppl": "2.53", "wps": "13569.8", "ups": "0.07", "wpb": "185303", "bsz": "409.9", "num_updates": "2000", "lr": "9.96997e-06", "gnorm": "0.186", "clip": "100", "loss_scale": "4", "train_wall": "2640", "gb_free": "4.3", "wall": "27665"}
2022-07-13 05:53:55 | INFO | fairseq.trainer | NOTE: gradient overflow detected, ignoring gradient, setting loss scale to: 4.0
2022-07-13 06:17:34 | INFO | train_inner | {"epoch": 1, "update": 0.099, "loss": "1.337", "ppl": "2.53", "wps": "13500", "ups": "0.07", "wpb": "185326", "bsz": "409.6", "num_updates": "2200", "lr": "9.96597e-06", "gnorm": "0.185", "clip": "100", "loss_scale": "4", "train_wall": "2653", "gb_free": "4.4", "wall": "30410"}
2022-07-13 07:03:09 | INFO | train_inner | {"epoch": 1, "update": 0.108, "loss": "1.331", "ppl": "2.52", "wps": "13550.4", "ups": "0.07", "wpb": "185302", "bsz": "408.2", "num_updates": "2400", "lr": "9.96196e-06", "gnorm": "0.185", "clip": "100", "loss_scale": "8", "train_wall": "2644", "gb_free": "4.4", "wall": "33145"}
2022-07-13 07:48:44 | INFO | train_inner | {"epoch": 1, "update": 0.117, "loss": "1.33", "ppl": "2.51", "wps": "13549.7", "ups": "0.07", "wpb": "185302", "bsz": "409.1", "num_updates": "2600", "lr": "9.95796e-06", "gnorm": "0.184", "clip": "100", "loss_scale": "8", "train_wall": "2643", "gb_free": "4.4", "wall": "35881"}
2022-07-13 07:50:47 | INFO | fairseq.trainer | NOTE: gradient overflow detected, ignoring gradient, setting loss scale to: 8.0
2022-07-13 07:52:50 | INFO | fairseq.trainer | NOTE: gradient overflow detected, ignoring gradient, setting loss scale to: 4.0
2022-07-13 08:34:45 | INFO | train_inner | {"epoch": 1, "update": 0.126, "loss": "1.326", "ppl": "2.51", "wps": "13431.2", "ups": "0.07", "wpb": "185365", "bsz": "409.1", "num_updates": "2800", "lr": "9.95395e-06", "gnorm": "0.183", "clip": "100", "loss_scale": "4", "train_wall": "2668", "gb_free": "4.4", "wall": "38641"}
2022-07-13 09:20:17 | INFO | train_inner | {"epoch": 1, "update": 0.135, "loss": "1.32", "ppl": "2.5", "wps": "13565.2", "ups": "0.07", "wpb": "185309", "bsz": "408.9", "num_updates": "3000", "lr": "9.94995e-06", "gnorm": "0.184", "clip": "100", "loss_scale": "8", "train_wall": "2641", "gb_free": "4.4", "wall": "41373"}
2022-07-13 09:50:07 | INFO | fairseq.trainer | NOTE: gradient overflow detected, ignoring gradient, setting loss scale to: 8.0
2022-07-13 10:06:02 | INFO | train_inner | {"epoch": 1, "update": 0.144, "loss": "1.318", "ppl": "2.49", "wps": "13499.9", "ups": "0.07", "wpb": "185320", "bsz": "409.3", "num_updates": "3200", "lr": "9.94595e-06", "gnorm": "0.183", "clip": "100", "loss_scale": "8", "train_wall": "2654", "gb_free": "4.4", "wall": "44118"}
2022-07-13 10:48:48 | INFO | fairseq.trainer | NOTE: gradient overflow detected, ignoring gradient, setting loss scale to: 8.0
2022-07-13 10:51:45 | INFO | train_inner | {"epoch": 1, "update": 0.153, "loss": "1.315", "ppl": "2.49", "wps": "13497.5", "ups": "0.07", "wpb": "185126", "bsz": "410", "num_updates": "3400", "lr": "9.94194e-06", "gnorm": "0.182", "clip": "100", "loss_scale": "8", "train_wall": "2651", "gb_free": "4.4", "wall": "46862"}
2022-07-13 11:29:33 | INFO | fairseq.trainer | NOTE: gradient overflow detected, ignoring gradient, setting loss scale to: 4.0
2022-07-13 11:37:30 | INFO | train_inner | {"epoch": 1, "update": 0.162, "loss": "1.313", "ppl": "2.48", "wps": "13499.4", "ups": "0.07", "wpb": "185262", "bsz": "408.6", "num_updates": "3600", "lr": "9.93794e-06", "gnorm": "0.182", "clip": "100", "loss_scale": "4", "train_wall": "2652", "gb_free": "4.4", "wall": "49606"}
2022-07-13 12:22:57 | INFO | train_inner | {"epoch": 1, "update": 0.171, "loss": "1.31", "ppl": "2.48", "wps": "13572.9", "ups": "0.07", "wpb": "185080", "bsz": "409.2", "num_updates": "3800", "lr": "9.93393e-06", "gnorm": "0.183", "clip": "100", "loss_scale": "4", "train_wall": "2636", "gb_free": "4.4", "wall": "52333"}
2022-07-13 13:08:29 | INFO | train_inner | {"epoch": 1, "update": 0.18, "loss": "1.309", "ppl": "2.48", "wps": "13555.8", "ups": "0.07", "wpb": "185161", "bsz": "408.9", "num_updates": "4000", "lr": "9.92993e-06", "gnorm": "0.182", "clip": "100", "loss_scale": "8", "train_wall": "2640", "gb_free": "4.4", "wall": "55065"}
2022-07-13 13:26:54 | INFO | fairseq.trainer | NOTE: gradient overflow detected, ignoring gradient, setting loss scale to: 8.0
2022-07-13 13:54:14 | INFO | train_inner | {"epoch": 1, "update": 0.189, "loss": "1.304", "ppl": "2.47", "wps": "13492.3", "ups": "0.07", "wpb": "185163", "bsz": "409.4", "num_updates": "4200", "lr": "9.92593e-06", "gnorm": "0.182", "clip": "100", "loss_scale": "8", "train_wall": "2653", "gb_free": "4.4", "wall": "57810"}
2022-07-13 14:24:33 | INFO | fairseq.trainer | NOTE: gradient overflow detected, ignoring gradient, setting loss scale to: 4.0
2022-07-13 14:40:01 | INFO | train_inner | {"epoch": 1, "update": 0.198, "loss": "1.302", "ppl": "2.47", "wps": "13488.6", "ups": "0.07", "wpb": "185266", "bsz": "408.9", "num_updates": "4400", "lr": "9.92192e-06", "gnorm": "0.182", "clip": "100", "loss_scale": "4", "train_wall": "2655", "gb_free": "4.4", "wall": "60557"}
2022-07-13 15:25:30 | INFO | train_inner | {"epoch": 1, "update": 0.207, "loss": "1.299", "ppl": "2.46", "wps": "13567.9", "ups": "0.07", "wpb": "185120", "bsz": "408.4", "num_updates": "4600", "lr": "9.91792e-06", "gnorm": "0.181", "clip": "100", "loss_scale": "8", "train_wall": "2637", "gb_free": "4.4", "wall": "63286"}
2022-07-13 16:11:03 | INFO | train_inner | {"epoch": 1, "update": 0.216, "loss": "1.297", "ppl": "2.46", "wps": "13559.3", "ups": "0.07", "wpb": "185284", "bsz": "409.6", "num_updates": "4800", "lr": "9.91391e-06", "gnorm": "0.181", "clip": "100", "loss_scale": "8", "train_wall": "2641", "gb_free": "4.4", "wall": "66019"}
2022-07-13 16:21:31 | INFO | fairseq.trainer | NOTE: gradient overflow detected, ignoring gradient, setting loss scale to: 8.0
2022-07-13 16:28:20 | INFO | fairseq.trainer | NOTE: gradient overflow detected, ignoring gradient, setting loss scale to: 4.0
2022-07-13 16:57:01 | INFO | train_inner | {"epoch": 1, "update": 0.225, "loss": "1.297", "ppl": "2.46", "wps": "13430.6", "ups": "0.07", "wpb": "185239", "bsz": "410.1", "num_updates": "5000", "lr": "9.90991e-06", "gnorm": "0.182", "clip": "100", "loss_scale": "4", "train_wall": "2666", "gb_free": "4.4", "wall": "68777"}
2022-07-13 17:25:40 | INFO | fairseq.trainer | NOTE: gradient overflow detected, ignoring gradient, setting loss scale to: 2.0
2022-07-13 17:42:42 | INFO | train_inner | {"epoch": 1, "update": 0.234, "loss": "1.295", "ppl": "2.45", "wps": "13502.8", "ups": "0.07", "wpb": "185018", "bsz": "408.8", "num_updates": "5200", "lr": "9.90591e-06", "gnorm": "0.182", "clip": "100", "loss_scale": "2", "train_wall": "2648", "gb_free": "4.4", "wall": "71518"}
2022-07-13 18:28:09 | INFO | train_inner | {"epoch": 1, "update": 0.243, "loss": "1.291", "ppl": "2.45", "wps": "13578.3", "ups": "0.07", "wpb": "185147", "bsz": "408.7", "num_updates": "5400", "lr": "9.9019e-06", "gnorm": "0.181", "clip": "100", "loss_scale": "4", "train_wall": "2636", "gb_free": "4.4", "wall": "74245"}
2022-07-13 19:11:25 | INFO | fairseq.trainer | NOTE: gradient overflow detected, ignoring gradient, setting loss scale to: 2.0
2022-07-13 19:13:01 | INFO | fairseq.trainer | NOTE: gradient overflow detected, ignoring gradient, setting loss scale to: 1.0
2022-07-13 19:14:09 | INFO | train_inner | {"epoch": 1, "update": 0.252, "loss": "1.29", "ppl": "2.45", "wps": "13417", "ups": "0.07", "wpb": "185193", "bsz": "408.8", "num_updates": "5600", "lr": "9.8979e-06", "gnorm": "0.181", "clip": "100", "loss_scale": "1", "train_wall": "2667", "gb_free": "4.4", "wall": "77005"}
2022-07-13 19:59:36 | INFO | train_inner | {"epoch": 1, "update": 0.261, "loss": "1.289", "ppl": "2.44", "wps": "13587.2", "ups": "0.07", "wpb": "185244", "bsz": "409.8", "num_updates": "5800", "lr": "9.89389e-06", "gnorm": "0.18", "clip": "100", "loss_scale": "1", "train_wall": "2635", "gb_free": "4.4", "wall": "79732"}
2022-07-13 20:45:06 | INFO | train_inner | {"epoch": 1, "update": 0.27, "loss": "1.288", "ppl": "2.44", "wps": "13572", "ups": "0.07", "wpb": "185254", "bsz": "408.7", "num_updates": "6000", "lr": "9.88989e-06", "gnorm": "0.181", "clip": "100", "loss_scale": "2", "train_wall": "2639", "gb_free": "4.5", "wall": "82462"}
2022-07-13 21:30:36 | INFO | train_inner | {"epoch": 1, "update": 0.279, "loss": "1.286", "ppl": "2.44", "wps": "13574.5", "ups": "0.07", "wpb": "185262", "bsz": "410.8", "num_updates": "6200", "lr": "9.88589e-06", "gnorm": "0.18", "clip": "100", "loss_scale": "4", "train_wall": "2638", "gb_free": "4.4", "wall": "85192"}
2022-07-13 22:16:02 | INFO | train_inner | {"epoch": 1, "update": 0.288, "loss": "1.281", "ppl": "2.43", "wps": "13577", "ups": "0.07", "wpb": "185113", "bsz": "409.5", "num_updates": "6400", "lr": "9.88188e-06", "gnorm": "0.181", "clip": "100", "loss_scale": "8", "train_wall": "2636", "gb_free": "4.4", "wall": "87919"}
2022-07-13 22:56:35 | INFO | fairseq.trainer | NOTE: gradient overflow detected, ignoring gradient, setting loss scale to: 4.0
2022-07-13 23:01:49 | INFO | train_inner | {"epoch": 1, "update": 0.297, "loss": "1.282", "ppl": "2.43", "wps": "13502.5", "ups": "0.07", "wpb": "185427", "bsz": "408.9", "num_updates": "6600", "lr": "9.87788e-06", "gnorm": "0.18", "clip": "100", "loss_scale": "4", "train_wall": "2654", "gb_free": "4.5", "wall": "90665"}
2022-07-13 23:47:20 | INFO | train_inner | {"epoch": 1, "update": 0.306, "loss": "1.28", "ppl": "2.43", "wps": "13568.6", "ups": "0.07", "wpb": "185286", "bsz": "409.8", "num_updates": "6800", "lr": "9.87387e-06", "gnorm": "0.18", "clip": "100", "loss_scale": "4", "train_wall": "2640", "gb_free": "4.4", "wall": "93396"}
2022-07-14 00:32:51 | INFO | train_inner | {"epoch": 1, "update": 0.315, "loss": "1.278", "ppl": "2.43", "wps": "13564.9", "ups": "0.07", "wpb": "185214", "bsz": "409.7", "num_updates": "7000", "lr": "9.86987e-06", "gnorm": "0.181", "clip": "100", "loss_scale": "8", "train_wall": "2639", "gb_free": "4.4", "wall": "96127"}
2022-07-14 00:54:02 | INFO | fairseq.trainer | NOTE: gradient overflow detected, ignoring gradient, setting loss scale to: 8.0
2022-07-14 01:18:37 | INFO | train_inner | {"epoch": 1, "update": 0.324, "loss": "1.279", "ppl": "2.43", "wps": "13491.9", "ups": "0.07", "wpb": "185260", "bsz": "409.4", "num_updates": "7200", "lr": "9.86587e-06", "gnorm": "0.18", "clip": "100", "loss_scale": "8", "train_wall": "2654", "gb_free": "4.4", "wall": "98873"}
2022-07-14 01:52:59 | INFO | fairseq.trainer | NOTE: gradient overflow detected, ignoring gradient, setting loss scale to: 8.0
2022-07-14 02:02:19 | INFO | fairseq.trainer | NOTE: gradient overflow detected, ignoring gradient, setting loss scale to: 4.0
2022-07-14 02:04:35 | INFO | train_inner | {"epoch": 1, "update": 0.333, "loss": "1.279", "ppl": "2.43", "wps": "13431.5", "ups": "0.07", "wpb": "185183", "bsz": "408.9", "num_updates": "7400", "lr": "9.86186e-06", "gnorm": "0.18", "clip": "100", "loss_scale": "4", "train_wall": "2665", "gb_free": "4.4", "wall": "101631"}
2022-07-14 02:50:07 | INFO | train_inner | {"epoch": 1, "update": 0.342, "loss": "1.278", "ppl": "2.42", "wps": "13561", "ups": "0.07", "wpb": "185289", "bsz": "409.4", "num_updates": "7600", "lr": "9.85786e-06", "gnorm": "0.179", "clip": "100", "loss_scale": "4", "train_wall": "2641", "gb_free": "4.4", "wall": "104363"}
2022-07-14 03:35:36 | INFO | train_inner | {"epoch": 1, "update": 0.351, "loss": "1.275", "ppl": "2.42", "wps": "13564.7", "ups": "0.07", "wpb": "185044", "bsz": "409.4", "num_updates": "7800", "lr": "9.85385e-06", "gnorm": "0.179", "clip": "100", "loss_scale": "8", "train_wall": "2636", "gb_free": "4.4", "wall": "107092"}
2022-07-14 03:59:00 | INFO | fairseq.trainer | NOTE: gradient overflow detected, ignoring gradient, setting loss scale to: 8.0
2022-07-14 04:21:18 | INFO | train_inner | {"epoch": 1, "update": 0.36, "loss": "1.274", "ppl": "2.42", "wps": "13500.8", "ups": "0.07", "wpb": "185124", "bsz": "409.3", "num_updates": "8000", "lr": "9.84985e-06", "gnorm": "0.179", "clip": "100", "loss_scale": "8", "train_wall": "2651", "gb_free": "4.4", "wall": "109834"}
2022-07-14 04:58:22 | INFO | fairseq.trainer | NOTE: gradient overflow detected, ignoring gradient, setting loss scale to: 8.0
2022-07-14 05:07:01 | INFO | train_inner | {"epoch": 1, "update": 0.369, "loss": "1.273", "ppl": "2.42", "wps": "13499.6", "ups": "0.07", "wpb": "185151", "bsz": "409.9", "num_updates": "8200", "lr": "9.84585e-06", "gnorm": "0.179", "clip": "100", "loss_scale": "8", "train_wall": "2651", "gb_free": "4.4", "wall": "112577"}
2022-07-14 05:26:21 | INFO | fairseq.trainer | NOTE: gradient overflow detected, ignoring gradient, setting loss scale to: 4.0
2022-07-14 05:52:46 | INFO | train_inner | {"epoch": 1, "update": 0.378, "loss": "1.269", "ppl": "2.41", "wps": "13495.1", "ups": "0.07", "wpb": "185204", "bsz": "409.4", "num_updates": "8400", "lr": "9.84184e-06", "gnorm": "0.179", "clip": "100", "loss_scale": "4", "train_wall": "2652", "gb_free": "4.4", "wall": "115322"}
2022-07-14 06:38:17 | INFO | train_inner | {"epoch": 1, "update": 0.387, "loss": "1.273", "ppl": "2.42", "wps": "13561.1", "ups": "0.07", "wpb": "185212", "bsz": "409.5", "num_updates": "8600", "lr": "9.83784e-06", "gnorm": "0.178", "clip": "100", "loss_scale": "8", "train_wall": "2640", "gb_free": "4.4", "wall": "118053"}
2022-07-14 07:23:23 | INFO | fairseq.trainer | NOTE: gradient overflow detected, ignoring gradient, setting loss scale to: 8.0
2022-07-14 07:24:04 | INFO | train_inner | {"epoch": 1, "update": 0.396, "loss": "1.269", "ppl": "2.41", "wps": "13488.4", "ups": "0.07", "wpb": "185265", "bsz": "408.8", "num_updates": "8800", "lr": "9.83383e-06", "gnorm": "0.178", "clip": "100", "loss_scale": "8", "train_wall": "2655", "gb_free": "4.4", "wall": "120800"}
2022-07-14 08:09:35 | INFO | train_inner | {"epoch": 1, "update": 0.405, "loss": "1.267", "ppl": "2.41", "wps": "13567.4", "ups": "0.07", "wpb": "185264", "bsz": "409.4", "num_updates": "9000", "lr": "9.82983e-06", "gnorm": "0.179", "clip": "100", "loss_scale": "8", "train_wall": "2639", "gb_free": "4.4", "wall": "123531"}
2022-07-14 08:10:43 | INFO | fairseq.trainer | NOTE: gradient overflow detected, ignoring gradient, setting loss scale to: 4.0
2022-07-14 08:55:22 | INFO | train_inner | {"epoch": 1, "update": 0.414, "loss": "1.264", "ppl": "2.4", "wps": "13494.2", "ups": "0.07", "wpb": "185320", "bsz": "409.6", "num_updates": "9200", "lr": "9.82583e-06", "gnorm": "0.178", "clip": "100", "loss_scale": "4", "train_wall": "2654", "gb_free": "4.4", "wall": "126278"}
2022-07-14 09:16:05 | INFO | fairseq.trainer | NOTE: gradient overflow detected, ignoring gradient, setting loss scale to: 4.0
2022-07-14 09:41:09 | INFO | train_inner | {"epoch": 1, "update": 0.423, "loss": "1.265", "ppl": "2.4", "wps": "13490.5", "ups": "0.07", "wpb": "185313", "bsz": "409.7", "num_updates": "9400", "lr": "9.82182e-06", "gnorm": "0.178", "clip": "100", "loss_scale": "4", "train_wall": "2656", "gb_free": "4.4", "wall": "129025"}
2022-07-14 10:26:37 | INFO | train_inner | {"epoch": 1, "update": 0.432, "loss": "1.264", "ppl": "2.4", "wps": "13570.1", "ups": "0.07", "wpb": "185052", "bsz": "409.3", "num_updates": "9600", "lr": "9.81782e-06", "gnorm": "0.178", "clip": "100", "loss_scale": "8", "train_wall": "2636", "gb_free": "4.4", "wall": "131753"}
2022-07-14 11:12:10 | INFO | train_inner | {"epoch": 1, "update": 0.44, "loss": "1.263", "ppl": "2.4", "wps": "13556.5", "ups": "0.07", "wpb": "185252", "bsz": "410.1", "num_updates": "9800", "lr": "9.81381e-06", "gnorm": "0.178", "clip": "100", "loss_scale": "8", "train_wall": "2641", "gb_free": "4.4", "wall": "134486"}
2022-07-14 11:13:45 | INFO | fairseq.trainer | NOTE: gradient overflow detected, ignoring gradient, setting loss scale to: 8.0
2022-07-14 11:16:43 | INFO | fairseq.trainer | NOTE: gradient overflow detected, ignoring gradient, setting loss scale to: 4.0
2022-07-14 11:58:07 | INFO | train_inner | {"epoch": 1, "update": 0.45, "loss": "1.264", "ppl": "2.4", "wps": "13427.8", "ups": "0.07", "wpb": "185122", "bsz": "409.1", "num_updates": "10000", "lr": "9.80981e-06", "gnorm": "0.178", "clip": "100", "loss_scale": "4", "train_wall": "2665", "gb_free": "4.4", "wall": "137243"}
2022-07-14 12:43:39 | INFO | train_inner | {"epoch": 1, "update": 0.458, "loss": "1.262", "ppl": "2.4", "wps": "13570.5", "ups": "0.07", "wpb": "185352", "bsz": "409.3", "num_updates": "10200", "lr": "9.80581e-06", "gnorm": "0.178", "clip": "100", "loss_scale": "8", "train_wall": "2640", "gb_free": "4.4", "wall": "139975"}
2022-07-14 13:13:29 | INFO | fairseq.trainer | NOTE: gradient overflow detected, ignoring gradient, setting loss scale to: 8.0
2022-07-14 13:29:26 | INFO | train_inner | {"epoch": 1, "update": 0.467, "loss": "1.261", "ppl": "2.4", "wps": "13487.3", "ups": "0.07", "wpb": "185246", "bsz": "408.9", "num_updates": "10400", "lr": "9.8018e-06", "gnorm": "0.177", "clip": "100", "loss_scale": "8", "train_wall": "2655", "gb_free": "4.4", "wall": "142722"}
2022-07-14 14:12:12 | INFO | fairseq.trainer | NOTE: gradient overflow detected, ignoring gradient, setting loss scale to: 8.0
2022-07-14 14:15:09 | INFO | train_inner | {"epoch": 1, "update": 0.476, "loss": "1.26", "ppl": "2.39", "wps": "13501.7", "ups": "0.07", "wpb": "185196", "bsz": "410", "num_updates": "10600", "lr": "9.7978e-06", "gnorm": "0.178", "clip": "100", "loss_scale": "8", "train_wall": "2651", "gb_free": "4.4", "wall": "145465"}
2022-07-14 15:00:38 | INFO | train_inner | {"epoch": 1, "update": 0.485, "loss": "1.257", "ppl": "2.39", "wps": "13569.6", "ups": "0.07", "wpb": "185194", "bsz": "409.4", "num_updates": "10800", "lr": "9.79379e-06", "gnorm": "0.177", "clip": "100", "loss_scale": "8", "train_wall": "2639", "gb_free": "4.4", "wall": "148195"}
2022-07-14 15:05:40 | INFO | fairseq.trainer | NOTE: gradient overflow detected, ignoring gradient, setting loss scale to: 4.0
2022-07-14 15:46:23 | INFO | train_inner | {"epoch": 1, "update": 0.494, "loss": "1.258", "ppl": "2.39", "wps": "13504.9", "ups": "0.07", "wpb": "185319", "bsz": "409.7", "num_updates": "11000", "lr": "9.78979e-06", "gnorm": "0.178", "clip": "100", "loss_scale": "4", "train_wall": "2652", "gb_free": "4.4", "wall": "150939"}
2022-07-14 16:31:53 | INFO | train_inner | {"epoch": 1, "update": 0.503, "loss": "1.254", "ppl": "2.39", "wps": "13559.1", "ups": "0.07", "wpb": "185102", "bsz": "409", "num_updates": "11200", "lr": "9.78579e-06", "gnorm": "0.178", "clip": "100", "loss_scale": "8", "train_wall": "2639", "gb_free": "4.3", "wall": "153669"}
2022-07-14 17:02:49 | INFO | fairseq.trainer | NOTE: gradient overflow detected, ignoring gradient, setting loss scale to: 8.0
2022-07-14 17:17:38 | INFO | train_inner | {"epoch": 1, "update": 0.512, "loss": "1.256", "ppl": "2.39", "wps": "13492", "ups": "0.07", "wpb": "185151", "bsz": "408.4", "num_updates": "11400", "lr": "9.78178e-06", "gnorm": "0.177", "clip": "100", "loss_scale": "8", "train_wall": "2653", "gb_free": "4.4", "wall": "156414"}
2022-07-14 18:02:17 | INFO | fairseq.trainer | NOTE: gradient overflow detected, ignoring gradient, setting loss scale to: 8.0
2022-07-14 18:03:25 | INFO | train_inner | {"epoch": 1, "update": 0.521, "loss": "1.254", "ppl": "2.39", "wps": "13488.4", "ups": "0.07", "wpb": "185267", "bsz": "409.7", "num_updates": "11600", "lr": "9.77778e-06", "gnorm": "0.177", "clip": "100", "loss_scale": "8", "train_wall": "2654", "gb_free": "4.4", "wall": "159161"}
2022-07-14 18:48:58 | INFO | train_inner | {"epoch": 1, "update": 0.53, "loss": "1.255", "ppl": "2.39", "wps": "13553.7", "ups": "0.07", "wpb": "185234", "bsz": "409.1", "num_updates": "11800", "lr": "9.77377e-06", "gnorm": "0.178", "clip": "100", "loss_scale": "8", "train_wall": "2642", "gb_free": "4.4", "wall": "161894"}
2022-07-14 19:01:57 | INFO | fairseq.trainer | NOTE: gradient overflow detected, ignoring gradient, setting loss scale to: 8.0
2022-07-14 19:34:44 | INFO | train_inner | {"epoch": 1, "update": 0.539, "loss": "1.255", "ppl": "2.39", "wps": "13491.6", "ups": "0.07", "wpb": "185235", "bsz": "409.8", "num_updates": "12000", "lr": "9.76977e-06", "gnorm": "0.177", "clip": "100", "loss_scale": "8", "train_wall": "2654", "gb_free": "4.4", "wall": "164640"}
2022-07-14 20:03:00 | INFO | fairseq.trainer | NOTE: gradient overflow detected, ignoring gradient, setting loss scale to: 8.0
2022-07-14 20:20:30 | INFO | train_inner | {"epoch": 1, "update": 0.548, "loss": "1.253", "ppl": "2.38", "wps": "13489.7", "ups": "0.07", "wpb": "185225", "bsz": "409.2", "num_updates": "12200", "lr": "9.76577e-06", "gnorm": "0.177", "clip": "100", "loss_scale": "8", "train_wall": "2654", "gb_free": "4.4", "wall": "167386"}
2022-07-14 21:04:14 | INFO | fairseq.trainer | NOTE: gradient overflow detected, ignoring gradient, setting loss scale to: 8.0
2022-07-14 21:06:17 | INFO | train_inner | {"epoch": 1, "update": 0.557, "loss": "1.251", "ppl": "2.38", "wps": "13486.7", "ups": "0.07", "wpb": "185207", "bsz": "409.7", "num_updates": "12400", "lr": "9.76176e-06", "gnorm": "0.177", "clip": "100", "loss_scale": "8", "train_wall": "2654", "gb_free": "4.4", "wall": "170133"}
2022-07-14 21:40:50 | INFO | fairseq.trainer | NOTE: gradient overflow detected, ignoring gradient, setting loss scale to: 4.0
2022-07-14 21:51:59 | INFO | train_inner | {"epoch": 1, "update": 0.566, "loss": "1.251", "ppl": "2.38", "wps": "13508.2", "ups": "0.07", "wpb": "185222", "bsz": "409.3", "num_updates": "12600", "lr": "9.75776e-06", "gnorm": "0.177", "clip": "100", "loss_scale": "4", "train_wall": "2652", "gb_free": "4.4", "wall": "172875"}
2022-07-14 22:37:29 | INFO | train_inner | {"epoch": 1, "update": 0.575, "loss": "1.25", "ppl": "2.38", "wps": "13562.2", "ups": "0.07", "wpb": "185133", "bsz": "409.2", "num_updates": "12800", "lr": "9.75375e-06", "gnorm": "0.178", "clip": "100", "loss_scale": "4", "train_wall": "2639", "gb_free": "4.4", "wall": "175605"}
2022-07-14 23:05:17 | INFO | fairseq.trainer | NOTE: gradient overflow detected, ignoring gradient, setting loss scale to: 4.0
2022-07-14 23:23:15 | INFO | train_inner | {"epoch": 1, "update": 0.584, "loss": "1.251", "ppl": "2.38", "wps": "13494.6", "ups": "0.07", "wpb": "185240", "bsz": "409", "num_updates": "13000", "lr": "9.74975e-06", "gnorm": "0.177", "clip": "100", "loss_scale": "4", "train_wall": "2654", "gb_free": "4.4", "wall": "178351"}
2022-07-15 00:08:45 | INFO | train_inner | {"epoch": 1, "update": 0.593, "loss": "1.248", "ppl": "2.38", "wps": "13574.7", "ups": "0.07", "wpb": "185308", "bsz": "409", "num_updates": "13200", "lr": "9.74575e-06", "gnorm": "0.177", "clip": "100", "loss_scale": "8", "train_wall": "2639", "gb_free": "4.4", "wall": "181081"}
2022-07-15 00:54:14 | INFO | train_inner | {"epoch": 1, "update": 0.602, "loss": "1.246", "ppl": "2.37", "wps": "13572.9", "ups": "0.07", "wpb": "185170", "bsz": "408.9", "num_updates": "13400", "lr": "9.74174e-06", "gnorm": "0.176", "clip": "100", "loss_scale": "8", "train_wall": "2639", "gb_free": "4.4", "wall": "183810"}
2022-07-15 01:04:40 | INFO | fairseq.trainer | NOTE: gradient overflow detected, ignoring gradient, setting loss scale to: 8.0
2022-07-15 01:39:58 | INFO | train_inner | {"epoch": 1, "update": 0.611, "loss": "1.244", "ppl": "2.37", "wps": "13496.7", "ups": "0.07", "wpb": "185214", "bsz": "410", "num_updates": "13600", "lr": "9.73774e-06", "gnorm": "0.176", "clip": "100", "loss_scale": "8", "train_wall": "2653", "gb_free": "4.4", "wall": "186554"}
2022-07-15 02:04:49 | INFO | fairseq.trainer | NOTE: gradient overflow detected, ignoring gradient, setting loss scale to: 8.0
2022-07-15 02:25:46 | INFO | train_inner | {"epoch": 1, "update": 0.62, "loss": "1.246", "ppl": "2.37", "wps": "13495", "ups": "0.07", "wpb": "185399", "bsz": "409.4", "num_updates": "13800", "lr": "9.73373e-06", "gnorm": "0.176", "clip": "100", "loss_scale": "8", "train_wall": "2656", "gb_free": "4.4", "wall": "189302"}
2022-07-15 03:03:46 | INFO | fairseq.trainer | NOTE: gradient overflow detected, ignoring gradient, setting loss scale to: 8.0
2022-07-15 03:11:32 | INFO | train_inner | {"epoch": 1, "update": 0.629, "loss": "1.243", "ppl": "2.37", "wps": "13499.8", "ups": "0.07", "wpb": "185379", "bsz": "409.4", "num_updates": "14000", "lr": "9.72973e-06", "gnorm": "0.176", "clip": "100", "loss_scale": "8", "train_wall": "2654", "gb_free": "4.4", "wall": "192048"}
2022-07-15 03:57:03 | INFO | train_inner | {"epoch": 1, "update": 0.638, "loss": "1.246", "ppl": "2.37", "wps": "13563.3", "ups": "0.07", "wpb": "185205", "bsz": "409.1", "num_updates": "14200", "lr": "9.72573e-06", "gnorm": "0.176", "clip": "100", "loss_scale": "8", "train_wall": "2639", "gb_free": "4.4", "wall": "194779"}
2022-07-15 04:02:31 | INFO | fairseq.trainer | NOTE: gradient overflow detected, ignoring gradient, setting loss scale to: 8.0
2022-07-15 04:42:49 | INFO | train_inner | {"epoch": 1, "update": 0.647, "loss": "1.244", "ppl": "2.37", "wps": "13498.6", "ups": "0.07", "wpb": "185314", "bsz": "410.3", "num_updates": "14400", "lr": "9.72172e-06", "gnorm": "0.175", "clip": "100", "loss_scale": "8", "train_wall": "2653", "gb_free": "4.4", "wall": "197525"}
2022-07-15 05:01:15 | INFO | fairseq.trainer | NOTE: gradient overflow detected, ignoring gradient, setting loss scale to: 8.0
2022-07-15 05:28:31 | INFO | train_inner | {"epoch": 1, "update": 0.656, "loss": "1.242", "ppl": "2.37", "wps": "13502.3", "ups": "0.07", "wpb": "185104", "bsz": "409.5", "num_updates": "14600", "lr": "9.71772e-06", "gnorm": "0.176", "clip": "100", "loss_scale": "8", "train_wall": "2650", "gb_free": "4.4", "wall": "200267"}
2022-07-15 05:59:43 | INFO | fairseq.trainer | NOTE: gradient overflow detected, ignoring gradient, setting loss scale to: 8.0
2022-07-15 06:14:17 | INFO | train_inner | {"epoch": 1, "update": 0.665, "loss": "1.243", "ppl": "2.37", "wps": "13498.7", "ups": "0.07", "wpb": "185333", "bsz": "408.1", "num_updates": "14800", "lr": "9.71371e-06", "gnorm": "0.176", "clip": "100", "loss_scale": "8", "train_wall": "2655", "gb_free": "4.4", "wall": "203013"}
2022-07-15 06:44:44 | INFO | fairseq.trainer | NOTE: gradient overflow detected, ignoring gradient, setting loss scale to: 4.0
2022-07-15 06:59:59 | INFO | train_inner | {"epoch": 1, "update": 0.674, "loss": "1.241", "ppl": "2.36", "wps": "13506.5", "ups": "0.07", "wpb": "185220", "bsz": "409.4", "num_updates": "15000", "lr": "9.70971e-06", "gnorm": "0.176", "clip": "100", "loss_scale": "4", "train_wall": "2651", "gb_free": "4.4", "wall": "205755"}
2022-07-15 07:45:30 | INFO | train_inner | {"epoch": 1, "update": 0.683, "loss": "1.239", "ppl": "2.36", "wps": "13569.6", "ups": "0.07", "wpb": "185287", "bsz": "409.4", "num_updates": "15200", "lr": "9.70571e-06", "gnorm": "0.177", "clip": "100", "loss_scale": "8", "train_wall": "2639", "gb_free": "4.4", "wall": "208486"}
2022-07-15 08:31:01 | INFO | train_inner | {"epoch": 1, "update": 0.692, "loss": "1.24", "ppl": "2.36", "wps": "13571.2", "ups": "0.07", "wpb": "185280", "bsz": "408.8", "num_updates": "15400", "lr": "9.7017e-06", "gnorm": "0.176", "clip": "100", "loss_scale": "8", "train_wall": "2640", "gb_free": "4.4", "wall": "211217"}
2022-07-15 08:41:44 | INFO | fairseq.trainer | NOTE: gradient overflow detected, ignoring gradient, setting loss scale to: 8.0
2022-07-15 09:16:45 | INFO | train_inner | {"epoch": 1, "update": 0.701, "loss": "1.24", "ppl": "2.36", "wps": "13499.1", "ups": "0.07", "wpb": "185262", "bsz": "409.2", "num_updates": "15600", "lr": "9.6977e-06", "gnorm": "0.176", "clip": "100", "loss_scale": "8", "train_wall": "2653", "gb_free": "4.4", "wall": "213962"}
2022-07-15 09:42:42 | INFO | fairseq.trainer | NOTE: gradient overflow detected, ignoring gradient, setting loss scale to: 8.0
2022-07-15 10:02:29 | INFO | train_inner | {"epoch": 1, "update": 0.71, "loss": "1.238", "ppl": "2.36", "wps": "13502.1", "ups": "0.07", "wpb": "185216", "bsz": "409.2", "num_updates": "15800", "lr": "9.69369e-06", "gnorm": "0.175", "clip": "100", "loss_scale": "8", "train_wall": "2651", "gb_free": "4.4", "wall": "216705"}
2022-07-15 10:42:57 | INFO | fairseq.trainer | NOTE: gradient overflow detected, ignoring gradient, setting loss scale to: 8.0
2022-07-15 10:48:11 | INFO | train_inner | {"epoch": 1, "update": 0.719, "loss": "1.238", "ppl": "2.36", "wps": "13504.8", "ups": "0.07", "wpb": "185177", "bsz": "408.8", "num_updates": "16000", "lr": "9.68969e-06", "gnorm": "0.176", "clip": "100", "loss_scale": "8", "train_wall": "2651", "gb_free": "4.4", "wall": "219447"}
2022-07-15 11:33:42 | INFO | train_inner | {"epoch": 1, "update": 0.728, "loss": "1.239", "ppl": "2.36", "wps": "13573.2", "ups": "0.07", "wpb": "185285", "bsz": "409.6", "num_updates": "16200", "lr": "9.68569e-06", "gnorm": "0.175", "clip": "100", "loss_scale": "8", "train_wall": "2639", "gb_free": "4.4", "wall": "222178"}
2022-07-15 11:36:25 | INFO | fairseq.trainer | NOTE: gradient overflow detected, ignoring gradient, setting loss scale to: 4.0
2022-07-15 12:19:50 | INFO | train_inner | {"epoch": 1, "update": 0.737, "loss": "1.238", "ppl": "2.36", "wps": "13384.6", "ups": "0.07", "wpb": "185250", "bsz": "410.3", "num_updates": "16400", "lr": "9.68168e-06", "gnorm": "0.176", "clip": "100", "loss_scale": "4", "train_wall": "2648", "gb_free": "4.4", "wall": "224946"}
2022-07-15 13:05:15 | INFO | train_inner | {"epoch": 1, "update": 0.746, "loss": "1.236", "ppl": "2.36", "wps": "13579.2", "ups": "0.07", "wpb": "185056", "bsz": "410", "num_updates": "16600", "lr": "9.67768e-06", "gnorm": "0.176", "clip": "100", "loss_scale": "8", "train_wall": "2636", "gb_free": "4.4", "wall": "227671"}
2022-07-15 13:33:25 | INFO | fairseq.trainer | NOTE: gradient overflow detected, ignoring gradient, setting loss scale to: 8.0
2022-07-15 13:50:57 | INFO | train_inner | {"epoch": 1, "update": 0.755, "loss": "1.236", "ppl": "2.36", "wps": "13503.1", "ups": "0.07", "wpb": "185125", "bsz": "409.3", "num_updates": "16800", "lr": "9.67367e-06", "gnorm": "0.175", "clip": "100", "loss_scale": "8", "train_wall": "2651", "gb_free": "4.4", "wall": "230413"}
2022-07-15 14:33:55 | INFO | fairseq.trainer | NOTE: gradient overflow detected, ignoring gradient, setting loss scale to: 8.0
2022-07-15 14:36:39 | INFO | train_inner | {"epoch": 1, "update": 0.764, "loss": "1.234", "ppl": "2.35", "wps": "13510.4", "ups": "0.07", "wpb": "185196", "bsz": "409.6", "num_updates": "17000", "lr": "9.66967e-06", "gnorm": "0.176", "clip": "100", "loss_scale": "8", "train_wall": "2652", "gb_free": "4.4", "wall": "233155"}
2022-07-15 15:22:09 | INFO | train_inner | {"epoch": 1, "update": 0.773, "loss": "1.233", "ppl": "2.35", "wps": "13571.8", "ups": "0.07", "wpb": "185250", "bsz": "408.6", "num_updates": "17200", "lr": "9.66567e-06", "gnorm": "0.175", "clip": "100", "loss_scale": "8", "train_wall": "2639", "gb_free": "4.4", "wall": "235885"}
2022-07-15 15:35:18 | INFO | fairseq.trainer | NOTE: gradient overflow detected, ignoring gradient, setting loss scale to: 8.0
2022-07-15 16:07:52 | INFO | train_inner | {"epoch": 1, "update": 0.782, "loss": "1.235", "ppl": "2.35", "wps": "13500", "ups": "0.07", "wpb": "185151", "bsz": "409", "num_updates": "17400", "lr": "9.66166e-06", "gnorm": "0.175", "clip": "100", "loss_scale": "8", "train_wall": "2651", "gb_free": "4.4", "wall": "238628"}
2022-07-15 16:38:47 | INFO | fairseq.trainer | NOTE: gradient overflow detected, ignoring gradient, setting loss scale to: 8.0
2022-07-15 16:53:35 | INFO | train_inner | {"epoch": 1, "update": 0.791, "loss": "1.234", "ppl": "2.35", "wps": "13502.5", "ups": "0.07", "wpb": "185180", "bsz": "408.6", "num_updates": "17600", "lr": "9.65766e-06", "gnorm": "0.175", "clip": "100", "loss_scale": "8", "train_wall": "2652", "gb_free": "4.4", "wall": "241371"}
2022-07-15 17:37:17 | INFO | fairseq.trainer | NOTE: gradient overflow detected, ignoring gradient, setting loss scale to: 8.0
2022-07-15 17:39:20 | INFO | train_inner | {"epoch": 1, "update": 0.8, "loss": "1.232", "ppl": "2.35", "wps": "13498.5", "ups": "0.07", "wpb": "185277", "bsz": "408.9", "num_updates": "17800", "lr": "9.65365e-06", "gnorm": "0.175", "clip": "100", "loss_scale": "8", "train_wall": "2653", "gb_free": "4.4", "wall": "244116"}
2022-07-15 18:24:53 | INFO | train_inner | {"epoch": 1, "update": 0.809, "loss": "1.231", "ppl": "2.35", "wps": "13557.4", "ups": "0.07", "wpb": "185266", "bsz": "409", "num_updates": "18000", "lr": "9.64965e-06", "gnorm": "0.175", "clip": "100", "loss_scale": "8", "train_wall": "2642", "gb_free": "4.4", "wall": "246849"}
2022-07-15 18:36:16 | INFO | fairseq.trainer | NOTE: gradient overflow detected, ignoring gradient, setting loss scale to: 8.0
2022-07-15 18:57:14 | INFO | fairseq.trainer | NOTE: gradient overflow detected, ignoring gradient, setting loss scale to: 4.0
2022-07-15 19:10:55 | INFO | train_inner | {"epoch": 1, "update": 0.818, "loss": "1.231", "ppl": "2.35", "wps": "13424.8", "ups": "0.07", "wpb": "185412", "bsz": "409.4", "num_updates": "18200", "lr": "9.64565e-06", "gnorm": "0.176", "clip": "100", "loss_scale": "4", "train_wall": "2670", "gb_free": "4.4", "wall": "249611"}
2022-07-15 19:56:24 | INFO | train_inner | {"epoch": 1, "update": 0.827, "loss": "1.232", "ppl": "2.35", "wps": "13572.8", "ups": "0.07", "wpb": "185212", "bsz": "409.1", "num_updates": "18400", "lr": "9.64164e-06", "gnorm": "0.175", "clip": "100", "loss_scale": "8", "train_wall": "2638", "gb_free": "4.3", "wall": "252340"}
2022-07-15 20:41:57 | INFO | train_inner | {"epoch": 1, "update": 0.836, "loss": "1.228", "ppl": "2.34", "wps": "13554.9", "ups": "0.07", "wpb": "185229", "bsz": "408.9", "num_updates": "18600", "lr": "9.63764e-06", "gnorm": "0.176", "clip": "100", "loss_scale": "8", "train_wall": "2641", "gb_free": "4.4", "wall": "255073"}
2022-07-15 20:54:55 | INFO | fairseq.trainer | NOTE: gradient overflow detected, ignoring gradient, setting loss scale to: 8.0
2022-07-15 21:27:41 | INFO | train_inner | {"epoch": 1, "update": 0.845, "loss": "1.231", "ppl": "2.35", "wps": "13502.6", "ups": "0.07", "wpb": "185236", "bsz": "410", "num_updates": "18800", "lr": "9.63363e-06", "gnorm": "0.175", "clip": "100", "loss_scale": "8", "train_wall": "2651", "gb_free": "4.4", "wall": "257817"}
2022-07-15 21:53:23 | INFO | fairseq.trainer | NOTE: gradient overflow detected, ignoring gradient, setting loss scale to: 8.0
2022-07-15 22:13:26 | INFO | train_inner | {"epoch": 1, "update": 0.854, "loss": "1.229", "ppl": "2.34", "wps": "13495.4", "ups": "0.07", "wpb": "185220", "bsz": "410", "num_updates": "19000", "lr": "9.62963e-06", "gnorm": "0.175", "clip": "100", "loss_scale": "8", "train_wall": "2653", "gb_free": "4.4", "wall": "260562"}
2022-07-15 22:57:36 | INFO | fairseq.trainer | NOTE: gradient overflow detected, ignoring gradient, setting loss scale to: 8.0
2022-07-15 22:59:11 | INFO | train_inner | {"epoch": 1, "update": 0.863, "loss": "1.227", "ppl": "2.34", "wps": "13491.5", "ups": "0.07", "wpb": "185211", "bsz": "409.2", "num_updates": "19200", "lr": "9.62563e-06", "gnorm": "0.174", "clip": "100", "loss_scale": "8", "train_wall": "2653", "gb_free": "4.4", "wall": "263308"}
2022-07-15 23:44:40 | INFO | train_inner | {"epoch": 1, "update": 0.872, "loss": "1.228", "ppl": "2.34", "wps": "13565.9", "ups": "0.07", "wpb": "185089", "bsz": "409.3", "num_updates": "19400", "lr": "9.62162e-06", "gnorm": "0.175", "clip": "100", "loss_scale": "8", "train_wall": "2636", "gb_free": "4.4", "wall": "266036"}
2022-07-15 23:56:02 | INFO | fairseq.trainer | NOTE: gradient overflow detected, ignoring gradient, setting loss scale to: 8.0
2022-07-16 00:30:26 | INFO | train_inner | {"epoch": 1, "update": 0.881, "loss": "1.228", "ppl": "2.34", "wps": "13494.7", "ups": "0.07", "wpb": "185276", "bsz": "409.2", "num_updates": "19600", "lr": "9.61762e-06", "gnorm": "0.175", "clip": "100", "loss_scale": "8", "train_wall": "2654", "gb_free": "4.4", "wall": "268782"}
wandb: Network error (ReadTimeout), entering retry loop.
2022-07-16 00:54:34 | INFO | fairseq.trainer | NOTE: gradient overflow detected, ignoring gradient, setting loss scale to: 8.0
2022-07-16 01:16:12 | INFO | train_inner | {"epoch": 1, "update": 0.89, "loss": "1.226", "ppl": "2.34", "wps": "13497.1", "ups": "0.07", "wpb": "185282", "bsz": "409.6", "num_updates": "19800", "lr": "9.61361e-06", "gnorm": "0.174", "clip": "100", "loss_scale": "8", "train_wall": "2653", "gb_free": "4.4", "wall": "271528"}
2022-07-16 01:53:20 | INFO | fairseq.trainer | NOTE: gradient overflow detected, ignoring gradient, setting loss scale to: 8.0
2022-07-16 02:02:00 | INFO | train_inner | {"epoch": 1, "update": 0.899, "loss": "1.227", "ppl": "2.34", "wps": "13492.5", "ups": "0.07", "wpb": "185388", "bsz": "409.6", "num_updates": "20000", "lr": "9.60961e-06", "gnorm": "0.175", "clip": "100", "loss_scale": "8", "train_wall": "2656", "gb_free": "4.4", "wall": "274276"}
2022-07-16 02:47:32 | INFO | train_inner | {"epoch": 1, "update": 0.908, "loss": "1.226", "ppl": "2.34", "wps": "13561.2", "ups": "0.07", "wpb": "185284", "bsz": "408.8", "num_updates": "20200", "lr": "9.60561e-06", "gnorm": "0.175", "clip": "100", "loss_scale": "8", "train_wall": "2641", "gb_free": "4.3", "wall": "277008"}
2022-07-16 02:54:23 | INFO | fairseq.trainer | NOTE: gradient overflow detected, ignoring gradient, setting loss scale to: 8.0
2022-07-16 03:33:19 | INFO | train_inner | {"epoch": 1, "update": 0.917, "loss": "1.226", "ppl": "2.34", "wps": "13498.6", "ups": "0.07", "wpb": "185366", "bsz": "409.4", "num_updates": "20400", "lr": "9.6016e-06", "gnorm": "0.175", "clip": "100", "loss_scale": "8", "train_wall": "2655", "gb_free": "4.4", "wall": "279755"}
2022-07-16 03:53:19 | INFO | fairseq.trainer | NOTE: gradient overflow detected, ignoring gradient, setting loss scale to: 8.0
2022-07-16 04:19:03 | INFO | train_inner | {"epoch": 1, "update": 0.926, "loss": "1.224", "ppl": "2.34", "wps": "13497", "ups": "0.07", "wpb": "185205", "bsz": "410.4", "num_updates": "20600", "lr": "9.5976e-06", "gnorm": "0.175", "clip": "100", "loss_scale": "8", "train_wall": "2653", "gb_free": "4.4", "wall": "282499"}
2022-07-16 04:42:13 | INFO | fairseq.trainer | NOTE: gradient overflow detected, ignoring gradient, setting loss scale to: 4.0
2022-07-16 05:04:44 | INFO | train_inner | {"epoch": 1, "update": 0.935, "loss": "1.224", "ppl": "2.34", "wps": "13506.2", "ups": "0.07", "wpb": "185067", "bsz": "409.2", "num_updates": "20800", "lr": "9.59359e-06", "gnorm": "0.175", "clip": "100", "loss_scale": "4", "train_wall": "2649", "gb_free": "4.4", "wall": "285240"}
2022-07-16 05:50:13 | INFO | train_inner | {"epoch": 1, "update": 0.944, "loss": "1.224", "ppl": "2.34", "wps": "13567.7", "ups": "0.07", "wpb": "185157", "bsz": "409.5", "num_updates": "21000", "lr": "9.58959e-06", "gnorm": "0.176", "clip": "100", "loss_scale": "8", "train_wall": "2637", "gb_free": "4.4", "wall": "287969"}
2022-07-16 05:52:02 | INFO | fairseq.trainer | NOTE: gradient overflow detected, ignoring gradient, setting loss scale to: 4.0
2022-07-16 06:36:00 | INFO | train_inner | {"epoch": 1, "update": 0.953, "loss": "1.223", "ppl": "2.33", "wps": "13495.4", "ups": "0.07", "wpb": "185337", "bsz": "409.4", "num_updates": "21200", "lr": "9.58559e-06", "gnorm": "0.174", "clip": "100", "loss_scale": "4", "train_wall": "2654", "gb_free": "4.4", "wall": "290716"}
2022-07-16 07:21:33 | INFO | train_inner | {"epoch": 1, "update": 0.962, "loss": "1.224", "ppl": "2.34", "wps": "13561.2", "ups": "0.07", "wpb": "185358", "bsz": "409.9", "num_updates": "21400", "lr": "9.58158e-06", "gnorm": "0.175", "clip": "100", "loss_scale": "8", "train_wall": "2642", "gb_free": "4.4", "wall": "293449"}
2022-07-16 07:32:42 | INFO | fairseq.trainer | NOTE: gradient overflow detected, ignoring gradient, setting loss scale to: 4.0
2022-07-16 08:01:20 | INFO | fairseq.trainer | NOTE: gradient overflow detected, ignoring gradient, setting loss scale to: 2.0
2022-07-16 08:07:30 | INFO | train_inner | {"epoch": 1, "update": 0.971, "loss": "1.224", "ppl": "2.34", "wps": "13437.1", "ups": "0.07", "wpb": "185196", "bsz": "409.4", "num_updates": "21600", "lr": "9.57758e-06", "gnorm": "0.174", "clip": "100", "loss_scale": "2", "train_wall": "2664", "gb_free": "4.4", "wall": "296206"}
2022-07-16 08:52:58 | INFO | train_inner | {"epoch": 1, "update": 0.98, "loss": "1.224", "ppl": "2.34", "wps": "13577.4", "ups": "0.07", "wpb": "185222", "bsz": "408.6", "num_updates": "21800", "lr": "9.57357e-06", "gnorm": "0.176", "clip": "100", "loss_scale": "2", "train_wall": "2637", "gb_free": "4.4", "wall": "298934"}
2022-07-16 09:38:24 | INFO | train_inner | {"epoch": 1, "update": 0.989, "loss": "1.221", "ppl": "2.33", "wps": "13588.8", "ups": "0.07", "wpb": "185209", "bsz": "409.7", "num_updates": "22000", "lr": "9.56957e-06", "gnorm": "0.174", "clip": "100", "loss_scale": "4", "train_wall": "2635", "gb_free": "4.4", "wall": "301660"}
2022-07-16 10:23:54 | INFO | train_inner | {"epoch": 1, "update": 0.998, "loss": "1.219", "ppl": "2.33", "wps": "13565.6", "ups": "0.07", "wpb": "185175", "bsz": "409", "num_updates": "22200", "lr": "9.56557e-06", "gnorm": "0.175", "clip": "100", "loss_scale": "8", "train_wall": "2639", "gb_free": "4.4", "wall": "304390"}
2022-07-16 10:34:59 | INFO | fairseq_cli.train | begin validation on "valid" subset
2022-07-16 10:35:21 | INFO | valid | {"epoch": 1, "valid_loss": "1.192", "valid_ppl": "2.28", "valid_wps": "36249.5", "valid_wpb": "5748.7", "valid_bsz": "12.7", "valid_num_updates": "22249"}
2022-07-16 10:35:21 | INFO | fairseq.checkpoint_utils | Preparing to save checkpoint for epoch 1 @ 22249 updates
2022-07-16 10:35:21 | INFO | fairseq.trainer | Saving checkpoint to /home/dahmanir/BART_50_finetune/checkpoint1.pt
2022-07-16 10:35:29 | INFO | fairseq.trainer | Finished saving checkpoint to /home/dahmanir/BART_50_finetune/checkpoint1.pt
2022-07-16 10:35:29 | INFO | fairseq.checkpoint_utils | Saved checkpoint BART_50_finetune/checkpoint1.pt (epoch 1 @ 22249 updates, score 1.192) (writing took 8.09475739998743 seconds)
2022-07-16 10:35:29 | INFO | fairseq_cli.train | end of epoch 1 (average epoch stats below)
2022-07-16 10:35:29 | INFO | train | {"epoch": 1, "train_loss": "1.27", "train_ppl": "2.41", "train_wps": "13519.9", "train_ups": "0.07", "train_wpb": "185234", "train_bsz": "409.3", "train_num_updates": "22249", "train_lr": "9.56458e-06", "train_gnorm": "0.179", "train_clip": "100", "train_loss_scale": "8", "train_train_wall": "294651", "train_gb_free": "4.5", "train_wall": "305085"}
2022-07-16 10:35:29 | INFO | fairseq_cli.train | done training in 304937.5 seconds
slurmstepd: error: *** JOB 9729105 ON r31n2 CANCELLED AT 2022-07-17T21:50:33 DUE TO TIME LIMIT ***
