2022-07-12 21:47:41 | INFO | fairseq.distributed.utils | distributed init (rank 1): tcp://localhost:15695
2022-07-12 21:47:41 | INFO | fairseq.distributed.utils | distributed init (rank 0): tcp://localhost:15695
2022-07-12 21:47:41 | INFO | torch.distributed.distributed_c10d | Added key: store_based_barrier_key:1 to store for rank: 1
2022-07-12 21:47:41 | INFO | torch.distributed.distributed_c10d | Added key: store_based_barrier_key:1 to store for rank: 0
2022-07-12 21:47:41 | INFO | torch.distributed.distributed_c10d | Rank 0: Completed store-based barrier for key:store_based_barrier_key:1 with 2 nodes.
2022-07-12 21:47:41 | INFO | fairseq.distributed.utils | initialized host r30n1.lisa.surfsara.nl as rank 0
2022-07-12 21:47:41 | INFO | torch.distributed.distributed_c10d | Rank 1: Completed store-based barrier for key:store_based_barrier_key:1 with 2 nodes.
2022-07-12 21:47:41 | INFO | fairseq.distributed.utils | initialized host r30n1.lisa.surfsara.nl as rank 1
2022-07-12 21:47:45 | INFO | fairseq_cli.train | {'_name': None, 'common': {'_name': None, 'no_progress_bar': False, 'log_interval': 200, 'log_format': 'json', 'log_file': None, 'tensorboard_logdir': None, 'wandb_project': 'BART', 'azureml_logging': False, 'seed': 4, 'cpu': False, 'tpu': False, 'bf16': False, 'memory_efficient_bf16': False, 'fp16': True, 'memory_efficient_fp16': False, 'fp16_no_flatten_grads': False, 'fp16_init_scale': 128, 'fp16_scale_window': None, 'fp16_scale_tolerance': 0.0, 'on_cpu_convert_precision': False, 'min_loss_scale': 0.0001, 'threshold_loss_scale': None, 'amp': False, 'amp_batch_retries': 2, 'amp_init_scale': 128, 'amp_scale_window': None, 'user_dir': None, 'empty_cache_freq': 0, 'all_gather_list_size': 16384, 'model_parallel_size': 1, 'quantization_config_path': None, 'profile': False, 'reset_logging': False, 'suppress_crashes': False, 'use_plasma_view': False, 'plasma_path': '/tmp/plasma'}, 'common_eval': {'_name': None, 'path': None, 'post_process': None, 'quiet': False, 'model_overrides': '{}', 'results_path': None}, 'distributed_training': {'_name': None, 'distributed_world_size': 2, 'distributed_num_procs': 2, 'distributed_rank': 0, 'distributed_backend': 'nccl', 'distributed_init_method': 'tcp://localhost:15695', 'distributed_port': -1, 'device_id': 0, 'distributed_no_spawn': False, 'ddp_backend': 'pytorch_ddp', 'ddp_comm_hook': 'none', 'bucket_cap_mb': 25, 'fix_batches_to_gpus': False, 'find_unused_parameters': False, 'gradient_as_bucket_view': False, 'fast_stat_sync': False, 'heartbeat_timeout': -1, 'broadcast_buffers': False, 'slowmo_momentum': None, 'slowmo_base_algorithm': 'localsgd', 'localsgd_frequency': 3, 'nprocs_per_node': 2, 'pipeline_model_parallel': False, 'pipeline_balance': None, 'pipeline_devices': None, 'pipeline_chunks': 0, 'pipeline_encoder_balance': None, 'pipeline_encoder_devices': None, 'pipeline_decoder_balance': None, 'pipeline_decoder_devices': None, 'pipeline_checkpoint': 'never', 'zero_sharding': 'none', 'fp16': True, 'memory_efficient_fp16': False, 'tpu': False, 'no_reshard_after_forward': False, 'fp32_reduce_scatter': False, 'cpu_offload': False, 'use_sharded_state': False, 'not_fsdp_flatten_parameters': False}, 'dataset': {'_name': None, 'num_workers': 1, 'skip_invalid_size_inputs_valid_test': True, 'max_tokens': 3200, 'batch_size': None, 'required_batch_size_multiple': 8, 'required_seq_len_multiple': 1, 'dataset_impl': None, 'data_buffer_size': 10, 'train_subset': 'train', 'valid_subset': 'valid', 'combine_valid_subsets': None, 'ignore_unused_valid_subsets': False, 'validate_interval': 1, 'validate_interval_updates': 0, 'validate_after_updates': 0, 'fixed_validation_seed': None, 'disable_validation': False, 'max_tokens_valid': 3200, 'batch_size_valid': None, 'max_valid_steps': None, 'curriculum': 0, 'gen_subset': 'test', 'num_shards': 1, 'shard_id': 0, 'grouped_shuffling': False, 'update_epoch_batch_itr': False, 'update_ordered_indices_seed': False}, 'optimization': {'_name': None, 'max_epoch': 2, 'max_update': 500000, 'stop_time_hours': 0.0, 'clip_norm': 0.1, 'sentence_avg': False, 'update_freq': [32], 'lr': [1e-05], 'stop_min_lr': -1.0, 'use_bmuf': False, 'skip_remainder_batch': False}, 'checkpoint': {'_name': None, 'save_dir': 'BART_25_finetune', 'restore_file': '/home/dahmanir/lisa/Models/BART_25.pt', 'continue_once': None, 'finetune_from_model': None, 'reset_dataloader': True, 'reset_lr_scheduler': False, 'reset_meters': True, 'reset_optimizer': True, 'optimizer_overrides': '{}', 'save_interval': 1, 'save_interval_updates': 0, 'keep_interval_updates': -1, 'keep_interval_updates_pattern': -1, 'keep_last_epochs': -1, 'keep_best_checkpoints': -1, 'no_save': False, 'no_epoch_checkpoints': False, 'no_last_checkpoints': False, 'no_save_optimizer_state': False, 'best_checkpoint_metric': 'loss', 'maximize_best_checkpoint_metric': False, 'patience': -1, 'checkpoint_suffix': '', 'checkpoint_shard_count': 1, 'load_checkpoint_on_all_dp_ranks': False, 'write_checkpoints_asynchronously': False, 'model_parallel_size': 1}, 'bmuf': {'_name': None, 'block_lr': 1.0, 'block_momentum': 0.875, 'global_sync_iter': 50, 'warmup_iterations': 500, 'use_nbm': False, 'average_sync': False, 'distributed_world_size': 2}, 'generation': {'_name': None, 'beam': 5, 'nbest': 1, 'max_len_a': 0.0, 'max_len_b': 200, 'min_len': 1, 'match_source_len': False, 'unnormalized': False, 'no_early_stop': False, 'no_beamable_mm': False, 'lenpen': 1.0, 'unkpen': 0.0, 'replace_unk': None, 'sacrebleu': False, 'score_reference': False, 'prefix_size': 0, 'no_repeat_ngram_size': 0, 'sampling': False, 'sampling_topk': -1, 'sampling_topp': -1.0, 'constraints': None, 'temperature': 1.0, 'diverse_beam_groups': -1, 'diverse_beam_strength': 0.5, 'diversity_rate': -1.0, 'print_alignment': None, 'print_step': False, 'lm_path': None, 'lm_weight': 0.0, 'iter_decode_eos_penalty': 0.0, 'iter_decode_max_iter': 10, 'iter_decode_force_max_iter': False, 'iter_decode_with_beam': 1, 'iter_decode_with_external_reranker': False, 'retain_iter_history': False, 'retain_dropout': False, 'retain_dropout_modules': None, 'decoding_format': None, 'no_seed_provided': False}, 'eval_lm': {'_name': None, 'output_word_probs': False, 'output_word_stats': False, 'context_window': 0, 'softmax_batch': 9223372036854775807}, 'interactive': {'_name': None, 'buffer_size': 0, 'input': '-'}, 'model': Namespace(no_progress_bar=False, log_interval=200, log_format='json', log_file=None, tensorboard_logdir=None, wandb_project='BART', azureml_logging=False, seed=4, cpu=False, tpu=False, bf16=False, memory_efficient_bf16=False, fp16=True, memory_efficient_fp16=False, fp16_no_flatten_grads=False, fp16_init_scale=128, fp16_scale_window=None, fp16_scale_tolerance=0.0, on_cpu_convert_precision=False, min_loss_scale=0.0001, threshold_loss_scale=None, amp=False, amp_batch_retries=2, amp_init_scale=128, amp_scale_window=None, user_dir=None, empty_cache_freq=0, all_gather_list_size=16384, model_parallel_size=1, quantization_config_path=None, profile=False, reset_logging=False, suppress_crashes=False, use_plasma_view=False, plasma_path='/tmp/plasma', criterion='cross_entropy', tokenizer=None, bpe=None, optimizer='adam', lr_scheduler='polynomial_decay', simul_type=None, scoring='bleu', task='denoising', num_workers=1, skip_invalid_size_inputs_valid_test=True, max_tokens=3200, batch_size=None, required_batch_size_multiple=8, required_seq_len_multiple=1, dataset_impl=None, data_buffer_size=10, train_subset='train', valid_subset='valid', combine_valid_subsets=None, ignore_unused_valid_subsets=False, validate_interval=1, validate_interval_updates=0, validate_after_updates=0, fixed_validation_seed=None, disable_validation=False, max_tokens_valid=3200, batch_size_valid=None, max_valid_steps=None, curriculum=0, gen_subset='test', num_shards=1, shard_id=0, grouped_shuffling=False, update_epoch_batch_itr=False, update_ordered_indices_seed=False, distributed_world_size=2, distributed_num_procs=2, distributed_rank=0, distributed_backend='nccl', distributed_init_method=None, distributed_port=-1, device_id=0, distributed_no_spawn=False, ddp_backend='pytorch_ddp', ddp_comm_hook='none', bucket_cap_mb=25, fix_batches_to_gpus=False, find_unused_parameters=False, gradient_as_bucket_view=False, fast_stat_sync=False, heartbeat_timeout=-1, broadcast_buffers=False, slowmo_momentum=None, slowmo_base_algorithm='localsgd', localsgd_frequency=3, nprocs_per_node=2, pipeline_model_parallel=False, pipeline_balance=None, pipeline_devices=None, pipeline_chunks=0, pipeline_encoder_balance=None, pipeline_encoder_devices=None, pipeline_decoder_balance=None, pipeline_decoder_devices=None, pipeline_checkpoint='never', zero_sharding='none', no_reshard_after_forward=False, fp32_reduce_scatter=False, cpu_offload=False, use_sharded_state=False, not_fsdp_flatten_parameters=False, arch='bart_base', max_epoch=2, max_update=500000, stop_time_hours=0, clip_norm=0.1, sentence_avg=False, update_freq=[32], lr=[1e-05], stop_min_lr=-1.0, use_bmuf=False, skip_remainder_batch=False, save_dir='BART_25_finetune', restore_file='/home/dahmanir/lisa/Models/BART_25.pt', continue_once=None, finetune_from_model=None, reset_dataloader=True, reset_lr_scheduler=False, reset_meters=True, reset_optimizer=True, optimizer_overrides='{}', save_interval=1, save_interval_updates=0, keep_interval_updates=-1, keep_interval_updates_pattern=-1, keep_last_epochs=-1, keep_best_checkpoints=-1, no_save=False, no_epoch_checkpoints=False, no_last_checkpoints=False, no_save_optimizer_state=False, best_checkpoint_metric='loss', maximize_best_checkpoint_metric=False, patience=-1, checkpoint_suffix='', checkpoint_shard_count=1, load_checkpoint_on_all_dp_ranks=False, write_checkpoints_asynchronously=False, store_ema=False, ema_decay=0.9999, ema_start_update=0, ema_seed_model=None, ema_update_freq=1, ema_fp32=False, data='/home/dahmanir/lisa/Datasets/25_percent', tokens_per_sample=512, sample_break_mode='complete_doc', mask=0.3, mask_random=0.1, insert=0.0, permute=0.0, rotate=0.0, poisson_lambda=3.5, permute_sentences=1.0, mask_length='span-poisson', replace_length=1, shorten_method='none', shorten_data_split_list='', adam_betas=(0.9, 0.999), adam_eps=1e-08, weight_decay=0.01, use_old_adam=False, fp16_adam_stats=False, warmup_updates=500, force_anneal=None, end_learning_rate=0.0, power=1.0, total_num_update='500000', pad=1, eos=2, unk=3, dropout=0.1, attention_dropout=0.1, no_seed_provided=False, encoder_embed_dim=768, encoder_ffn_embed_dim=3072, encoder_layers=6, encoder_attention_heads=12, decoder_layers=6, decoder_attention_heads=12, encoder_embed_path=None, encoder_normalize_before=False, encoder_learned_pos=True, decoder_embed_path=None, decoder_embed_dim=768, decoder_ffn_embed_dim=3072, decoder_normalize_before=False, decoder_learned_pos=True, relu_dropout=0.0, max_target_positions=1024, max_source_positions=1024, adaptive_softmax_cutoff=None, adaptive_softmax_dropout=0, share_decoder_input_output_embed=True, share_all_embeddings=True, decoder_output_dim=768, decoder_input_dim=768, no_scale_embedding=True, layernorm_embedding=True, activation_fn='gelu', pooler_activation_fn='tanh', pooler_dropout=0.0, _name='bart_base'), 'task': Namespace(no_progress_bar=False, log_interval=200, log_format='json', log_file=None, tensorboard_logdir=None, wandb_project='BART', azureml_logging=False, seed=4, cpu=False, tpu=False, bf16=False, memory_efficient_bf16=False, fp16=True, memory_efficient_fp16=False, fp16_no_flatten_grads=False, fp16_init_scale=128, fp16_scale_window=None, fp16_scale_tolerance=0.0, on_cpu_convert_precision=False, min_loss_scale=0.0001, threshold_loss_scale=None, amp=False, amp_batch_retries=2, amp_init_scale=128, amp_scale_window=None, user_dir=None, empty_cache_freq=0, all_gather_list_size=16384, model_parallel_size=1, quantization_config_path=None, profile=False, reset_logging=False, suppress_crashes=False, use_plasma_view=False, plasma_path='/tmp/plasma', criterion='cross_entropy', tokenizer=None, bpe=None, optimizer='adam', lr_scheduler='polynomial_decay', simul_type=None, scoring='bleu', task='denoising', num_workers=1, skip_invalid_size_inputs_valid_test=True, max_tokens=3200, batch_size=None, required_batch_size_multiple=8, required_seq_len_multiple=1, dataset_impl=None, data_buffer_size=10, train_subset='train', valid_subset='valid', combine_valid_subsets=None, ignore_unused_valid_subsets=False, validate_interval=1, validate_interval_updates=0, validate_after_updates=0, fixed_validation_seed=None, disable_validation=False, max_tokens_valid=3200, batch_size_valid=None, max_valid_steps=None, curriculum=0, gen_subset='test', num_shards=1, shard_id=0, grouped_shuffling=False, update_epoch_batch_itr=False, update_ordered_indices_seed=False, distributed_world_size=2, distributed_num_procs=2, distributed_rank=0, distributed_backend='nccl', distributed_init_method=None, distributed_port=-1, device_id=0, distributed_no_spawn=False, ddp_backend='pytorch_ddp', ddp_comm_hook='none', bucket_cap_mb=25, fix_batches_to_gpus=False, find_unused_parameters=False, gradient_as_bucket_view=False, fast_stat_sync=False, heartbeat_timeout=-1, broadcast_buffers=False, slowmo_momentum=None, slowmo_base_algorithm='localsgd', localsgd_frequency=3, nprocs_per_node=2, pipeline_model_parallel=False, pipeline_balance=None, pipeline_devices=None, pipeline_chunks=0, pipeline_encoder_balance=None, pipeline_encoder_devices=None, pipeline_decoder_balance=None, pipeline_decoder_devices=None, pipeline_checkpoint='never', zero_sharding='none', no_reshard_after_forward=False, fp32_reduce_scatter=False, cpu_offload=False, use_sharded_state=False, not_fsdp_flatten_parameters=False, arch='bart_base', max_epoch=2, max_update=500000, stop_time_hours=0, clip_norm=0.1, sentence_avg=False, update_freq=[32], lr=[1e-05], stop_min_lr=-1.0, use_bmuf=False, skip_remainder_batch=False, save_dir='BART_25_finetune', restore_file='/home/dahmanir/lisa/Models/BART_25.pt', continue_once=None, finetune_from_model=None, reset_dataloader=True, reset_lr_scheduler=False, reset_meters=True, reset_optimizer=True, optimizer_overrides='{}', save_interval=1, save_interval_updates=0, keep_interval_updates=-1, keep_interval_updates_pattern=-1, keep_last_epochs=-1, keep_best_checkpoints=-1, no_save=False, no_epoch_checkpoints=False, no_last_checkpoints=False, no_save_optimizer_state=False, best_checkpoint_metric='loss', maximize_best_checkpoint_metric=False, patience=-1, checkpoint_suffix='', checkpoint_shard_count=1, load_checkpoint_on_all_dp_ranks=False, write_checkpoints_asynchronously=False, store_ema=False, ema_decay=0.9999, ema_start_update=0, ema_seed_model=None, ema_update_freq=1, ema_fp32=False, data='/home/dahmanir/lisa/Datasets/25_percent', tokens_per_sample=512, sample_break_mode='complete_doc', mask=0.3, mask_random=0.1, insert=0.0, permute=0.0, rotate=0.0, poisson_lambda=3.5, permute_sentences=1.0, mask_length='span-poisson', replace_length=1, shorten_method='none', shorten_data_split_list='', adam_betas=(0.9, 0.999), adam_eps=1e-08, weight_decay=0.01, use_old_adam=False, fp16_adam_stats=False, warmup_updates=500, force_anneal=None, end_learning_rate=0.0, power=1.0, total_num_update='500000', pad=1, eos=2, unk=3, dropout=0.1, attention_dropout=0.1, no_seed_provided=False, encoder_embed_dim=768, encoder_ffn_embed_dim=3072, encoder_layers=6, encoder_attention_heads=12, decoder_layers=6, decoder_attention_heads=12, encoder_embed_path=None, encoder_normalize_before=False, encoder_learned_pos=True, decoder_embed_path=None, decoder_embed_dim=768, decoder_ffn_embed_dim=3072, decoder_normalize_before=False, decoder_learned_pos=True, relu_dropout=0.0, max_target_positions=1024, max_source_positions=1024, adaptive_softmax_cutoff=None, adaptive_softmax_dropout=0, share_decoder_input_output_embed=True, share_all_embeddings=True, decoder_output_dim=768, decoder_input_dim=768, no_scale_embedding=True, layernorm_embedding=True, activation_fn='gelu', pooler_activation_fn='tanh', pooler_dropout=0.0, _name='denoising'), 'criterion': {'_name': 'cross_entropy', 'sentence_avg': False}, 'optimizer': {'_name': 'adam', 'adam_betas': [0.9, 0.999], 'adam_eps': 1e-08, 'weight_decay': 0.01, 'use_old_adam': False, 'fp16_adam_stats': False, 'tpu': False, 'lr': [1e-05]}, 'lr_scheduler': {'_name': 'polynomial_decay', 'warmup_updates': 500, 'force_anneal': None, 'end_learning_rate': 0.0, 'power': 1.0, 'total_num_update': 500000.0, 'lr': [1e-05]}, 'scoring': {'_name': 'bleu', 'pad': 1, 'eos': 2, 'unk': 3}, 'bpe': None, 'tokenizer': None, 'ema': {'_name': None, 'store_ema': False, 'ema_decay': 0.9999, 'ema_start_update': 0, 'ema_seed_model': None, 'ema_update_freq': 1, 'ema_fp32': False}, 'simul_type': None}
2022-07-12 21:47:45 | INFO | fairseq.tasks.denoising | dictionary: 39984 types
2022-07-12 21:47:51 | INFO | fairseq_cli.train | BARTModel(
  (encoder): TransformerEncoderBase(
    (dropout_module): FairseqDropout()
    (embed_tokens): Embedding(39985, 768, padding_idx=1)
    (embed_positions): LearnedPositionalEmbedding(1026, 768, padding_idx=1)
    (layernorm_embedding): LayerNorm((768,), eps=1e-05, elementwise_affine=True)
    (layers): ModuleList(
      (0): TransformerEncoderLayerBase(
        (self_attn): MultiheadAttention(
          (dropout_module): FairseqDropout()
          (k_proj): Linear(in_features=768, out_features=768, bias=True)
          (v_proj): Linear(in_features=768, out_features=768, bias=True)
          (q_proj): Linear(in_features=768, out_features=768, bias=True)
          (out_proj): Linear(in_features=768, out_features=768, bias=True)
        )
        (self_attn_layer_norm): LayerNorm((768,), eps=1e-05, elementwise_affine=True)
        (dropout_module): FairseqDropout()
        (activation_dropout_module): FairseqDropout()
        (fc1): Linear(in_features=768, out_features=3072, bias=True)
        (fc2): Linear(in_features=3072, out_features=768, bias=True)
        (final_layer_norm): LayerNorm((768,), eps=1e-05, elementwise_affine=True)
      )
      (1): TransformerEncoderLayerBase(
        (self_attn): MultiheadAttention(
          (dropout_module): FairseqDropout()
          (k_proj): Linear(in_features=768, out_features=768, bias=True)
          (v_proj): Linear(in_features=768, out_features=768, bias=True)
          (q_proj): Linear(in_features=768, out_features=768, bias=True)
          (out_proj): Linear(in_features=768, out_features=768, bias=True)
        )
        (self_attn_layer_norm): LayerNorm((768,), eps=1e-05, elementwise_affine=True)
        (dropout_module): FairseqDropout()
        (activation_dropout_module): FairseqDropout()
        (fc1): Linear(in_features=768, out_features=3072, bias=True)
        (fc2): Linear(in_features=3072, out_features=768, bias=True)
        (final_layer_norm): LayerNorm((768,), eps=1e-05, elementwise_affine=True)
      )
      (2): TransformerEncoderLayerBase(
        (self_attn): MultiheadAttention(
          (dropout_module): FairseqDropout()
          (k_proj): Linear(in_features=768, out_features=768, bias=True)
          (v_proj): Linear(in_features=768, out_features=768, bias=True)
          (q_proj): Linear(in_features=768, out_features=768, bias=True)
          (out_proj): Linear(in_features=768, out_features=768, bias=True)
        )
        (self_attn_layer_norm): LayerNorm((768,), eps=1e-05, elementwise_affine=True)
        (dropout_module): FairseqDropout()
        (activation_dropout_module): FairseqDropout()
        (fc1): Linear(in_features=768, out_features=3072, bias=True)
        (fc2): Linear(in_features=3072, out_features=768, bias=True)
        (final_layer_norm): LayerNorm((768,), eps=1e-05, elementwise_affine=True)
      )
      (3): TransformerEncoderLayerBase(
        (self_attn): MultiheadAttention(
          (dropout_module): FairseqDropout()
          (k_proj): Linear(in_features=768, out_features=768, bias=True)
          (v_proj): Linear(in_features=768, out_features=768, bias=True)
          (q_proj): Linear(in_features=768, out_features=768, bias=True)
          (out_proj): Linear(in_features=768, out_features=768, bias=True)
        )
        (self_attn_layer_norm): LayerNorm((768,), eps=1e-05, elementwise_affine=True)
        (dropout_module): FairseqDropout()
        (activation_dropout_module): FairseqDropout()
        (fc1): Linear(in_features=768, out_features=3072, bias=True)
        (fc2): Linear(in_features=3072, out_features=768, bias=True)
        (final_layer_norm): LayerNorm((768,), eps=1e-05, elementwise_affine=True)
      )
      (4): TransformerEncoderLayerBase(
        (self_attn): MultiheadAttention(
          (dropout_module): FairseqDropout()
          (k_proj): Linear(in_features=768, out_features=768, bias=True)
          (v_proj): Linear(in_features=768, out_features=768, bias=True)
          (q_proj): Linear(in_features=768, out_features=768, bias=True)
          (out_proj): Linear(in_features=768, out_features=768, bias=True)
        )
        (self_attn_layer_norm): LayerNorm((768,), eps=1e-05, elementwise_affine=True)
        (dropout_module): FairseqDropout()
        (activation_dropout_module): FairseqDropout()
        (fc1): Linear(in_features=768, out_features=3072, bias=True)
        (fc2): Linear(in_features=3072, out_features=768, bias=True)
        (final_layer_norm): LayerNorm((768,), eps=1e-05, elementwise_affine=True)
      )
      (5): TransformerEncoderLayerBase(
        (self_attn): MultiheadAttention(
          (dropout_module): FairseqDropout()
          (k_proj): Linear(in_features=768, out_features=768, bias=True)
          (v_proj): Linear(in_features=768, out_features=768, bias=True)
          (q_proj): Linear(in_features=768, out_features=768, bias=True)
          (out_proj): Linear(in_features=768, out_features=768, bias=True)
        )
        (self_attn_layer_norm): LayerNorm((768,), eps=1e-05, elementwise_affine=True)
        (dropout_module): FairseqDropout()
        (activation_dropout_module): FairseqDropout()
        (fc1): Linear(in_features=768, out_features=3072, bias=True)
        (fc2): Linear(in_features=3072, out_features=768, bias=True)
        (final_layer_norm): LayerNorm((768,), eps=1e-05, elementwise_affine=True)
      )
    )
  )
  (decoder): TransformerDecoderBase(
    (dropout_module): FairseqDropout()
    (embed_tokens): Embedding(39985, 768, padding_idx=1)
    (embed_positions): LearnedPositionalEmbedding(1026, 768, padding_idx=1)
    (layernorm_embedding): LayerNorm((768,), eps=1e-05, elementwise_affine=True)
    (layers): ModuleList(
      (0): TransformerDecoderLayerBase(
        (dropout_module): FairseqDropout()
        (self_attn): MultiheadAttention(
          (dropout_module): FairseqDropout()
          (k_proj): Linear(in_features=768, out_features=768, bias=True)
          (v_proj): Linear(in_features=768, out_features=768, bias=True)
          (q_proj): Linear(in_features=768, out_features=768, bias=True)
          (out_proj): Linear(in_features=768, out_features=768, bias=True)
        )
        (activation_dropout_module): FairseqDropout()
        (self_attn_layer_norm): LayerNorm((768,), eps=1e-05, elementwise_affine=True)
        (encoder_attn): MultiheadAttention(
          (dropout_module): FairseqDropout()
          (k_proj): Linear(in_features=768, out_features=768, bias=True)
          (v_proj): Linear(in_features=768, out_features=768, bias=True)
          (q_proj): Linear(in_features=768, out_features=768, bias=True)
          (out_proj): Linear(in_features=768, out_features=768, bias=True)
        )
        (encoder_attn_layer_norm): LayerNorm((768,), eps=1e-05, elementwise_affine=True)
        (fc1): Linear(in_features=768, out_features=3072, bias=True)
        (fc2): Linear(in_features=3072, out_features=768, bias=True)
        (final_layer_norm): LayerNorm((768,), eps=1e-05, elementwise_affine=True)
      )
      (1): TransformerDecoderLayerBase(
        (dropout_module): FairseqDropout()
        (self_attn): MultiheadAttention(
          (dropout_module): FairseqDropout()
          (k_proj): Linear(in_features=768, out_features=768, bias=True)
          (v_proj): Linear(in_features=768, out_features=768, bias=True)
          (q_proj): Linear(in_features=768, out_features=768, bias=True)
          (out_proj): Linear(in_features=768, out_features=768, bias=True)
        )
        (activation_dropout_module): FairseqDropout()
        (self_attn_layer_norm): LayerNorm((768,), eps=1e-05, elementwise_affine=True)
        (encoder_attn): MultiheadAttention(
          (dropout_module): FairseqDropout()
          (k_proj): Linear(in_features=768, out_features=768, bias=True)
          (v_proj): Linear(in_features=768, out_features=768, bias=True)
          (q_proj): Linear(in_features=768, out_features=768, bias=True)
          (out_proj): Linear(in_features=768, out_features=768, bias=True)
        )
        (encoder_attn_layer_norm): LayerNorm((768,), eps=1e-05, elementwise_affine=True)
        (fc1): Linear(in_features=768, out_features=3072, bias=True)
        (fc2): Linear(in_features=3072, out_features=768, bias=True)
        (final_layer_norm): LayerNorm((768,), eps=1e-05, elementwise_affine=True)
      )
      (2): TransformerDecoderLayerBase(
        (dropout_module): FairseqDropout()
        (self_attn): MultiheadAttention(
          (dropout_module): FairseqDropout()
          (k_proj): Linear(in_features=768, out_features=768, bias=True)
          (v_proj): Linear(in_features=768, out_features=768, bias=True)
          (q_proj): Linear(in_features=768, out_features=768, bias=True)
          (out_proj): Linear(in_features=768, out_features=768, bias=True)
        )
        (activation_dropout_module): FairseqDropout()
        (self_attn_layer_norm): LayerNorm((768,), eps=1e-05, elementwise_affine=True)
        (encoder_attn): MultiheadAttention(
          (dropout_module): FairseqDropout()
          (k_proj): Linear(in_features=768, out_features=768, bias=True)
          (v_proj): Linear(in_features=768, out_features=768, bias=True)
          (q_proj): Linear(in_features=768, out_features=768, bias=True)
          (out_proj): Linear(in_features=768, out_features=768, bias=True)
        )
        (encoder_attn_layer_norm): LayerNorm((768,), eps=1e-05, elementwise_affine=True)
        (fc1): Linear(in_features=768, out_features=3072, bias=True)
        (fc2): Linear(in_features=3072, out_features=768, bias=True)
        (final_layer_norm): LayerNorm((768,), eps=1e-05, elementwise_affine=True)
      )
      (3): TransformerDecoderLayerBase(
        (dropout_module): FairseqDropout()
        (self_attn): MultiheadAttention(
          (dropout_module): FairseqDropout()
          (k_proj): Linear(in_features=768, out_features=768, bias=True)
          (v_proj): Linear(in_features=768, out_features=768, bias=True)
          (q_proj): Linear(in_features=768, out_features=768, bias=True)
          (out_proj): Linear(in_features=768, out_features=768, bias=True)
        )
        (activation_dropout_module): FairseqDropout()
        (self_attn_layer_norm): LayerNorm((768,), eps=1e-05, elementwise_affine=True)
        (encoder_attn): MultiheadAttention(
          (dropout_module): FairseqDropout()
          (k_proj): Linear(in_features=768, out_features=768, bias=True)
          (v_proj): Linear(in_features=768, out_features=768, bias=True)
          (q_proj): Linear(in_features=768, out_features=768, bias=True)
          (out_proj): Linear(in_features=768, out_features=768, bias=True)
        )
        (encoder_attn_layer_norm): LayerNorm((768,), eps=1e-05, elementwise_affine=True)
        (fc1): Linear(in_features=768, out_features=3072, bias=True)
        (fc2): Linear(in_features=3072, out_features=768, bias=True)
        (final_layer_norm): LayerNorm((768,), eps=1e-05, elementwise_affine=True)
      )
      (4): TransformerDecoderLayerBase(
        (dropout_module): FairseqDropout()
        (self_attn): MultiheadAttention(
          (dropout_module): FairseqDropout()
          (k_proj): Linear(in_features=768, out_features=768, bias=True)
          (v_proj): Linear(in_features=768, out_features=768, bias=True)
          (q_proj): Linear(in_features=768, out_features=768, bias=True)
          (out_proj): Linear(in_features=768, out_features=768, bias=True)
        )
        (activation_dropout_module): FairseqDropout()
        (self_attn_layer_norm): LayerNorm((768,), eps=1e-05, elementwise_affine=True)
        (encoder_attn): MultiheadAttention(
          (dropout_module): FairseqDropout()
          (k_proj): Linear(in_features=768, out_features=768, bias=True)
          (v_proj): Linear(in_features=768, out_features=768, bias=True)
          (q_proj): Linear(in_features=768, out_features=768, bias=True)
          (out_proj): Linear(in_features=768, out_features=768, bias=True)
        )
        (encoder_attn_layer_norm): LayerNorm((768,), eps=1e-05, elementwise_affine=True)
        (fc1): Linear(in_features=768, out_features=3072, bias=True)
        (fc2): Linear(in_features=3072, out_features=768, bias=True)
        (final_layer_norm): LayerNorm((768,), eps=1e-05, elementwise_affine=True)
      )
      (5): TransformerDecoderLayerBase(
        (dropout_module): FairseqDropout()
        (self_attn): MultiheadAttention(
          (dropout_module): FairseqDropout()
          (k_proj): Linear(in_features=768, out_features=768, bias=True)
          (v_proj): Linear(in_features=768, out_features=768, bias=True)
          (q_proj): Linear(in_features=768, out_features=768, bias=True)
          (out_proj): Linear(in_features=768, out_features=768, bias=True)
        )
        (activation_dropout_module): FairseqDropout()
        (self_attn_layer_norm): LayerNorm((768,), eps=1e-05, elementwise_affine=True)
        (encoder_attn): MultiheadAttention(
          (dropout_module): FairseqDropout()
          (k_proj): Linear(in_features=768, out_features=768, bias=True)
          (v_proj): Linear(in_features=768, out_features=768, bias=True)
          (q_proj): Linear(in_features=768, out_features=768, bias=True)
          (out_proj): Linear(in_features=768, out_features=768, bias=True)
        )
        (encoder_attn_layer_norm): LayerNorm((768,), eps=1e-05, elementwise_affine=True)
        (fc1): Linear(in_features=768, out_features=3072, bias=True)
        (fc2): Linear(in_features=3072, out_features=768, bias=True)
        (final_layer_norm): LayerNorm((768,), eps=1e-05, elementwise_affine=True)
      )
    )
    (output_projection): Linear(in_features=768, out_features=39985, bias=False)
  )
  (classification_heads): ModuleDict()
)
2022-07-12 21:47:51 | INFO | fairseq_cli.train | task: DenoisingTask
2022-07-12 21:47:51 | INFO | fairseq_cli.train | model: BARTModel
2022-07-12 21:47:51 | INFO | fairseq_cli.train | criterion: CrossEntropyCriterion
2022-07-12 21:47:51 | INFO | fairseq_cli.train | num. shared model params: 131,525,376 (num. trained: 131,525,376)
2022-07-12 21:47:51 | INFO | fairseq_cli.train | num. expert model params: 0 (num. trained: 0)
2022-07-12 21:47:51 | INFO | fairseq.data.data_utils | loaded 10,000 examples from: /home/dahmanir/lisa/Datasets/25_percent/valid
2022-07-12 21:47:51 | INFO | fairseq.tasks.denoising | loaded 1445 blocks from: /home/dahmanir/lisa/Datasets/25_percent/valid
2022-07-12 21:47:51 | INFO | fairseq.tasks.denoising | Split: valid, Loaded 1445 samples of denoising_dataset
2022-07-12 21:47:55 | INFO | torch.distributed.distributed_c10d | Added key: store_based_barrier_key:2 to store for rank: 0
2022-07-12 21:47:55 | INFO | torch.distributed.distributed_c10d | Rank 0: Completed store-based barrier for key:store_based_barrier_key:2 with 2 nodes.
2022-07-12 21:47:55 | INFO | fairseq.trainer | detected shared parameter: encoder.embed_tokens.weight <- decoder.embed_tokens.weight
2022-07-12 21:47:55 | INFO | fairseq.trainer | detected shared parameter: encoder.embed_tokens.weight <- decoder.output_projection.weight
2022-07-12 21:47:55 | INFO | fairseq.utils | ***********************CUDA enviroments for all 2 workers***********************
2022-07-12 21:47:55 | INFO | fairseq.utils | rank   0: capabilities =  6.1  ; total memory = 10.917 GB ; name = NVIDIA GeForce GTX 1080 Ti              
2022-07-12 21:47:55 | INFO | fairseq.utils | rank   1: capabilities =  6.1  ; total memory = 10.917 GB ; name = NVIDIA GeForce GTX 1080 Ti              
2022-07-12 21:47:55 | INFO | fairseq.utils | ***********************CUDA enviroments for all 2 workers***********************
2022-07-12 21:47:55 | INFO | fairseq_cli.train | training on 2 devices (GPUs/TPUs)
2022-07-12 21:47:55 | INFO | fairseq_cli.train | max tokens per device = 3200 and max sentences per device = None
2022-07-12 21:47:55 | INFO | fairseq.trainer | Preparing to load checkpoint /home/dahmanir/lisa/Models/BART_25.pt
2022-07-12 21:48:06 | INFO | fairseq.trainer | NOTE: your device does NOT support faster training with --fp16 or --amp, please switch to FP32 which is likely to be faster
2022-07-12 21:48:06 | INFO | fairseq.trainer | Loaded checkpoint /home/dahmanir/lisa/Models/BART_25.pt (epoch 17 @ 0 updates)
2022-07-12 21:48:06 | INFO | fairseq.trainer | loading train data for epoch 1
2022-07-12 21:48:09 | INFO | fairseq.data.data_utils | loaded 31,386,387 examples from: /home/dahmanir/lisa/Datasets/25_percent/train
2022-07-12 21:48:12 | INFO | fairseq.tasks.denoising | loaded 4502935 blocks from: /home/dahmanir/lisa/Datasets/25_percent/train
2022-07-12 21:48:12 | INFO | fairseq.tasks.denoising | Split: train, Loaded 4502935 samples of denoising_dataset
2022-07-12 21:48:56 | INFO | fairseq.data.iterators | grouped total_num_itrs = 11017
wandb: Currently logged in as: redredouane. Use `wandb login --relogin` to force relogin
wandb: wandb version 0.12.21 is available!  To upgrade, please run:
wandb:  $ pip install wandb --upgrade
wandb: Tracking run with wandb version 0.12.19
wandb: Run data is saved locally in /home/dahmanir/wandb/run-20220712_214902-m64mh7dn
wandb: Run `wandb offline` to turn off syncing.
wandb: Syncing run BART_25_finetune
wandb:  View project at https://wandb.ai/redredouane/BART
wandb:  View run at https://wandb.ai/redredouane/BART/runs/m64mh7dn
2022-07-12 21:49:08 | INFO | fairseq.trainer | begin training epoch 1
2022-07-12 21:49:08 | INFO | fairseq_cli.train | Start iterating over samples
2022-07-12 21:49:35 | INFO | fairseq.trainer | NOTE: gradient overflow detected, ignoring gradient, setting loss scale to: 64.0
2022-07-12 21:49:36 | INFO | root | Reducer buckets have been rebuilt in this iteration.
2022-07-12 21:49:57 | INFO | fairseq.trainer | NOTE: gradient overflow detected, ignoring gradient, setting loss scale to: 32.0
2022-07-12 21:50:17 | INFO | fairseq.trainer | NOTE: gradient overflow detected, ignoring gradient, setting loss scale to: 16.0
2022-07-12 21:50:40 | INFO | fairseq.trainer | NOTE: gradient overflow detected, ignoring gradient, setting loss scale to: 8.0
2022-07-12 21:54:39 | INFO | fairseq.trainer | NOTE: gradient overflow detected, ignoring gradient, setting loss scale to: 4.0
2022-07-12 22:36:44 | INFO | train_inner | {"epoch": 1, "update": 0.019, "loss": "1.432", "ppl": "2.7", "wps": "13457.5", "ups": "0.07", "wpb": "185423", "bsz": "408.8", "num_updates": "200", "lr": "4e-06", "gnorm": "0.204", "clip": "100", "loss_scale": "4", "train_wall": "2754", "gb_free": "4.4", "wall": "2928"}
2022-07-12 23:22:24 | INFO | train_inner | {"epoch": 1, "update": 0.037, "loss": "1.409", "ppl": "2.66", "wps": "13514.2", "ups": "0.07", "wpb": "185203", "bsz": "408.9", "num_updates": "400", "lr": "8e-06", "gnorm": "0.194", "clip": "100", "loss_scale": "8", "train_wall": "2648", "gb_free": "4.4", "wall": "5669"}
2022-07-12 23:50:05 | INFO | fairseq.trainer | NOTE: gradient overflow detected, ignoring gradient, setting loss scale to: 4.0
2022-07-13 00:08:20 | INFO | train_inner | {"epoch": 1, "update": 0.055, "loss": "1.388", "ppl": "2.62", "wps": "13443.7", "ups": "0.07", "wpb": "185241", "bsz": "407.7", "num_updates": "600", "lr": "9.998e-06", "gnorm": "0.194", "clip": "100", "loss_scale": "4", "train_wall": "2662", "gb_free": "4.4", "wall": "8425"}
2022-07-13 00:53:57 | INFO | train_inner | {"epoch": 1, "update": 0.073, "loss": "1.374", "ppl": "2.59", "wps": "13544", "ups": "0.07", "wpb": "185303", "bsz": "409", "num_updates": "800", "lr": "9.99399e-06", "gnorm": "0.194", "clip": "100", "loss_scale": "8", "train_wall": "2646", "gb_free": "4.4", "wall": "11161"}
2022-07-13 01:14:55 | INFO | fairseq.trainer | NOTE: gradient overflow detected, ignoring gradient, setting loss scale to: 4.0
2022-07-13 01:39:44 | INFO | train_inner | {"epoch": 1, "update": 0.091, "loss": "1.363", "ppl": "2.57", "wps": "13474.9", "ups": "0.07", "wpb": "185138", "bsz": "409.4", "num_updates": "1000", "lr": "9.98999e-06", "gnorm": "0.19", "clip": "100", "loss_scale": "4", "train_wall": "2648", "gb_free": "4.4", "wall": "13909"}
2022-07-13 02:25:20 | INFO | train_inner | {"epoch": 1, "update": 0.11, "loss": "1.352", "ppl": "2.55", "wps": "13547.9", "ups": "0.07", "wpb": "185326", "bsz": "408.3", "num_updates": "1200", "lr": "9.98599e-06", "gnorm": "0.189", "clip": "100", "loss_scale": "8", "train_wall": "2636", "gb_free": "4.4", "wall": "16645"}
2022-07-13 02:52:03 | INFO | fairseq.trainer | NOTE: gradient overflow detected, ignoring gradient, setting loss scale to: 4.0
2022-07-13 03:11:12 | INFO | train_inner | {"epoch": 1, "update": 0.128, "loss": "1.344", "ppl": "2.54", "wps": "13474", "ups": "0.07", "wpb": "185345", "bsz": "409.1", "num_updates": "1400", "lr": "9.98198e-06", "gnorm": "0.189", "clip": "100", "loss_scale": "4", "train_wall": "2649", "gb_free": "4.4", "wall": "19396"}
2022-07-13 03:56:42 | INFO | train_inner | {"epoch": 1, "update": 0.146, "loss": "1.339", "ppl": "2.53", "wps": "13560.3", "ups": "0.07", "wpb": "185159", "bsz": "408.5", "num_updates": "1600", "lr": "9.97798e-06", "gnorm": "0.188", "clip": "100", "loss_scale": "8", "train_wall": "2631", "gb_free": "4.4", "wall": "22127"}
2022-07-13 04:42:17 | INFO | train_inner | {"epoch": 1, "update": 0.164, "loss": "1.335", "ppl": "2.52", "wps": "13540.6", "ups": "0.07", "wpb": "185154", "bsz": "408.7", "num_updates": "1800", "lr": "9.97397e-06", "gnorm": "0.187", "clip": "100", "loss_scale": "8", "train_wall": "2635", "gb_free": "4.4", "wall": "24862"}
2022-07-13 04:49:35 | INFO | fairseq.trainer | NOTE: gradient overflow detected, ignoring gradient, setting loss scale to: 8.0
2022-07-13 05:28:09 | INFO | train_inner | {"epoch": 1, "update": 0.182, "loss": "1.332", "ppl": "2.52", "wps": "13468.9", "ups": "0.07", "wpb": "185291", "bsz": "408.7", "num_updates": "2000", "lr": "9.96997e-06", "gnorm": "0.186", "clip": "100", "loss_scale": "8", "train_wall": "2650", "gb_free": "4.4", "wall": "27613"}
2022-07-13 05:48:11 | INFO | fairseq.trainer | NOTE: gradient overflow detected, ignoring gradient, setting loss scale to: 8.0
2022-07-13 06:08:53 | INFO | fairseq.trainer | NOTE: gradient overflow detected, ignoring gradient, setting loss scale to: 4.0
2022-07-13 06:14:08 | INFO | train_inner | {"epoch": 1, "update": 0.201, "loss": "1.327", "ppl": "2.51", "wps": "13425", "ups": "0.07", "wpb": "185199", "bsz": "409.3", "num_updates": "2200", "lr": "9.96597e-06", "gnorm": "0.186", "clip": "100", "loss_scale": "4", "train_wall": "2657", "gb_free": "4.4", "wall": "30372"}
2022-07-13 06:59:42 | INFO | train_inner | {"epoch": 1, "update": 0.219, "loss": "1.323", "ppl": "2.5", "wps": "13554.4", "ups": "0.07", "wpb": "185293", "bsz": "408.2", "num_updates": "2400", "lr": "9.96196e-06", "gnorm": "0.186", "clip": "100", "loss_scale": "4", "train_wall": "2632", "gb_free": "4.4", "wall": "33106"}
2022-07-13 07:45:17 | INFO | train_inner | {"epoch": 1, "update": 0.237, "loss": "1.318", "ppl": "2.49", "wps": "13544.9", "ups": "0.07", "wpb": "185217", "bsz": "408.9", "num_updates": "2600", "lr": "9.95796e-06", "gnorm": "0.186", "clip": "100", "loss_scale": "8", "train_wall": "2634", "gb_free": "4.4", "wall": "35841"}
2022-07-13 08:07:24 | INFO | fairseq.trainer | NOTE: gradient overflow detected, ignoring gradient, setting loss scale to: 8.0
2022-07-13 08:31:08 | INFO | train_inner | {"epoch": 1, "update": 0.255, "loss": "1.316", "ppl": "2.49", "wps": "13470.6", "ups": "0.07", "wpb": "185286", "bsz": "408.6", "num_updates": "2800", "lr": "9.95395e-06", "gnorm": "0.185", "clip": "100", "loss_scale": "8", "train_wall": "2649", "gb_free": "4.4", "wall": "38592"}
2022-07-13 08:32:43 | INFO | fairseq.trainer | NOTE: gradient overflow detected, ignoring gradient, setting loss scale to: 4.0
2022-07-13 08:48:54 | INFO | fairseq.trainer | NOTE: gradient overflow detected, ignoring gradient, setting loss scale to: 2.0
2022-07-13 09:17:10 | INFO | train_inner | {"epoch": 1, "update": 0.274, "loss": "1.314", "ppl": "2.49", "wps": "13415.6", "ups": "0.07", "wpb": "185284", "bsz": "408.7", "num_updates": "3000", "lr": "9.94995e-06", "gnorm": "0.184", "clip": "100", "loss_scale": "2", "train_wall": "2667", "gb_free": "4.4", "wall": "41355"}
2022-07-13 10:02:48 | INFO | train_inner | {"epoch": 1, "update": 0.292, "loss": "1.307", "ppl": "2.47", "wps": "13528.5", "ups": "0.07", "wpb": "185223", "bsz": "408.7", "num_updates": "3200", "lr": "9.94595e-06", "gnorm": "0.184", "clip": "100", "loss_scale": "4", "train_wall": "2648", "gb_free": "4.4", "wall": "44093"}
2022-07-13 10:48:22 | INFO | train_inner | {"epoch": 1, "update": 0.31, "loss": "1.306", "ppl": "2.47", "wps": "13549.9", "ups": "0.07", "wpb": "185223", "bsz": "408.9", "num_updates": "3400", "lr": "9.94194e-06", "gnorm": "0.184", "clip": "100", "loss_scale": "8", "train_wall": "2645", "gb_free": "4.4", "wall": "46827"}
2022-07-13 11:32:53 | INFO | fairseq.trainer | NOTE: gradient overflow detected, ignoring gradient, setting loss scale to: 4.0
2022-07-13 11:34:16 | INFO | train_inner | {"epoch": 1, "update": 0.328, "loss": "1.3", "ppl": "2.46", "wps": "13461", "ups": "0.07", "wpb": "185332", "bsz": "408", "num_updates": "3600", "lr": "9.93794e-06", "gnorm": "0.184", "clip": "100", "loss_scale": "4", "train_wall": "2663", "gb_free": "4.4", "wall": "49580"}
2022-07-13 12:19:52 | INFO | train_inner | {"epoch": 1, "update": 0.346, "loss": "1.3", "ppl": "2.46", "wps": "13544.8", "ups": "0.07", "wpb": "185301", "bsz": "408.9", "num_updates": "3800", "lr": "9.93393e-06", "gnorm": "0.183", "clip": "100", "loss_scale": "4", "train_wall": "2648", "gb_free": "4.4", "wall": "52317"}
2022-07-13 13:05:27 | INFO | train_inner | {"epoch": 1, "update": 0.364, "loss": "1.3", "ppl": "2.46", "wps": "13540.5", "ups": "0.07", "wpb": "185169", "bsz": "408.9", "num_updates": "4000", "lr": "9.92993e-06", "gnorm": "0.183", "clip": "100", "loss_scale": "8", "train_wall": "2647", "gb_free": "4.4", "wall": "55052"}
2022-07-13 13:29:51 | INFO | fairseq.trainer | NOTE: gradient overflow detected, ignoring gradient, setting loss scale to: 8.0
2022-07-13 13:51:19 | INFO | train_inner | {"epoch": 1, "update": 0.383, "loss": "1.295", "ppl": "2.45", "wps": "13475.3", "ups": "0.07", "wpb": "185464", "bsz": "408.8", "num_updates": "4200", "lr": "9.92593e-06", "gnorm": "0.183", "clip": "100", "loss_scale": "8", "train_wall": "2665", "gb_free": "4.4", "wall": "57804"}
2022-07-13 14:28:43 | INFO | fairseq.trainer | NOTE: gradient overflow detected, ignoring gradient, setting loss scale to: 8.0
2022-07-13 14:37:08 | INFO | train_inner | {"epoch": 1, "update": 0.401, "loss": "1.292", "ppl": "2.45", "wps": "13470.3", "ups": "0.07", "wpb": "185127", "bsz": "408.3", "num_updates": "4400", "lr": "9.92192e-06", "gnorm": "0.182", "clip": "100", "loss_scale": "8", "train_wall": "2661", "gb_free": "4.4", "wall": "60553"}
2022-07-13 15:22:45 | INFO | train_inner | {"epoch": 1, "update": 0.419, "loss": "1.288", "ppl": "2.44", "wps": "13531.5", "ups": "0.07", "wpb": "185153", "bsz": "408.6", "num_updates": "4600", "lr": "9.91792e-06", "gnorm": "0.183", "clip": "100", "loss_scale": "8", "train_wall": "2649", "gb_free": "4.3", "wall": "63289"}
2022-07-13 15:28:00 | INFO | fairseq.trainer | NOTE: gradient overflow detected, ignoring gradient, setting loss scale to: 8.0
2022-07-13 16:08:35 | INFO | train_inner | {"epoch": 1, "update": 0.437, "loss": "1.289", "ppl": "2.44", "wps": "13470.5", "ups": "0.07", "wpb": "185231", "bsz": "408.7", "num_updates": "4800", "lr": "9.91391e-06", "gnorm": "0.183", "clip": "100", "loss_scale": "8", "train_wall": "2662", "gb_free": "4.4", "wall": "66040"}
2022-07-13 16:27:18 | INFO | fairseq.trainer | NOTE: gradient overflow detected, ignoring gradient, setting loss scale to: 8.0
2022-07-13 16:40:04 | INFO | fairseq.trainer | NOTE: gradient overflow detected, ignoring gradient, setting loss scale to: 4.0
2022-07-13 16:54:40 | INFO | train_inner | {"epoch": 1, "update": 0.456, "loss": "1.286", "ppl": "2.44", "wps": "13408.1", "ups": "0.07", "wpb": "185347", "bsz": "409.3", "num_updates": "5000", "lr": "9.90991e-06", "gnorm": "0.182", "clip": "100", "loss_scale": "4", "train_wall": "2677", "gb_free": "4.4", "wall": "68804"}
2022-07-13 17:40:12 | INFO | train_inner | {"epoch": 1, "update": 0.474, "loss": "1.284", "ppl": "2.44", "wps": "13558.7", "ups": "0.07", "wpb": "185243", "bsz": "408.6", "num_updates": "5200", "lr": "9.90591e-06", "gnorm": "0.182", "clip": "100", "loss_scale": "8", "train_wall": "2645", "gb_free": "4.4", "wall": "71537"}
2022-07-13 18:25:44 | INFO | train_inner | {"epoch": 1, "update": 0.492, "loss": "1.283", "ppl": "2.43", "wps": "13554.4", "ups": "0.07", "wpb": "185121", "bsz": "408.3", "num_updates": "5400", "lr": "9.9019e-06", "gnorm": "0.181", "clip": "100", "loss_scale": "8", "train_wall": "2643", "gb_free": "4.4", "wall": "74268"}
2022-07-13 18:36:53 | INFO | fairseq.trainer | NOTE: gradient overflow detected, ignoring gradient, setting loss scale to: 8.0
2022-07-13 19:11:27 | INFO | train_inner | {"epoch": 1, "update": 0.51, "loss": "1.281", "ppl": "2.43", "wps": "13506.1", "ups": "0.07", "wpb": "185238", "bsz": "409", "num_updates": "5600", "lr": "9.8979e-06", "gnorm": "0.181", "clip": "100", "loss_scale": "8", "train_wall": "2653", "gb_free": "4.4", "wall": "77011"}
2022-07-13 19:37:08 | INFO | fairseq.trainer | NOTE: gradient overflow detected, ignoring gradient, setting loss scale to: 8.0
2022-07-13 19:37:49 | INFO | fairseq.trainer | NOTE: gradient overflow detected, ignoring gradient, setting loss scale to: 4.0
2022-07-13 19:57:22 | INFO | train_inner | {"epoch": 1, "update": 0.529, "loss": "1.281", "ppl": "2.43", "wps": "13448.2", "ups": "0.07", "wpb": "185299", "bsz": "409.2", "num_updates": "5800", "lr": "9.89389e-06", "gnorm": "0.181", "clip": "100", "loss_scale": "4", "train_wall": "2666", "gb_free": "4.4", "wall": "79767"}
2022-07-13 20:42:53 | INFO | train_inner | {"epoch": 1, "update": 0.547, "loss": "1.278", "ppl": "2.42", "wps": "13580.5", "ups": "0.07", "wpb": "185412", "bsz": "409.1", "num_updates": "6000", "lr": "9.88989e-06", "gnorm": "0.181", "clip": "100", "loss_scale": "8", "train_wall": "2641", "gb_free": "4.4", "wall": "82498"}
2022-07-13 21:28:21 | INFO | train_inner | {"epoch": 1, "update": 0.565, "loss": "1.278", "ppl": "2.42", "wps": "13573.3", "ups": "0.07", "wpb": "185128", "bsz": "409.2", "num_updates": "6200", "lr": "9.88589e-06", "gnorm": "0.181", "clip": "100", "loss_scale": "8", "train_wall": "2639", "gb_free": "4.4", "wall": "85226"}
2022-07-13 21:35:50 | INFO | fairseq.trainer | NOTE: gradient overflow detected, ignoring gradient, setting loss scale to: 8.0
2022-07-13 22:14:03 | INFO | train_inner | {"epoch": 1, "update": 0.583, "loss": "1.274", "ppl": "2.42", "wps": "13508.3", "ups": "0.07", "wpb": "185221", "bsz": "408.8", "num_updates": "6400", "lr": "9.88188e-06", "gnorm": "0.18", "clip": "100", "loss_scale": "8", "train_wall": "2653", "gb_free": "4.5", "wall": "87968"}
2022-07-13 22:35:00 | INFO | fairseq.trainer | NOTE: gradient overflow detected, ignoring gradient, setting loss scale to: 8.0
2022-07-13 22:59:46 | INFO | train_inner | {"epoch": 1, "update": 0.601, "loss": "1.274", "ppl": "2.42", "wps": "13502.8", "ups": "0.07", "wpb": "185187", "bsz": "409", "num_updates": "6600", "lr": "9.87788e-06", "gnorm": "0.181", "clip": "100", "loss_scale": "8", "train_wall": "2654", "gb_free": "4.4", "wall": "90711"}
2022-07-13 23:35:15 | INFO | fairseq.trainer | NOTE: gradient overflow detected, ignoring gradient, setting loss scale to: 8.0
2022-07-13 23:45:30 | INFO | train_inner | {"epoch": 1, "update": 0.62, "loss": "1.273", "ppl": "2.42", "wps": "13507.1", "ups": "0.07", "wpb": "185342", "bsz": "408.5", "num_updates": "6800", "lr": "9.87387e-06", "gnorm": "0.18", "clip": "100", "loss_scale": "8", "train_wall": "2655", "gb_free": "4.4", "wall": "93455"}
2022-07-14 00:31:03 | INFO | train_inner | {"epoch": 1, "update": 0.638, "loss": "1.269", "ppl": "2.41", "wps": "13575.9", "ups": "0.07", "wpb": "185504", "bsz": "408.7", "num_updates": "7000", "lr": "9.86987e-06", "gnorm": "0.18", "clip": "100", "loss_scale": "8", "train_wall": "2643", "gb_free": "4.4", "wall": "96188"}
2022-07-14 00:34:01 | INFO | fairseq.trainer | NOTE: gradient overflow detected, ignoring gradient, setting loss scale to: 8.0
2022-07-14 01:16:46 | INFO | train_inner | {"epoch": 1, "update": 0.656, "loss": "1.272", "ppl": "2.42", "wps": "13502.2", "ups": "0.07", "wpb": "185168", "bsz": "408.6", "num_updates": "7200", "lr": "9.86587e-06", "gnorm": "0.181", "clip": "100", "loss_scale": "8", "train_wall": "2653", "gb_free": "4.4", "wall": "98931"}
2022-07-14 01:32:28 | INFO | fairseq.trainer | NOTE: gradient overflow detected, ignoring gradient, setting loss scale to: 8.0
2022-07-14 02:02:29 | INFO | train_inner | {"epoch": 1, "update": 0.674, "loss": "1.268", "ppl": "2.41", "wps": "13494.1", "ups": "0.07", "wpb": "185101", "bsz": "407.8", "num_updates": "7400", "lr": "9.86186e-06", "gnorm": "0.18", "clip": "100", "loss_scale": "8", "train_wall": "2654", "gb_free": "4.4", "wall": "101674"}
2022-07-14 02:30:55 | INFO | fairseq.trainer | NOTE: gradient overflow detected, ignoring gradient, setting loss scale to: 8.0
2022-07-14 02:48:12 | INFO | train_inner | {"epoch": 1, "update": 0.692, "loss": "1.268", "ppl": "2.41", "wps": "13503", "ups": "0.07", "wpb": "185195", "bsz": "409.3", "num_updates": "7600", "lr": "9.85786e-06", "gnorm": "0.18", "clip": "100", "loss_scale": "8", "train_wall": "2654", "gb_free": "4.4", "wall": "104417"}
2022-07-14 02:56:51 | INFO | fairseq.trainer | NOTE: gradient overflow detected, ignoring gradient, setting loss scale to: 4.0
2022-07-14 03:26:14 | INFO | fairseq.trainer | NOTE: gradient overflow detected, ignoring gradient, setting loss scale to: 2.0
2022-07-14 03:34:11 | INFO | train_inner | {"epoch": 1, "update": 0.711, "loss": "1.266", "ppl": "2.4", "wps": "13433.5", "ups": "0.07", "wpb": "185274", "bsz": "408.5", "num_updates": "7800", "lr": "9.85385e-06", "gnorm": "0.18", "clip": "100", "loss_scale": "2", "train_wall": "2669", "gb_free": "4.4", "wall": "107176"}
2022-07-14 04:19:41 | INFO | train_inner | {"epoch": 1, "update": 0.729, "loss": "1.262", "ppl": "2.4", "wps": "13574.9", "ups": "0.07", "wpb": "185314", "bsz": "409.8", "num_updates": "8000", "lr": "9.84985e-06", "gnorm": "0.18", "clip": "100", "loss_scale": "2", "train_wall": "2641", "gb_free": "4.4", "wall": "109906"}
2022-07-14 05:05:11 | INFO | train_inner | {"epoch": 1, "update": 0.747, "loss": "1.263", "ppl": "2.4", "wps": "13577.4", "ups": "0.07", "wpb": "185307", "bsz": "408.5", "num_updates": "8200", "lr": "9.84585e-06", "gnorm": "0.18", "clip": "100", "loss_scale": "4", "train_wall": "2640", "gb_free": "4.4", "wall": "112636"}
2022-07-14 05:50:38 | INFO | train_inner | {"epoch": 1, "update": 0.765, "loss": "1.262", "ppl": "2.4", "wps": "13578.5", "ups": "0.07", "wpb": "185175", "bsz": "409.1", "num_updates": "8400", "lr": "9.84184e-06", "gnorm": "0.179", "clip": "100", "loss_scale": "8", "train_wall": "2638", "gb_free": "4.4", "wall": "115363"}
2022-07-14 05:58:08 | INFO | fairseq.trainer | NOTE: gradient overflow detected, ignoring gradient, setting loss scale to: 4.0
2022-07-14 06:36:21 | INFO | train_inner | {"epoch": 1, "update": 0.784, "loss": "1.26", "ppl": "2.4", "wps": "13510.2", "ups": "0.07", "wpb": "185261", "bsz": "409", "num_updates": "8600", "lr": "9.83784e-06", "gnorm": "0.179", "clip": "100", "loss_scale": "4", "train_wall": "2653", "gb_free": "4.4", "wall": "118106"}
2022-07-14 07:21:50 | INFO | train_inner | {"epoch": 1, "update": 0.802, "loss": "1.258", "ppl": "2.39", "wps": "13577.4", "ups": "0.07", "wpb": "185274", "bsz": "408.4", "num_updates": "8800", "lr": "9.83383e-06", "gnorm": "0.179", "clip": "100", "loss_scale": "8", "train_wall": "2640", "gb_free": "4.4", "wall": "120835"}
2022-07-14 07:54:51 | INFO | fairseq.trainer | NOTE: gradient overflow detected, ignoring gradient, setting loss scale to: 8.0
2022-07-14 07:55:59 | INFO | fairseq.trainer | NOTE: gradient overflow detected, ignoring gradient, setting loss scale to: 4.0
2022-07-14 08:07:49 | INFO | train_inner | {"epoch": 1, "update": 0.82, "loss": "1.257", "ppl": "2.39", "wps": "13438.2", "ups": "0.07", "wpb": "185409", "bsz": "408.7", "num_updates": "9000", "lr": "9.82983e-06", "gnorm": "0.179", "clip": "100", "loss_scale": "4", "train_wall": "2669", "gb_free": "4.4", "wall": "123594"}
2022-07-14 08:53:18 | INFO | train_inner | {"epoch": 1, "update": 0.838, "loss": "1.257", "ppl": "2.39", "wps": "13573.5", "ups": "0.07", "wpb": "185193", "bsz": "408.1", "num_updates": "9200", "lr": "9.82583e-06", "gnorm": "0.18", "clip": "100", "loss_scale": "4", "train_wall": "2640", "gb_free": "4.4", "wall": "126323"}
2022-07-14 09:38:49 | INFO | train_inner | {"epoch": 1, "update": 0.856, "loss": "1.256", "ppl": "2.39", "wps": "13564.4", "ups": "0.07", "wpb": "185183", "bsz": "409.2", "num_updates": "9400", "lr": "9.82182e-06", "gnorm": "0.178", "clip": "100", "loss_scale": "8", "train_wall": "2641", "gb_free": "4.4", "wall": "129053"}
2022-07-14 09:52:54 | INFO | fairseq.trainer | NOTE: gradient overflow detected, ignoring gradient, setting loss scale to: 8.0
2022-07-14 09:55:52 | INFO | fairseq.trainer | NOTE: gradient overflow detected, ignoring gradient, setting loss scale to: 4.0
2022-07-14 10:02:00 | INFO | fairseq.trainer | NOTE: gradient overflow detected, ignoring gradient, setting loss scale to: 2.0
2022-07-14 10:24:58 | INFO | train_inner | {"epoch": 1, "update": 0.875, "loss": "1.255", "ppl": "2.39", "wps": "13379.5", "ups": "0.07", "wpb": "185263", "bsz": "408.4", "num_updates": "9600", "lr": "9.81782e-06", "gnorm": "0.178", "clip": "100", "loss_scale": "2", "train_wall": "2679", "gb_free": "4.4", "wall": "131823"}
2022-07-14 11:10:27 | INFO | train_inner | {"epoch": 1, "update": 0.893, "loss": "1.252", "ppl": "2.38", "wps": "13572.4", "ups": "0.07", "wpb": "185190", "bsz": "408.9", "num_updates": "9800", "lr": "9.81381e-06", "gnorm": "0.18", "clip": "100", "loss_scale": "4", "train_wall": "2640", "gb_free": "4.4", "wall": "134552"}
2022-07-14 11:56:00 | INFO | train_inner | {"epoch": 1, "update": 0.911, "loss": "1.253", "ppl": "2.38", "wps": "13567.1", "ups": "0.07", "wpb": "185424", "bsz": "409.3", "num_updates": "10000", "lr": "9.80981e-06", "gnorm": "0.178", "clip": "100", "loss_scale": "4", "train_wall": "2643", "gb_free": "4.4", "wall": "137285"}
2022-07-14 12:41:29 | INFO | train_inner | {"epoch": 1, "update": 0.929, "loss": "1.254", "ppl": "2.38", "wps": "13567.5", "ups": "0.07", "wpb": "185139", "bsz": "408.7", "num_updates": "10200", "lr": "9.80581e-06", "gnorm": "0.179", "clip": "100", "loss_scale": "8", "train_wall": "2639", "gb_free": "4.4", "wall": "140014"}
2022-07-14 12:58:32 | INFO | fairseq.trainer | NOTE: gradient overflow detected, ignoring gradient, setting loss scale to: 8.0
2022-07-14 13:27:12 | INFO | train_inner | {"epoch": 1, "update": 0.947, "loss": "1.249", "ppl": "2.38", "wps": "13497.8", "ups": "0.07", "wpb": "185105", "bsz": "408.6", "num_updates": "10400", "lr": "9.8018e-06", "gnorm": "0.179", "clip": "100", "loss_scale": "8", "train_wall": "2653", "gb_free": "4.4", "wall": "142757"}
2022-07-14 13:51:32 | INFO | fairseq.trainer | NOTE: gradient overflow detected, ignoring gradient, setting loss scale to: 4.0
2022-07-14 14:12:54 | INFO | train_inner | {"epoch": 1, "update": 0.966, "loss": "1.25", "ppl": "2.38", "wps": "13504.1", "ups": "0.07", "wpb": "185106", "bsz": "408.4", "num_updates": "10600", "lr": "9.7978e-06", "gnorm": "0.178", "clip": "100", "loss_scale": "4", "train_wall": "2651", "gb_free": "4.4", "wall": "145498"}
2022-07-14 14:31:48 | INFO | fairseq.trainer | NOTE: gradient overflow detected, ignoring gradient, setting loss scale to: 2.0
2022-07-14 14:58:36 | INFO | train_inner | {"epoch": 1, "update": 0.984, "loss": "1.25", "ppl": "2.38", "wps": "13514", "ups": "0.07", "wpb": "185270", "bsz": "408.5", "num_updates": "10800", "lr": "9.79379e-06", "gnorm": "0.179", "clip": "100", "loss_scale": "2", "train_wall": "2652", "gb_free": "4.4", "wall": "148240"}
2022-07-14 15:19:17 | INFO | fairseq.trainer | NOTE: gradient overflow detected, ignoring gradient, setting loss scale to: 1.0
2022-07-14 15:38:44 | INFO | fairseq_cli.train | begin validation on "valid" subset
2022-07-14 15:39:06 | INFO | valid | {"epoch": 1, "valid_loss": "1.223", "valid_ppl": "2.34", "valid_wps": "36133.7", "valid_wpb": "5748.7", "valid_bsz": "12.7", "valid_num_updates": "10976"}
2022-07-14 15:39:06 | INFO | fairseq.checkpoint_utils | Preparing to save checkpoint for epoch 1 @ 10976 updates
2022-07-14 15:39:06 | INFO | fairseq.trainer | Saving checkpoint to /home/dahmanir/BART_25_finetune/checkpoint1.pt
2022-07-14 15:39:11 | INFO | fairseq.trainer | Finished saving checkpoint to /home/dahmanir/BART_25_finetune/checkpoint1.pt
2022-07-14 15:39:11 | INFO | fairseq.checkpoint_utils | Saved checkpoint BART_25_finetune/checkpoint1.pt (epoch 1 @ 10976 updates, score 1.223) (writing took 5.491006889031269 seconds)
2022-07-14 15:39:11 | INFO | fairseq_cli.train | end of epoch 1 (average epoch stats below)
2022-07-14 15:39:11 | INFO | train | {"epoch": 1, "train_loss": "1.294", "train_ppl": "2.45", "train_wps": "13509.1", "train_ups": "0.07", "train_wpb": "185238", "train_bsz": "408.7", "train_num_updates": "10976", "train_lr": "9.79027e-06", "train_gnorm": "0.183", "train_clip": "100", "train_loss_scale": "1", "train_train_wall": "145530", "train_gb_free": "4.4", "train_wall": "150676"}
2022-07-14 15:39:12 | INFO | fairseq.data.iterators | grouped total_num_itrs = 11017
2022-07-14 15:39:12 | INFO | fairseq.trainer | begin training epoch 2
2022-07-14 15:39:12 | INFO | fairseq_cli.train | Start iterating over samples
2022-07-14 15:44:47 | INFO | train_inner | {"epoch": 2, "update": 1.002, "loss": "1.248", "ppl": "2.38", "wps": "13322.4", "ups": "0.07", "wpb": "184582", "bsz": "407.3", "num_updates": "11000", "lr": "9.78979e-06", "gnorm": "0.18", "clip": "100", "loss_scale": "1", "train_wall": "2645", "gb_free": "4.4", "wall": "151011"}
2022-07-14 16:30:15 | INFO | train_inner | {"epoch": 2, "update": 1.02, "loss": "1.248", "ppl": "2.37", "wps": "13579.9", "ups": "0.07", "wpb": "185249", "bsz": "408.9", "num_updates": "11200", "lr": "9.78579e-06", "gnorm": "0.177", "clip": "100", "loss_scale": "2", "train_wall": "2638", "gb_free": "4.5", "wall": "153740"}
2022-07-14 17:15:41 | INFO | train_inner | {"epoch": 2, "update": 1.038, "loss": "1.245", "ppl": "2.37", "wps": "13573.2", "ups": "0.07", "wpb": "185026", "bsz": "409.1", "num_updates": "11400", "lr": "9.78178e-06", "gnorm": "0.179", "clip": "100", "loss_scale": "2", "train_wall": "2637", "gb_free": "4.4", "wall": "156466"}
2022-07-14 18:01:13 | INFO | train_inner | {"epoch": 2, "update": 1.057, "loss": "1.245", "ppl": "2.37", "wps": "13560.5", "ups": "0.07", "wpb": "185256", "bsz": "408.4", "num_updates": "11600", "lr": "9.77778e-06", "gnorm": "0.178", "clip": "100", "loss_scale": "4", "train_wall": "2643", "gb_free": "4.4", "wall": "159198"}
2022-07-14 18:46:45 | INFO | train_inner | {"epoch": 2, "update": 1.075, "loss": "1.244", "ppl": "2.37", "wps": "13569", "ups": "0.07", "wpb": "185291", "bsz": "408.3", "num_updates": "11800", "lr": "9.77377e-06", "gnorm": "0.178", "clip": "100", "loss_scale": "8", "train_wall": "2642", "gb_free": "4.4", "wall": "161929"}
2022-07-14 19:12:57 | INFO | fairseq.trainer | NOTE: gradient overflow detected, ignoring gradient, setting loss scale to: 8.0
2022-07-14 19:32:31 | INFO | train_inner | {"epoch": 2, "update": 1.093, "loss": "1.242", "ppl": "2.37", "wps": "13489", "ups": "0.07", "wpb": "185199", "bsz": "409.6", "num_updates": "12000", "lr": "9.76977e-06", "gnorm": "0.178", "clip": "100", "loss_scale": "8", "train_wall": "2656", "gb_free": "4.4", "wall": "164675"}
2022-07-14 20:14:12 | INFO | fairseq.trainer | NOTE: gradient overflow detected, ignoring gradient, setting loss scale to: 8.0
2022-07-14 20:18:18 | INFO | train_inner | {"epoch": 2, "update": 1.111, "loss": "1.242", "ppl": "2.37", "wps": "13499.9", "ups": "0.07", "wpb": "185423", "bsz": "408.3", "num_updates": "12200", "lr": "9.76577e-06", "gnorm": "0.177", "clip": "100", "loss_scale": "8", "train_wall": "2657", "gb_free": "4.4", "wall": "167422"}
2022-07-14 20:41:05 | INFO | fairseq.trainer | NOTE: gradient overflow detected, ignoring gradient, setting loss scale to: 4.0
2022-07-14 21:04:01 | INFO | train_inner | {"epoch": 2, "update": 1.13, "loss": "1.242", "ppl": "2.37", "wps": "13501.2", "ups": "0.07", "wpb": "185229", "bsz": "408.6", "num_updates": "12400", "lr": "9.76176e-06", "gnorm": "0.177", "clip": "100", "loss_scale": "4", "train_wall": "2654", "gb_free": "4.3", "wall": "170166"}
2022-07-14 21:35:36 | INFO | fairseq.trainer | NOTE: gradient overflow detected, ignoring gradient, setting loss scale to: 2.0
2022-07-14 21:49:41 | INFO | train_inner | {"epoch": 2, "update": 1.148, "loss": "1.241", "ppl": "2.36", "wps": "13516.9", "ups": "0.07", "wpb": "185179", "bsz": "408", "num_updates": "12600", "lr": "9.75776e-06", "gnorm": "0.18", "clip": "100", "loss_scale": "2", "train_wall": "2650", "gb_free": "4.4", "wall": "172906"}
2022-07-14 22:35:07 | INFO | train_inner | {"epoch": 2, "update": 1.166, "loss": "1.239", "ppl": "2.36", "wps": "13586.2", "ups": "0.07", "wpb": "185138", "bsz": "409.5", "num_updates": "12800", "lr": "9.75375e-06", "gnorm": "0.177", "clip": "100", "loss_scale": "4", "train_wall": "2636", "gb_free": "4.4", "wall": "175632"}
2022-07-14 23:20:35 | INFO | train_inner | {"epoch": 2, "update": 1.184, "loss": "1.24", "ppl": "2.36", "wps": "13577", "ups": "0.07", "wpb": "185170", "bsz": "408.8", "num_updates": "13000", "lr": "9.74975e-06", "gnorm": "0.178", "clip": "100", "loss_scale": "4", "train_wall": "2639", "gb_free": "4.4", "wall": "178359"}
2022-07-14 23:25:34 | INFO | fairseq.trainer | NOTE: gradient overflow detected, ignoring gradient, setting loss scale to: 2.0
2022-07-14 23:28:31 | INFO | fairseq.trainer | NOTE: gradient overflow detected, ignoring gradient, setting loss scale to: 1.0
2022-07-15 00:06:23 | INFO | train_inner | {"epoch": 2, "update": 1.202, "loss": "1.24", "ppl": "2.36", "wps": "13488.3", "ups": "0.07", "wpb": "185348", "bsz": "409", "num_updates": "13200", "lr": "9.74575e-06", "gnorm": "0.181", "clip": "100", "loss_scale": "1", "train_wall": "2658", "gb_free": "4.4", "wall": "181108"}
2022-07-15 00:51:46 | INFO | train_inner | {"epoch": 2, "update": 1.221, "loss": "1.237", "ppl": "2.36", "wps": "13613.8", "ups": "0.07", "wpb": "185359", "bsz": "409.2", "num_updates": "13400", "lr": "9.74174e-06", "gnorm": "0.177", "clip": "100", "loss_scale": "2", "train_wall": "2633", "gb_free": "4.4", "wall": "183831"}
2022-07-15 01:29:43 | INFO | fairseq.trainer | NOTE: gradient overflow detected, ignoring gradient, setting loss scale to: 2.0
2022-07-15 01:37:27 | INFO | train_inner | {"epoch": 2, "update": 1.239, "loss": "1.238", "ppl": "2.36", "wps": "13531.8", "ups": "0.07", "wpb": "185438", "bsz": "408.3", "num_updates": "13600", "lr": "9.73774e-06", "gnorm": "0.179", "clip": "100", "loss_scale": "2", "train_wall": "2650", "gb_free": "4.4", "wall": "186571"}
2022-07-15 02:22:51 | INFO | train_inner | {"epoch": 2, "update": 1.257, "loss": "1.237", "ppl": "2.36", "wps": "13609.7", "ups": "0.07", "wpb": "185384", "bsz": "408.3", "num_updates": "13800", "lr": "9.73373e-06", "gnorm": "0.176", "clip": "100", "loss_scale": "2", "train_wall": "2635", "gb_free": "4.3", "wall": "189296"}
2022-07-15 03:00:20 | INFO | fairseq.trainer | NOTE: gradient overflow detected, ignoring gradient, setting loss scale to: 2.0
2022-07-15 03:08:31 | INFO | train_inner | {"epoch": 2, "update": 1.275, "loss": "1.234", "ppl": "2.35", "wps": "13531.4", "ups": "0.07", "wpb": "185350", "bsz": "408.4", "num_updates": "14000", "lr": "9.72973e-06", "gnorm": "0.177", "clip": "100", "loss_scale": "2", "train_wall": "2650", "gb_free": "4.4", "wall": "192035"}
2022-07-15 03:53:52 | INFO | train_inner | {"epoch": 2, "update": 1.293, "loss": "1.234", "ppl": "2.35", "wps": "13604.3", "ups": "0.07", "wpb": "185150", "bsz": "408.3", "num_updates": "14200", "lr": "9.72573e-06", "gnorm": "0.179", "clip": "100", "loss_scale": "2", "train_wall": "2632", "gb_free": "4.4", "wall": "194757"}
2022-07-15 04:39:16 | INFO | train_inner | {"epoch": 2, "update": 1.312, "loss": "1.235", "ppl": "2.35", "wps": "13597.2", "ups": "0.07", "wpb": "185178", "bsz": "408.6", "num_updates": "14400", "lr": "9.72172e-06", "gnorm": "0.176", "clip": "100", "loss_scale": "4", "train_wall": "2634", "gb_free": "4.4", "wall": "197481"}
2022-07-15 05:24:43 | INFO | train_inner | {"epoch": 2, "update": 1.33, "loss": "1.234", "ppl": "2.35", "wps": "13587.5", "ups": "0.07", "wpb": "185252", "bsz": "408.2", "num_updates": "14600", "lr": "9.71772e-06", "gnorm": "0.177", "clip": "100", "loss_scale": "8", "train_wall": "2637", "gb_free": "4.4", "wall": "200208"}
2022-07-15 05:46:59 | INFO | fairseq.trainer | NOTE: gradient overflow detected, ignoring gradient, setting loss scale to: 4.0
2022-07-15 06:10:23 | INFO | train_inner | {"epoch": 2, "update": 1.348, "loss": "1.233", "ppl": "2.35", "wps": "13526.6", "ups": "0.07", "wpb": "185293", "bsz": "409.2", "num_updates": "14800", "lr": "9.71371e-06", "gnorm": "0.177", "clip": "100", "loss_scale": "4", "train_wall": "2649", "gb_free": "4.4", "wall": "202948"}
2022-07-15 06:55:48 | INFO | train_inner | {"epoch": 2, "update": 1.366, "loss": "1.233", "ppl": "2.35", "wps": "13593.2", "ups": "0.07", "wpb": "185238", "bsz": "408.6", "num_updates": "15000", "lr": "9.70971e-06", "gnorm": "0.176", "clip": "100", "loss_scale": "8", "train_wall": "2635", "gb_free": "4.4", "wall": "205673"}
2022-07-15 07:41:15 | INFO | train_inner | {"epoch": 2, "update": 1.384, "loss": "1.233", "ppl": "2.35", "wps": "13590.4", "ups": "0.07", "wpb": "185271", "bsz": "409.8", "num_updates": "15200", "lr": "9.70571e-06", "gnorm": "0.177", "clip": "100", "loss_scale": "8", "train_wall": "2636", "gb_free": "4.4", "wall": "208399"}
2022-07-15 07:44:53 | INFO | fairseq.trainer | NOTE: gradient overflow detected, ignoring gradient, setting loss scale to: 8.0
2022-07-15 08:26:53 | INFO | train_inner | {"epoch": 2, "update": 1.402, "loss": "1.233", "ppl": "2.35", "wps": "13523.3", "ups": "0.07", "wpb": "185158", "bsz": "408.8", "num_updates": "15400", "lr": "9.7017e-06", "gnorm": "0.178", "clip": "100", "loss_scale": "8", "train_wall": "2648", "gb_free": "4.4", "wall": "211138"}
2022-07-15 08:43:41 | INFO | fairseq.trainer | NOTE: gradient overflow detected, ignoring gradient, setting loss scale to: 8.0
2022-07-15 09:12:30 | INFO | train_inner | {"epoch": 2, "update": 1.421, "loss": "1.23", "ppl": "2.35", "wps": "13529.2", "ups": "0.07", "wpb": "185142", "bsz": "409.3", "num_updates": "15600", "lr": "9.6977e-06", "gnorm": "0.177", "clip": "100", "loss_scale": "8", "train_wall": "2647", "gb_free": "4.5", "wall": "213875"}
2022-07-15 09:42:45 | INFO | fairseq.trainer | NOTE: gradient overflow detected, ignoring gradient, setting loss scale to: 8.0
2022-07-15 09:58:14 | INFO | train_inner | {"epoch": 2, "update": 1.439, "loss": "1.231", "ppl": "2.35", "wps": "13499.9", "ups": "0.07", "wpb": "185253", "bsz": "408.5", "num_updates": "15800", "lr": "9.69369e-06", "gnorm": "0.177", "clip": "100", "loss_scale": "8", "train_wall": "2655", "gb_free": "4.4", "wall": "216619"}
2022-07-15 10:33:46 | INFO | fairseq.trainer | NOTE: gradient overflow detected, ignoring gradient, setting loss scale to: 4.0
2022-07-15 10:43:58 | INFO | train_inner | {"epoch": 2, "update": 1.457, "loss": "1.229", "ppl": "2.34", "wps": "13508", "ups": "0.07", "wpb": "185295", "bsz": "408", "num_updates": "16000", "lr": "9.68969e-06", "gnorm": "0.177", "clip": "100", "loss_scale": "4", "train_wall": "2654", "gb_free": "4.4", "wall": "219363"}
2022-07-15 11:29:23 | INFO | train_inner | {"epoch": 2, "update": 1.475, "loss": "1.229", "ppl": "2.34", "wps": "13598", "ups": "0.07", "wpb": "185264", "bsz": "408.8", "num_updates": "16200", "lr": "9.68569e-06", "gnorm": "0.176", "clip": "100", "loss_scale": "4", "train_wall": "2634", "gb_free": "4.4", "wall": "222088"}
2022-07-15 12:14:57 | INFO | train_inner | {"epoch": 2, "update": 1.494, "loss": "1.228", "ppl": "2.34", "wps": "13548.1", "ups": "0.07", "wpb": "185189", "bsz": "409", "num_updates": "16400", "lr": "9.68168e-06", "gnorm": "0.177", "clip": "100", "loss_scale": "8", "train_wall": "2645", "gb_free": "4.4", "wall": "224821"}
2022-07-15 12:30:26 | INFO | fairseq.trainer | NOTE: gradient overflow detected, ignoring gradient, setting loss scale to: 8.0
2022-07-15 13:00:45 | INFO | train_inner | {"epoch": 2, "update": 1.512, "loss": "1.228", "ppl": "2.34", "wps": "13492.2", "ups": "0.07", "wpb": "185431", "bsz": "408.2", "num_updates": "16600", "lr": "9.67768e-06", "gnorm": "0.176", "clip": "100", "loss_scale": "8", "train_wall": "2659", "gb_free": "4.4", "wall": "227570"}
2022-07-15 13:28:55 | INFO | fairseq.trainer | NOTE: gradient overflow detected, ignoring gradient, setting loss scale to: 8.0
2022-07-15 13:42:06 | INFO | fairseq.trainer | NOTE: gradient overflow detected, ignoring gradient, setting loss scale to: 4.0
2022-07-15 13:46:40 | INFO | train_inner | {"epoch": 2, "update": 1.53, "loss": "1.227", "ppl": "2.34", "wps": "13443.1", "ups": "0.07", "wpb": "185157", "bsz": "409.7", "num_updates": "16800", "lr": "9.67367e-06", "gnorm": "0.177", "clip": "100", "loss_scale": "4", "train_wall": "2664", "gb_free": "4.4", "wall": "230325"}
2022-07-15 14:32:03 | INFO | train_inner | {"epoch": 2, "update": 1.548, "loss": "1.224", "ppl": "2.34", "wps": "13606.2", "ups": "0.07", "wpb": "185219", "bsz": "409.6", "num_updates": "17000", "lr": "9.66967e-06", "gnorm": "0.176", "clip": "100", "loss_scale": "4", "train_wall": "2633", "gb_free": "4.4", "wall": "233047"}
2022-07-15 15:09:58 | INFO | fairseq.trainer | NOTE: gradient overflow detected, ignoring gradient, setting loss scale to: 4.0
2022-07-15 15:17:41 | INFO | train_inner | {"epoch": 2, "update": 1.566, "loss": "1.228", "ppl": "2.34", "wps": "13524.6", "ups": "0.07", "wpb": "185194", "bsz": "408.3", "num_updates": "17200", "lr": "9.66567e-06", "gnorm": "0.176", "clip": "100", "loss_scale": "4", "train_wall": "2647", "gb_free": "4.4", "wall": "235786"}
2022-07-15 16:03:09 | INFO | train_inner | {"epoch": 2, "update": 1.585, "loss": "1.224", "ppl": "2.34", "wps": "13596.7", "ups": "0.07", "wpb": "185451", "bsz": "409.3", "num_updates": "17400", "lr": "9.66166e-06", "gnorm": "0.175", "clip": "100", "loss_scale": "4", "train_wall": "2638", "gb_free": "4.4", "wall": "238514"}
2022-07-15 16:29:13 | INFO | fairseq.trainer | NOTE: gradient overflow detected, ignoring gradient, setting loss scale to: 4.0
2022-07-15 16:48:46 | INFO | train_inner | {"epoch": 2, "update": 1.603, "loss": "1.225", "ppl": "2.34", "wps": "13524.6", "ups": "0.07", "wpb": "185071", "bsz": "409.1", "num_updates": "17600", "lr": "9.65766e-06", "gnorm": "0.176", "clip": "100", "loss_scale": "4", "train_wall": "2648", "gb_free": "4.4", "wall": "241251"}
2022-07-15 17:34:12 | INFO | train_inner | {"epoch": 2, "update": 1.621, "loss": "1.222", "ppl": "2.33", "wps": "13586.7", "ups": "0.07", "wpb": "185218", "bsz": "409.3", "num_updates": "17800", "lr": "9.65365e-06", "gnorm": "0.176", "clip": "100", "loss_scale": "8", "train_wall": "2637", "gb_free": "4.5", "wall": "243977"}
2022-07-15 18:00:33 | INFO | fairseq.trainer | NOTE: gradient overflow detected, ignoring gradient, setting loss scale to: 4.0
2022-07-15 18:19:54 | INFO | train_inner | {"epoch": 2, "update": 1.639, "loss": "1.221", "ppl": "2.33", "wps": "13517.1", "ups": "0.07", "wpb": "185277", "bsz": "408.2", "num_updates": "18000", "lr": "9.64965e-06", "gnorm": "0.177", "clip": "100", "loss_scale": "4", "train_wall": "2652", "gb_free": "4.4", "wall": "246719"}
wandb: Network error (ReadTimeout), entering retry loop.
2022-07-15 19:05:21 | INFO | train_inner | {"epoch": 2, "update": 1.657, "loss": "1.222", "ppl": "2.33", "wps": "13588", "ups": "0.07", "wpb": "185294", "bsz": "409.7", "num_updates": "18200", "lr": "9.64565e-06", "gnorm": "0.176", "clip": "100", "loss_scale": "8", "train_wall": "2639", "gb_free": "4.4", "wall": "249446"}
2022-07-15 19:50:52 | INFO | train_inner | {"epoch": 2, "update": 1.676, "loss": "1.221", "ppl": "2.33", "wps": "13566.2", "ups": "0.07", "wpb": "185232", "bsz": "408.6", "num_updates": "18400", "lr": "9.64164e-06", "gnorm": "0.176", "clip": "100", "loss_scale": "8", "train_wall": "2642", "gb_free": "4.4", "wall": "252177"}
2022-07-15 20:01:33 | INFO | fairseq.trainer | NOTE: gradient overflow detected, ignoring gradient, setting loss scale to: 8.0
2022-07-15 20:36:35 | INFO | train_inner | {"epoch": 2, "update": 1.694, "loss": "1.22", "ppl": "2.33", "wps": "13513.1", "ups": "0.07", "wpb": "185347", "bsz": "408.1", "num_updates": "18600", "lr": "9.63764e-06", "gnorm": "0.176", "clip": "100", "loss_scale": "8", "train_wall": "2653", "gb_free": "4.4", "wall": "254920"}
2022-07-15 21:00:30 | INFO | fairseq.trainer | NOTE: gradient overflow detected, ignoring gradient, setting loss scale to: 8.0
2022-07-15 21:22:20 | INFO | train_inner | {"epoch": 2, "update": 1.712, "loss": "1.221", "ppl": "2.33", "wps": "13503.7", "ups": "0.07", "wpb": "185313", "bsz": "407.8", "num_updates": "18800", "lr": "9.63363e-06", "gnorm": "0.176", "clip": "100", "loss_scale": "8", "train_wall": "2655", "gb_free": "4.4", "wall": "257665"}
2022-07-15 21:59:26 | INFO | fairseq.trainer | NOTE: gradient overflow detected, ignoring gradient, setting loss scale to: 8.0
2022-07-15 22:08:05 | INFO | train_inner | {"epoch": 2, "update": 1.73, "loss": "1.22", "ppl": "2.33", "wps": "13504.4", "ups": "0.07", "wpb": "185352", "bsz": "408.4", "num_updates": "19000", "lr": "9.62963e-06", "gnorm": "0.175", "clip": "100", "loss_scale": "8", "train_wall": "2656", "gb_free": "4.4", "wall": "260410"}
2022-07-15 22:49:56 | INFO | fairseq.trainer | NOTE: gradient overflow detected, ignoring gradient, setting loss scale to: 4.0
2022-07-15 22:53:48 | INFO | train_inner | {"epoch": 2, "update": 1.749, "loss": "1.22", "ppl": "2.33", "wps": "13510.1", "ups": "0.07", "wpb": "185277", "bsz": "408.6", "num_updates": "19200", "lr": "9.62563e-06", "gnorm": "0.175", "clip": "100", "loss_scale": "4", "train_wall": "2652", "gb_free": "4.4", "wall": "263152"}
2022-07-15 23:39:17 | INFO | train_inner | {"epoch": 2, "update": 1.767, "loss": "1.219", "ppl": "2.33", "wps": "13583.5", "ups": "0.07", "wpb": "185360", "bsz": "408.6", "num_updates": "19400", "lr": "9.62162e-06", "gnorm": "0.176", "clip": "100", "loss_scale": "4", "train_wall": "2639", "gb_free": "4.4", "wall": "265882"}
2022-07-16 00:24:43 | INFO | train_inner | {"epoch": 2, "update": 1.785, "loss": "1.221", "ppl": "2.33", "wps": "13583.9", "ups": "0.07", "wpb": "185143", "bsz": "408.8", "num_updates": "19600", "lr": "9.61762e-06", "gnorm": "0.175", "clip": "100", "loss_scale": "8", "train_wall": "2637", "gb_free": "4.3", "wall": "268608"}
2022-07-16 00:49:16 | INFO | fairseq.trainer | NOTE: gradient overflow detected, ignoring gradient, setting loss scale to: 8.0
2022-07-16 01:10:26 | INFO | train_inner | {"epoch": 2, "update": 1.803, "loss": "1.218", "ppl": "2.33", "wps": "13506.7", "ups": "0.07", "wpb": "185229", "bsz": "408.7", "num_updates": "19800", "lr": "9.61361e-06", "gnorm": "0.177", "clip": "100", "loss_scale": "8", "train_wall": "2653", "gb_free": "4.4", "wall": "271350"}
2022-07-16 01:48:39 | INFO | fairseq.trainer | NOTE: gradient overflow detected, ignoring gradient, setting loss scale to: 8.0
2022-07-16 01:56:10 | INFO | train_inner | {"epoch": 2, "update": 1.821, "loss": "1.218", "ppl": "2.33", "wps": "13493.1", "ups": "0.07", "wpb": "185169", "bsz": "409", "num_updates": "20000", "lr": "9.60961e-06", "gnorm": "0.176", "clip": "100", "loss_scale": "8", "train_wall": "2653", "gb_free": "4.4", "wall": "274095"}
2022-07-16 02:41:41 | INFO | train_inner | {"epoch": 2, "update": 1.84, "loss": "1.216", "ppl": "2.32", "wps": "13566.6", "ups": "0.07", "wpb": "185237", "bsz": "408.1", "num_updates": "20200", "lr": "9.60561e-06", "gnorm": "0.176", "clip": "100", "loss_scale": "8", "train_wall": "2641", "gb_free": "4.4", "wall": "276826"}
2022-07-16 02:48:43 | INFO | fairseq.trainer | NOTE: gradient overflow detected, ignoring gradient, setting loss scale to: 8.0
2022-07-16 02:59:52 | INFO | fairseq.trainer | NOTE: gradient overflow detected, ignoring gradient, setting loss scale to: 4.0
2022-07-16 03:27:37 | INFO | train_inner | {"epoch": 2, "update": 1.858, "loss": "1.216", "ppl": "2.32", "wps": "13440.2", "ups": "0.07", "wpb": "185233", "bsz": "408.3", "num_updates": "20400", "lr": "9.6016e-06", "gnorm": "0.176", "clip": "100", "loss_scale": "4", "train_wall": "2665", "gb_free": "4.4", "wall": "279582"}
2022-07-16 04:13:06 | INFO | train_inner | {"epoch": 2, "update": 1.876, "loss": "1.216", "ppl": "2.32", "wps": "13564.6", "ups": "0.07", "wpb": "185095", "bsz": "409.1", "num_updates": "20600", "lr": "9.5976e-06", "gnorm": "0.176", "clip": "100", "loss_scale": "8", "train_wall": "2638", "gb_free": "4.4", "wall": "282311"}
2022-07-16 04:19:42 | INFO | fairseq.trainer | NOTE: gradient overflow detected, ignoring gradient, setting loss scale to: 4.0
2022-07-16 04:39:43 | INFO | fairseq.trainer | NOTE: gradient overflow detected, ignoring gradient, setting loss scale to: 2.0
2022-07-16 04:59:04 | INFO | train_inner | {"epoch": 2, "update": 1.894, "loss": "1.217", "ppl": "2.32", "wps": "13442.7", "ups": "0.07", "wpb": "185310", "bsz": "408.7", "num_updates": "20800", "lr": "9.59359e-06", "gnorm": "0.176", "clip": "100", "loss_scale": "2", "train_wall": "2665", "gb_free": "4.4", "wall": "285068"}
2022-07-16 05:44:31 | INFO | train_inner | {"epoch": 2, "update": 1.912, "loss": "1.217", "ppl": "2.32", "wps": "13579.3", "ups": "0.07", "wpb": "185209", "bsz": "409.4", "num_updates": "21000", "lr": "9.58959e-06", "gnorm": "0.175", "clip": "100", "loss_scale": "4", "train_wall": "2637", "gb_free": "4.4", "wall": "287796"}
2022-07-16 06:30:03 | INFO | train_inner | {"epoch": 2, "update": 1.931, "loss": "1.215", "ppl": "2.32", "wps": "13569.6", "ups": "0.07", "wpb": "185335", "bsz": "408.8", "num_updates": "21200", "lr": "9.58559e-06", "gnorm": "0.175", "clip": "100", "loss_scale": "4", "train_wall": "2640", "gb_free": "4.5", "wall": "290528"}
2022-07-16 07:15:34 | INFO | train_inner | {"epoch": 2, "update": 1.949, "loss": "1.214", "ppl": "2.32", "wps": "13557.8", "ups": "0.07", "wpb": "185134", "bsz": "409", "num_updates": "21400", "lr": "9.58158e-06", "gnorm": "0.176", "clip": "100", "loss_scale": "8", "train_wall": "2640", "gb_free": "4.4", "wall": "293259"}
2022-07-16 07:34:42 | INFO | fairseq.trainer | NOTE: gradient overflow detected, ignoring gradient, setting loss scale to: 8.0
2022-07-16 08:01:19 | INFO | train_inner | {"epoch": 2, "update": 1.967, "loss": "1.217", "ppl": "2.32", "wps": "13488.8", "ups": "0.07", "wpb": "185116", "bsz": "408.7", "num_updates": "21600", "lr": "9.57758e-06", "gnorm": "0.176", "clip": "100", "loss_scale": "8", "train_wall": "2653", "gb_free": "4.4", "wall": "296004"}
2022-07-16 08:33:38 | INFO | fairseq.trainer | NOTE: gradient overflow detected, ignoring gradient, setting loss scale to: 8.0
2022-07-16 08:47:03 | INFO | train_inner | {"epoch": 2, "update": 1.985, "loss": "1.215", "ppl": "2.32", "wps": "13502", "ups": "0.07", "wpb": "185259", "bsz": "408.6", "num_updates": "21800", "lr": "9.57357e-06", "gnorm": "0.176", "clip": "100", "loss_scale": "8", "train_wall": "2653", "gb_free": "4.4", "wall": "298748"}
2022-07-16 09:23:45 | INFO | fairseq_cli.train | begin validation on "valid" subset
2022-07-16 09:24:08 | INFO | valid | {"epoch": 2, "valid_loss": "1.186", "valid_ppl": "2.27", "valid_wps": "36197.8", "valid_wpb": "5748.7", "valid_bsz": "12.7", "valid_num_updates": "21962", "valid_best_loss": "1.186"}
2022-07-16 09:24:08 | INFO | fairseq.checkpoint_utils | Preparing to save checkpoint for epoch 2 @ 21962 updates
2022-07-16 09:24:08 | INFO | fairseq.trainer | Saving checkpoint to /home/dahmanir/BART_25_finetune/checkpoint2.pt
2022-07-16 09:24:14 | INFO | fairseq.trainer | Finished saving checkpoint to /home/dahmanir/BART_25_finetune/checkpoint2.pt
2022-07-16 09:24:14 | INFO | fairseq.checkpoint_utils | Saved checkpoint BART_25_finetune/checkpoint2.pt (epoch 2 @ 21962 updates, score 1.186) (writing took 5.3921416129451245 seconds)
2022-07-16 09:24:14 | INFO | fairseq_cli.train | end of epoch 2 (average epoch stats below)
2022-07-16 09:24:14 | INFO | train | {"epoch": 2, "train_loss": "1.228", "train_ppl": "2.34", "train_wps": "13539.4", "train_ups": "0.07", "train_wpb": "185236", "train_bsz": "408.7", "train_num_updates": "21962", "train_lr": "9.57033e-06", "train_gnorm": "0.177", "train_clip": "100", "train_loss_scale": "8", "train_train_wall": "145322", "train_gb_free": "4.5", "train_wall": "300978"}
2022-07-16 09:24:14 | INFO | fairseq_cli.train | done training in 300918.0 seconds
slurmstepd: error: *** JOB 9729103 ON r30n1 CANCELLED AT 2022-07-17T21:47:33 DUE TO TIME LIMIT ***
