[2022-07-18 10:15:59,673][HYDRA] Launching 1 jobs locally
[2022-07-18 10:15:59,673][HYDRA] 	#0 : 
2022-07-18 10:16:04 | INFO | fairseq.distributed.utils | distributed init (rank 1): tcp://localhost:14530
2022-07-18 10:16:04 | INFO | fairseq.distributed.utils | distributed init (rank 0): tcp://localhost:14530
2022-07-18 10:16:04 | INFO | torch.distributed.distributed_c10d | Added key: store_based_barrier_key:1 to store for rank: 1
2022-07-18 10:16:04 | INFO | torch.distributed.distributed_c10d | Added key: store_based_barrier_key:1 to store for rank: 0
2022-07-18 10:16:04 | INFO | torch.distributed.distributed_c10d | Rank 0: Completed store-based barrier for key:store_based_barrier_key:1 with 2 nodes.
2022-07-18 10:16:04 | INFO | torch.distributed.distributed_c10d | Rank 1: Completed store-based barrier for key:store_based_barrier_key:1 with 2 nodes.
2022-07-18 10:16:04 | INFO | fairseq.distributed.utils | initialized host r31n4.lisa.surfsara.nl as rank 0
2022-07-18 10:16:04 | INFO | fairseq.distributed.utils | initialized host r31n4.lisa.surfsara.nl as rank 1
[2022-07-18 10:16:09,012][fairseq_cli.train][INFO] - {'_name': None, 'common': {'_name': None, 'no_progress_bar': False, 'log_interval': 200, 'log_format': 'json', 'log_file': None, 'tensorboard_logdir': None, 'wandb_project': 'RoBERTa', 'azureml_logging': False, 'seed': 1, 'cpu': False, 'tpu': False, 'bf16': False, 'memory_efficient_bf16': False, 'fp16': True, 'memory_efficient_fp16': False, 'fp16_no_flatten_grads': False, 'fp16_init_scale': 128, 'fp16_scale_window': None, 'fp16_scale_tolerance': 0.0, 'on_cpu_convert_precision': False, 'min_loss_scale': 0.0001, 'threshold_loss_scale': None, 'amp': False, 'amp_batch_retries': 2, 'amp_init_scale': 128, 'amp_scale_window': None, 'user_dir': None, 'empty_cache_freq': 0, 'all_gather_list_size': 16384, 'model_parallel_size': 1, 'quantization_config_path': None, 'profile': False, 'reset_logging': False, 'suppress_crashes': False, 'use_plasma_view': False, 'plasma_path': '/tmp/plasma'}, 'common_eval': {'_name': None, 'path': None, 'post_process': None, 'quiet': False, 'model_overrides': '{}', 'results_path': None}, 'distributed_training': {'_name': None, 'distributed_world_size': 2, 'distributed_num_procs': 2, 'distributed_rank': 0, 'distributed_backend': 'nccl', 'distributed_init_method': 'tcp://localhost:14530', 'distributed_port': -1, 'device_id': 0, 'distributed_no_spawn': False, 'ddp_backend': 'pytorch_ddp', 'ddp_comm_hook': 'none', 'bucket_cap_mb': 25, 'fix_batches_to_gpus': False, 'find_unused_parameters': False, 'gradient_as_bucket_view': False, 'fast_stat_sync': False, 'heartbeat_timeout': -1, 'broadcast_buffers': False, 'slowmo_momentum': None, 'slowmo_base_algorithm': 'localsgd', 'localsgd_frequency': 3, 'nprocs_per_node': 2, 'pipeline_model_parallel': False, 'pipeline_balance': None, 'pipeline_devices': None, 'pipeline_chunks': 0, 'pipeline_encoder_balance': None, 'pipeline_encoder_devices': None, 'pipeline_decoder_balance': None, 'pipeline_decoder_devices': None, 'pipeline_checkpoint': 'never', 'zero_sharding': 'none', 'fp16': True, 'memory_efficient_fp16': False, 'tpu': False, 'no_reshard_after_forward': False, 'fp32_reduce_scatter': False, 'cpu_offload': False, 'use_sharded_state': False, 'not_fsdp_flatten_parameters': False}, 'dataset': {'_name': None, 'num_workers': 1, 'skip_invalid_size_inputs_valid_test': False, 'max_tokens': None, 'batch_size': 8, 'required_batch_size_multiple': 8, 'required_seq_len_multiple': 1, 'dataset_impl': None, 'data_buffer_size': 10, 'train_subset': 'train', 'valid_subset': 'valid', 'combine_valid_subsets': None, 'ignore_unused_valid_subsets': True, 'validate_interval': 1, 'validate_interval_updates': 0, 'validate_after_updates': 0, 'fixed_validation_seed': None, 'disable_validation': False, 'max_tokens_valid': None, 'batch_size_valid': 8, 'max_valid_steps': None, 'curriculum': 0, 'gen_subset': 'test', 'num_shards': 1, 'shard_id': 0, 'grouped_shuffling': False, 'update_epoch_batch_itr': False, 'update_ordered_indices_seed': False}, 'optimization': {'_name': None, 'max_epoch': 4, 'max_update': 125000, 'stop_time_hours': 0.0, 'clip_norm': 0.0, 'sentence_avg': False, 'update_freq': [32], 'lr': [1e-05], 'stop_min_lr': -1.0, 'use_bmuf': False, 'skip_remainder_batch': False}, 'checkpoint': {'_name': None, 'save_dir': 'checkpoints', 'restore_file': '/home/dahmanir/lisa/Models/RoBERTa_25_finetune.pt', 'continue_once': None, 'finetune_from_model': None, 'reset_dataloader': False, 'reset_lr_scheduler': False, 'reset_meters': False, 'reset_optimizer': False, 'optimizer_overrides': '{}', 'save_interval': 1, 'save_interval_updates': 0, 'keep_interval_updates': -1, 'keep_interval_updates_pattern': -1, 'keep_last_epochs': -1, 'keep_best_checkpoints': -1, 'no_save': False, 'no_epoch_checkpoints': False, 'no_last_checkpoints': False, 'no_save_optimizer_state': False, 'best_checkpoint_metric': 'loss', 'maximize_best_checkpoint_metric': False, 'patience': -1, 'checkpoint_suffix': '', 'checkpoint_shard_count': 1, 'load_checkpoint_on_all_dp_ranks': False, 'write_checkpoints_asynchronously': False, 'model_parallel_size': 1}, 'bmuf': {'_name': None, 'block_lr': 1.0, 'block_momentum': 0.875, 'global_sync_iter': 50, 'warmup_iterations': 500, 'use_nbm': False, 'average_sync': False, 'distributed_world_size': 2}, 'generation': {'_name': None, 'beam': 5, 'nbest': 1, 'max_len_a': 0.0, 'max_len_b': 200, 'min_len': 1, 'match_source_len': False, 'unnormalized': False, 'no_early_stop': False, 'no_beamable_mm': False, 'lenpen': 1.0, 'unkpen': 0.0, 'replace_unk': None, 'sacrebleu': False, 'score_reference': False, 'prefix_size': 0, 'no_repeat_ngram_size': 0, 'sampling': False, 'sampling_topk': -1, 'sampling_topp': -1.0, 'constraints': None, 'temperature': 1.0, 'diverse_beam_groups': -1, 'diverse_beam_strength': 0.5, 'diversity_rate': -1.0, 'print_alignment': None, 'print_step': False, 'lm_path': None, 'lm_weight': 0.0, 'iter_decode_eos_penalty': 0.0, 'iter_decode_max_iter': 10, 'iter_decode_force_max_iter': False, 'iter_decode_with_beam': 1, 'iter_decode_with_external_reranker': False, 'retain_iter_history': False, 'retain_dropout': False, 'retain_dropout_modules': None, 'decoding_format': None, 'no_seed_provided': False}, 'eval_lm': {'_name': None, 'output_word_probs': False, 'output_word_stats': False, 'context_window': 0, 'softmax_batch': 9223372036854775807}, 'interactive': {'_name': None, 'buffer_size': 0, 'input': '-'}, 'model': {'_name': 'roberta', 'max_positions': 512, 'dropout': 0.1, 'attention_dropout': 0.1}, 'task': {'_name': 'masked_lm', 'data': '/home/dahmanir/lisa/Datasets/25_percent', 'sample_break_mode': complete, 'tokens_per_sample': 512, 'mask_prob': 0.15, 'leave_unmasked_prob': 0.1, 'random_token_prob': 0.1, 'freq_weighted_replacement': False, 'mask_whole_words': False, 'mask_multiple_length': 1, 'mask_stdev': 0.0, 'shorten_method': none, 'shorten_data_split_list': '', 'seed': 1, 'include_target_tokens': False}, 'criterion': {'_name': 'masked_lm', 'tpu': False}, 'optimizer': {'_name': 'adam', 'adam_betas': '(0.9,0.98)', 'adam_eps': 1e-06, 'weight_decay': 0.01, 'use_old_adam': False, 'fp16_adam_stats': False, 'tpu': False, 'lr': [1e-05]}, 'lr_scheduler': {'_name': 'polynomial_decay', 'warmup_updates': 0, 'force_anneal': None, 'end_learning_rate': 0.0, 'power': 1.0, 'total_num_update': 125000.0, 'lr': [1e-05]}, 'scoring': None, 'bpe': None, 'tokenizer': None, 'ema': {'_name': None, 'store_ema': False, 'ema_decay': 0.9999, 'ema_start_update': 0, 'ema_seed_model': None, 'ema_update_freq': 1, 'ema_fp32': False}, 'job_logging_cfg': {'version': 1, 'formatters': {'simple': {'format': '[%(asctime)s][%(name)s][%(levelname)s] - %(message)s'}}, 'handlers': {'console': {'class': 'logging.StreamHandler', 'formatter': 'simple', 'stream': 'ext://sys.stdout'}, 'file': {'class': 'logging.FileHandler', 'formatter': 'simple', 'filename': 'hydra_train.log'}}, 'root': {'level': 'INFO', 'handlers': ['console', 'file']}, 'disable_existing_loggers': False}}
[2022-07-18 10:16:09,101][fairseq.tasks.masked_lm][INFO] - dictionary: 39984 types
[2022-07-18 10:16:13,996][fairseq_cli.train][INFO] - RobertaModel(
  (encoder): RobertaEncoder(
    (sentence_encoder): TransformerEncoder(
      (dropout_module): FairseqDropout()
      (embed_tokens): Embedding(39985, 768, padding_idx=1)
      (embed_positions): LearnedPositionalEmbedding(514, 768, padding_idx=1)
      (layernorm_embedding): LayerNorm((768,), eps=1e-05, elementwise_affine=True)
      (layers): ModuleList(
        (0): TransformerEncoderLayerBase(
          (self_attn): MultiheadAttention(
            (dropout_module): FairseqDropout()
            (k_proj): Linear(in_features=768, out_features=768, bias=True)
            (v_proj): Linear(in_features=768, out_features=768, bias=True)
            (q_proj): Linear(in_features=768, out_features=768, bias=True)
            (out_proj): Linear(in_features=768, out_features=768, bias=True)
          )
          (self_attn_layer_norm): LayerNorm((768,), eps=1e-05, elementwise_affine=True)
          (dropout_module): FairseqDropout()
          (activation_dropout_module): FairseqDropout()
          (fc1): Linear(in_features=768, out_features=3072, bias=True)
          (fc2): Linear(in_features=3072, out_features=768, bias=True)
          (final_layer_norm): LayerNorm((768,), eps=1e-05, elementwise_affine=True)
        )
        (1): TransformerEncoderLayerBase(
          (self_attn): MultiheadAttention(
            (dropout_module): FairseqDropout()
            (k_proj): Linear(in_features=768, out_features=768, bias=True)
            (v_proj): Linear(in_features=768, out_features=768, bias=True)
            (q_proj): Linear(in_features=768, out_features=768, bias=True)
            (out_proj): Linear(in_features=768, out_features=768, bias=True)
          )
          (self_attn_layer_norm): LayerNorm((768,), eps=1e-05, elementwise_affine=True)
          (dropout_module): FairseqDropout()
          (activation_dropout_module): FairseqDropout()
          (fc1): Linear(in_features=768, out_features=3072, bias=True)
          (fc2): Linear(in_features=3072, out_features=768, bias=True)
          (final_layer_norm): LayerNorm((768,), eps=1e-05, elementwise_affine=True)
        )
        (2): TransformerEncoderLayerBase(
          (self_attn): MultiheadAttention(
            (dropout_module): FairseqDropout()
            (k_proj): Linear(in_features=768, out_features=768, bias=True)
            (v_proj): Linear(in_features=768, out_features=768, bias=True)
            (q_proj): Linear(in_features=768, out_features=768, bias=True)
            (out_proj): Linear(in_features=768, out_features=768, bias=True)
          )
          (self_attn_layer_norm): LayerNorm((768,), eps=1e-05, elementwise_affine=True)
          (dropout_module): FairseqDropout()
          (activation_dropout_module): FairseqDropout()
          (fc1): Linear(in_features=768, out_features=3072, bias=True)
          (fc2): Linear(in_features=3072, out_features=768, bias=True)
          (final_layer_norm): LayerNorm((768,), eps=1e-05, elementwise_affine=True)
        )
        (3): TransformerEncoderLayerBase(
          (self_attn): MultiheadAttention(
            (dropout_module): FairseqDropout()
            (k_proj): Linear(in_features=768, out_features=768, bias=True)
            (v_proj): Linear(in_features=768, out_features=768, bias=True)
            (q_proj): Linear(in_features=768, out_features=768, bias=True)
            (out_proj): Linear(in_features=768, out_features=768, bias=True)
          )
          (self_attn_layer_norm): LayerNorm((768,), eps=1e-05, elementwise_affine=True)
          (dropout_module): FairseqDropout()
          (activation_dropout_module): FairseqDropout()
          (fc1): Linear(in_features=768, out_features=3072, bias=True)
          (fc2): Linear(in_features=3072, out_features=768, bias=True)
          (final_layer_norm): LayerNorm((768,), eps=1e-05, elementwise_affine=True)
        )
        (4): TransformerEncoderLayerBase(
          (self_attn): MultiheadAttention(
            (dropout_module): FairseqDropout()
            (k_proj): Linear(in_features=768, out_features=768, bias=True)
            (v_proj): Linear(in_features=768, out_features=768, bias=True)
            (q_proj): Linear(in_features=768, out_features=768, bias=True)
            (out_proj): Linear(in_features=768, out_features=768, bias=True)
          )
          (self_attn_layer_norm): LayerNorm((768,), eps=1e-05, elementwise_affine=True)
          (dropout_module): FairseqDropout()
          (activation_dropout_module): FairseqDropout()
          (fc1): Linear(in_features=768, out_features=3072, bias=True)
          (fc2): Linear(in_features=3072, out_features=768, bias=True)
          (final_layer_norm): LayerNorm((768,), eps=1e-05, elementwise_affine=True)
        )
        (5): TransformerEncoderLayerBase(
          (self_attn): MultiheadAttention(
            (dropout_module): FairseqDropout()
            (k_proj): Linear(in_features=768, out_features=768, bias=True)
            (v_proj): Linear(in_features=768, out_features=768, bias=True)
            (q_proj): Linear(in_features=768, out_features=768, bias=True)
            (out_proj): Linear(in_features=768, out_features=768, bias=True)
          )
          (self_attn_layer_norm): LayerNorm((768,), eps=1e-05, elementwise_affine=True)
          (dropout_module): FairseqDropout()
          (activation_dropout_module): FairseqDropout()
          (fc1): Linear(in_features=768, out_features=3072, bias=True)
          (fc2): Linear(in_features=3072, out_features=768, bias=True)
          (final_layer_norm): LayerNorm((768,), eps=1e-05, elementwise_affine=True)
        )
        (6): TransformerEncoderLayerBase(
          (self_attn): MultiheadAttention(
            (dropout_module): FairseqDropout()
            (k_proj): Linear(in_features=768, out_features=768, bias=True)
            (v_proj): Linear(in_features=768, out_features=768, bias=True)
            (q_proj): Linear(in_features=768, out_features=768, bias=True)
            (out_proj): Linear(in_features=768, out_features=768, bias=True)
          )
          (self_attn_layer_norm): LayerNorm((768,), eps=1e-05, elementwise_affine=True)
          (dropout_module): FairseqDropout()
          (activation_dropout_module): FairseqDropout()
          (fc1): Linear(in_features=768, out_features=3072, bias=True)
          (fc2): Linear(in_features=3072, out_features=768, bias=True)
          (final_layer_norm): LayerNorm((768,), eps=1e-05, elementwise_affine=True)
        )
        (7): TransformerEncoderLayerBase(
          (self_attn): MultiheadAttention(
            (dropout_module): FairseqDropout()
            (k_proj): Linear(in_features=768, out_features=768, bias=True)
            (v_proj): Linear(in_features=768, out_features=768, bias=True)
            (q_proj): Linear(in_features=768, out_features=768, bias=True)
            (out_proj): Linear(in_features=768, out_features=768, bias=True)
          )
          (self_attn_layer_norm): LayerNorm((768,), eps=1e-05, elementwise_affine=True)
          (dropout_module): FairseqDropout()
          (activation_dropout_module): FairseqDropout()
          (fc1): Linear(in_features=768, out_features=3072, bias=True)
          (fc2): Linear(in_features=3072, out_features=768, bias=True)
          (final_layer_norm): LayerNorm((768,), eps=1e-05, elementwise_affine=True)
        )
        (8): TransformerEncoderLayerBase(
          (self_attn): MultiheadAttention(
            (dropout_module): FairseqDropout()
            (k_proj): Linear(in_features=768, out_features=768, bias=True)
            (v_proj): Linear(in_features=768, out_features=768, bias=True)
            (q_proj): Linear(in_features=768, out_features=768, bias=True)
            (out_proj): Linear(in_features=768, out_features=768, bias=True)
          )
          (self_attn_layer_norm): LayerNorm((768,), eps=1e-05, elementwise_affine=True)
          (dropout_module): FairseqDropout()
          (activation_dropout_module): FairseqDropout()
          (fc1): Linear(in_features=768, out_features=3072, bias=True)
          (fc2): Linear(in_features=3072, out_features=768, bias=True)
          (final_layer_norm): LayerNorm((768,), eps=1e-05, elementwise_affine=True)
        )
        (9): TransformerEncoderLayerBase(
          (self_attn): MultiheadAttention(
            (dropout_module): FairseqDropout()
            (k_proj): Linear(in_features=768, out_features=768, bias=True)
            (v_proj): Linear(in_features=768, out_features=768, bias=True)
            (q_proj): Linear(in_features=768, out_features=768, bias=True)
            (out_proj): Linear(in_features=768, out_features=768, bias=True)
          )
          (self_attn_layer_norm): LayerNorm((768,), eps=1e-05, elementwise_affine=True)
          (dropout_module): FairseqDropout()
          (activation_dropout_module): FairseqDropout()
          (fc1): Linear(in_features=768, out_features=3072, bias=True)
          (fc2): Linear(in_features=3072, out_features=768, bias=True)
          (final_layer_norm): LayerNorm((768,), eps=1e-05, elementwise_affine=True)
        )
        (10): TransformerEncoderLayerBase(
          (self_attn): MultiheadAttention(
            (dropout_module): FairseqDropout()
            (k_proj): Linear(in_features=768, out_features=768, bias=True)
            (v_proj): Linear(in_features=768, out_features=768, bias=True)
            (q_proj): Linear(in_features=768, out_features=768, bias=True)
            (out_proj): Linear(in_features=768, out_features=768, bias=True)
          )
          (self_attn_layer_norm): LayerNorm((768,), eps=1e-05, elementwise_affine=True)
          (dropout_module): FairseqDropout()
          (activation_dropout_module): FairseqDropout()
          (fc1): Linear(in_features=768, out_features=3072, bias=True)
          (fc2): Linear(in_features=3072, out_features=768, bias=True)
          (final_layer_norm): LayerNorm((768,), eps=1e-05, elementwise_affine=True)
        )
        (11): TransformerEncoderLayerBase(
          (self_attn): MultiheadAttention(
            (dropout_module): FairseqDropout()
            (k_proj): Linear(in_features=768, out_features=768, bias=True)
            (v_proj): Linear(in_features=768, out_features=768, bias=True)
            (q_proj): Linear(in_features=768, out_features=768, bias=True)
            (out_proj): Linear(in_features=768, out_features=768, bias=True)
          )
          (self_attn_layer_norm): LayerNorm((768,), eps=1e-05, elementwise_affine=True)
          (dropout_module): FairseqDropout()
          (activation_dropout_module): FairseqDropout()
          (fc1): Linear(in_features=768, out_features=3072, bias=True)
          (fc2): Linear(in_features=3072, out_features=768, bias=True)
          (final_layer_norm): LayerNorm((768,), eps=1e-05, elementwise_affine=True)
        )
      )
    )
    (lm_head): RobertaLMHead(
      (dense): Linear(in_features=768, out_features=768, bias=True)
      (layer_norm): LayerNorm((768,), eps=1e-05, elementwise_affine=True)
    )
  )
  (classification_heads): ModuleDict()
)
[2022-07-18 10:16:13,999][fairseq_cli.train][INFO] - task: MaskedLMTask
[2022-07-18 10:16:13,999][fairseq_cli.train][INFO] - model: RobertaModel
[2022-07-18 10:16:13,999][fairseq_cli.train][INFO] - criterion: MaskedLmLoss
[2022-07-18 10:16:14,001][fairseq_cli.train][INFO] - num. shared model params: 116,791,345 (num. trained: 116,791,345)
[2022-07-18 10:16:14,002][fairseq_cli.train][INFO] - num. expert model params: 0 (num. trained: 0)
[2022-07-18 10:16:14,005][fairseq.data.data_utils][INFO] - loaded 10,000 examples from: /home/dahmanir/lisa/Datasets/25_percent/valid
[2022-07-18 10:16:14,008][fairseq.tasks.masked_lm][INFO] - loaded 1441 blocks from: /home/dahmanir/lisa/Datasets/25_percent/valid
[2022-07-18 10:16:16,585][torch.distributed.distributed_c10d][INFO] - Added key: store_based_barrier_key:2 to store for rank: 0
[2022-07-18 10:16:16,585][torch.distributed.distributed_c10d][INFO] - Rank 0: Completed store-based barrier for key:store_based_barrier_key:2 with 2 nodes.
[2022-07-18 10:16:16,585][fairseq.trainer][INFO] - detected shared parameter: encoder.sentence_encoder.embed_tokens.weight <- encoder.lm_head.weight
[2022-07-18 10:16:16,647][fairseq.utils][INFO] - ***********************CUDA enviroments for all 2 workers***********************
[2022-07-18 10:16:16,647][fairseq.utils][INFO] - rank   0: capabilities =  6.1  ; total memory = 10.917 GB ; name = NVIDIA GeForce GTX 1080 Ti              
[2022-07-18 10:16:16,647][fairseq.utils][INFO] - rank   1: capabilities =  6.1  ; total memory = 10.917 GB ; name = NVIDIA GeForce GTX 1080 Ti              
[2022-07-18 10:16:16,647][fairseq.utils][INFO] - ***********************CUDA enviroments for all 2 workers***********************
[2022-07-18 10:16:16,647][fairseq_cli.train][INFO] - training on 2 devices (GPUs/TPUs)
[2022-07-18 10:16:16,648][fairseq_cli.train][INFO] - max tokens per device = None and max sentences per device = 8
[2022-07-18 10:16:16,649][fairseq.trainer][INFO] - Preparing to load checkpoint /home/dahmanir/lisa/Models/RoBERTa_25_finetune.pt
[2022-07-18 10:16:21,614][fairseq.trainer][INFO] - NOTE: your device does NOT support faster training with --fp16 or --amp, please switch to FP32 which is likely to be faster
[2022-07-18 10:16:22,222][fairseq.trainer][INFO] - Loaded checkpoint /home/dahmanir/lisa/Models/RoBERTa_25_finetune.pt (epoch 4 @ 26243 updates)
[2022-07-18 10:16:22,222][fairseq.trainer][INFO] - loading train data for epoch 4
[2022-07-18 10:16:25,547][fairseq.data.data_utils][INFO] - loaded 31,386,387 examples from: /home/dahmanir/lisa/Datasets/25_percent/train
[2022-07-18 10:16:28,287][fairseq.tasks.masked_lm][INFO] - loaded 4493132 blocks from: /home/dahmanir/lisa/Datasets/25_percent/train
2022-07-18 10:16:29 | WARNING | fairseq.tasks.fairseq_task | 1,095 samples have invalid sizes and will be skipped, max_positions=512, first few sample ids=[2029298, 3343054, 1625637, 2984388, 3189149, 1309059, 2077313, 4135249, 764467, 636882]
[2022-07-18 10:16:29,932][fairseq.tasks.fairseq_task][WARNING] - 1,095 samples have invalid sizes and will be skipped, max_positions=512, first few sample ids=[2029298, 3343054, 1625637, 2984388, 3189149, 1309059, 2077313, 4135249, 764467, 636882]
[2022-07-18 10:16:36,299][fairseq.data.iterators][INFO] - grouped total_num_itrs = 8774
wandb: Currently logged in as: redredouane. Use `wandb login --relogin` to force relogin
wandb: wandb version 0.12.21 is available!  To upgrade, please run:
wandb:  $ pip install wandb --upgrade
wandb: Tracking run with wandb version 0.12.19
wandb: Run data is saved locally in /home/dahmanir/multirun/2022-07-18/10-15-58/0/wandb/run-20220718_101642-3o1n9hgr
wandb: Run `wandb offline` to turn off syncing.
wandb: Syncing run checkpoints
wandb:  View project at https://wandb.ai/redredouane/RoBERTa
wandb:  View run at https://wandb.ai/redredouane/RoBERTa/runs/3o1n9hgr
[2022-07-18 10:16:48,155][fairseq.trainer][INFO] - begin training epoch 4
[2022-07-18 10:16:48,156][fairseq_cli.train][INFO] - Start iterating over samples
[2022-07-18 10:17:06,180][root][INFO] - Reducer buckets have been rebuilt in this iteration.
[2022-07-18 10:23:08,632][fairseq.trainer][INFO] - NOTE: gradient overflow detected, ignoring gradient, setting loss scale to: 4.0
[2022-07-18 10:49:59,146][train_inner][INFO] - {"epoch": 4, "update": 3.018, "loss": "2.451", "ppl": "5.47", "wps": "18592.3", "ups": "0.08", "wpb": "235186", "bsz": "512", "num_updates": "26400", "lr": "7.888e-06", "gnorm": "1.379", "loss_scale": "4", "train_wall": "1913", "gb_free": "5.4", "wall": "2022"}
[2022-07-18 11:20:32,360][fairseq.trainer][INFO] - NOTE: gradient overflow detected, ignoring gradient, setting loss scale to: 4.0
[2022-07-18 11:32:04,656][train_inner][INFO] - {"epoch": 4, "update": 3.041, "loss": "2.453", "ppl": "5.48", "wps": "18628.7", "ups": "0.08", "wpb": "235234", "bsz": "512", "num_updates": "26600", "lr": "7.872e-06", "gnorm": "1.388", "loss_scale": "4", "train_wall": "2433", "gb_free": "5.4", "wall": "4548"}
[2022-07-18 12:10:53,996][fairseq.trainer][INFO] - NOTE: gradient overflow detected, ignoring gradient, setting loss scale to: 2.0
[2022-07-18 12:14:17,050][train_inner][INFO] - {"epoch": 4, "update": 3.064, "loss": "2.448", "ppl": "5.46", "wps": "18621.5", "ups": "0.08", "wpb": "235785", "bsz": "512", "num_updates": "26800", "lr": "7.856e-06", "gnorm": "1.374", "loss_scale": "2", "train_wall": "2440", "gb_free": "5.3", "wall": "7080"}
[2022-07-18 12:56:14,932][train_inner][INFO] - {"epoch": 4, "update": 3.087, "loss": "2.444", "ppl": "5.44", "wps": "18725.5", "ups": "0.08", "wpb": "235743", "bsz": "512", "num_updates": "27000", "lr": "7.84e-06", "gnorm": "1.426", "loss_scale": "2", "train_wall": "2426", "gb_free": "5.4", "wall": "9598"}
[2022-07-18 13:38:13,380][train_inner][INFO] - {"epoch": 4, "update": 3.109, "loss": "2.443", "ppl": "5.44", "wps": "18731.1", "ups": "0.08", "wpb": "235867", "bsz": "512", "num_updates": "27200", "lr": "7.824e-06", "gnorm": "1.413", "loss_scale": "4", "train_wall": "2427", "gb_free": "5.3", "wall": "12117"}
[2022-07-18 13:42:13,633][fairseq.trainer][INFO] - NOTE: gradient overflow detected, ignoring gradient, setting loss scale to: 2.0
[2022-07-18 14:20:25,022][train_inner][INFO] - {"epoch": 4, "update": 3.132, "loss": "2.441", "ppl": "5.43", "wps": "18602.5", "ups": "0.08", "wpb": "235474", "bsz": "512", "num_updates": "27400", "lr": "7.808e-06", "gnorm": "1.396", "loss_scale": "2", "train_wall": "2440", "gb_free": "5.4", "wall": "14648"}
[2022-07-18 14:36:32,338][fairseq.trainer][INFO] - NOTE: gradient overflow detected, ignoring gradient, setting loss scale to: 2.0
[2022-07-18 15:02:34,410][train_inner][INFO] - {"epoch": 4, "update": 3.155, "loss": "2.444", "ppl": "5.44", "wps": "18638.5", "ups": "0.08", "wpb": "235720", "bsz": "512", "num_updates": "27600", "lr": "7.792e-06", "gnorm": "1.402", "loss_scale": "2", "train_wall": "2437", "gb_free": "5.4", "wall": "17178"}
[2022-07-18 15:30:41,022][fairseq.trainer][INFO] - NOTE: gradient overflow detected, ignoring gradient, setting loss scale to: 2.0
[2022-07-18 15:44:41,070][train_inner][INFO] - {"epoch": 4, "update": 3.178, "loss": "2.44", "ppl": "5.43", "wps": "18650.7", "ups": "0.08", "wpb": "235620", "bsz": "512", "num_updates": "27800", "lr": "7.776e-06", "gnorm": "1.392", "loss_scale": "2", "train_wall": "2435", "gb_free": "5.4", "wall": "19704"}
[2022-07-18 16:08:51,785][fairseq.trainer][INFO] - NOTE: gradient overflow detected, ignoring gradient, setting loss scale to: 1.0
[2022-07-18 16:26:53,127][train_inner][INFO] - {"epoch": 4, "update": 3.201, "loss": "2.44", "ppl": "5.43", "wps": "18676.8", "ups": "0.08", "wpb": "236453", "bsz": "512", "num_updates": "28000", "lr": "7.76e-06", "gnorm": "1.394", "loss_scale": "1", "train_wall": "2441", "gb_free": "5.4", "wall": "22236"}
wandb: Network error (ReadTimeout), entering retry loop.
[2022-07-18 17:08:50,139][train_inner][INFO] - {"epoch": 4, "update": 3.224, "loss": "2.441", "ppl": "5.43", "wps": "18737.1", "ups": "0.08", "wpb": "235807", "bsz": "512", "num_updates": "28200", "lr": "7.744e-06", "gnorm": "1.391", "loss_scale": "2", "train_wall": "2426", "gb_free": "5.4", "wall": "24753"}
[2022-07-18 17:50:43,101][train_inner][INFO] - {"epoch": 4, "update": 3.247, "loss": "2.437", "ppl": "5.41", "wps": "18739", "ups": "0.08", "wpb": "235451", "bsz": "512", "num_updates": "28400", "lr": "7.728e-06", "gnorm": "1.394", "loss_scale": "2", "train_wall": "2423", "gb_free": "5.3", "wall": "27266"}
[2022-07-18 18:32:37,454][train_inner][INFO] - {"epoch": 4, "update": 3.269, "loss": "2.441", "ppl": "5.43", "wps": "18738.7", "ups": "0.08", "wpb": "235578", "bsz": "512", "num_updates": "28600", "lr": "7.712e-06", "gnorm": "1.419", "loss_scale": "4", "train_wall": "2424", "gb_free": "5.4", "wall": "29781"}
[2022-07-18 18:38:42,278][fairseq.trainer][INFO] - NOTE: gradient overflow detected, ignoring gradient, setting loss scale to: 2.0
[2022-07-18 19:14:43,509][train_inner][INFO] - {"epoch": 4, "update": 3.292, "loss": "2.434", "ppl": "5.4", "wps": "18632.1", "ups": "0.08", "wpb": "235328", "bsz": "512", "num_updates": "28800", "lr": "7.696e-06", "gnorm": "1.4", "loss_scale": "2", "train_wall": "2435", "gb_free": "5.4", "wall": "32307"}
[2022-07-18 19:42:57,813][fairseq.trainer][INFO] - NOTE: gradient overflow detected, ignoring gradient, setting loss scale to: 2.0
[2022-07-18 19:56:44,358][train_inner][INFO] - {"epoch": 4, "update": 3.315, "loss": "2.431", "ppl": "5.39", "wps": "18670.2", "ups": "0.08", "wpb": "235323", "bsz": "512", "num_updates": "29000", "lr": "7.68e-06", "gnorm": "1.416", "loss_scale": "2", "train_wall": "2430", "gb_free": "5.4", "wall": "34828"}
[2022-07-18 20:38:35,815][train_inner][INFO] - {"epoch": 4, "update": 3.338, "loss": "2.43", "ppl": "5.39", "wps": "18743.8", "ups": "0.08", "wpb": "235371", "bsz": "512", "num_updates": "29200", "lr": "7.664e-06", "gnorm": "1.417", "loss_scale": "4", "train_wall": "2421", "gb_free": "5.4", "wall": "37339"}
[2022-07-18 21:20:34,465][train_inner][INFO] - {"epoch": 4, "update": 3.361, "loss": "2.424", "ppl": "5.37", "wps": "18752.6", "ups": "0.08", "wpb": "236156", "bsz": "512", "num_updates": "29400", "lr": "7.648e-06", "gnorm": "1.41", "loss_scale": "4", "train_wall": "2428", "gb_free": "5.4", "wall": "39858"}
[2022-07-18 21:50:47,446][fairseq.trainer][INFO] - NOTE: gradient overflow detected, ignoring gradient, setting loss scale to: 4.0
[2022-07-18 22:02:44,936][train_inner][INFO] - {"epoch": 4, "update": 3.384, "loss": "2.43", "ppl": "5.39", "wps": "18639.8", "ups": "0.08", "wpb": "235838", "bsz": "512", "num_updates": "29600", "lr": "7.632e-06", "gnorm": "1.375", "loss_scale": "4", "train_wall": "2440", "gb_free": "5.4", "wall": "42388"}
[2022-07-18 22:44:35,950][train_inner][INFO] - {"epoch": 4, "update": 3.407, "loss": "2.423", "ppl": "5.36", "wps": "18732.5", "ups": "0.08", "wpb": "235187", "bsz": "512", "num_updates": "29800", "lr": "7.616e-06", "gnorm": "1.393", "loss_scale": "8", "train_wall": "2420", "gb_free": "5.4", "wall": "44899"}
[2022-07-18 22:48:09,704][fairseq.trainer][INFO] - NOTE: gradient overflow detected, ignoring gradient, setting loss scale to: 4.0
[2022-07-18 22:59:03,426][fairseq.trainer][INFO] - NOTE: gradient overflow detected, ignoring gradient, setting loss scale to: 2.0
[2022-07-18 23:27:00,636][train_inner][INFO] - {"epoch": 4, "update": 3.43, "loss": "2.437", "ppl": "5.42", "wps": "18508.1", "ups": "0.08", "wpb": "235486", "bsz": "512", "num_updates": "30000", "lr": "7.6e-06", "gnorm": "1.376", "loss_scale": "2", "train_wall": "2453", "gb_free": "5.3", "wall": "47444"}
[2022-07-19 00:01:08,694][fairseq.trainer][INFO] - NOTE: gradient overflow detected, ignoring gradient, setting loss scale to: 2.0
[2022-07-19 00:11:40,506][train_inner][INFO] - {"epoch": 4, "update": 3.452, "loss": "2.429", "ppl": "5.39", "wps": "17562.8", "ups": "0.07", "wpb": "235330", "bsz": "512", "num_updates": "30200", "lr": "7.584e-06", "gnorm": "1.427", "loss_scale": "2", "train_wall": "2589", "gb_free": "5.4", "wall": "50124"}
[2022-07-19 00:53:32,058][train_inner][INFO] - {"epoch": 4, "update": 3.475, "loss": "2.432", "ppl": "5.4", "wps": "18746.8", "ups": "0.08", "wpb": "235418", "bsz": "512", "num_updates": "30400", "lr": "7.568e-06", "gnorm": "1.386", "loss_scale": "2", "train_wall": "2421", "gb_free": "5.3", "wall": "52635"}
[2022-07-19 00:57:55,138][fairseq.trainer][INFO] - NOTE: gradient overflow detected, ignoring gradient, setting loss scale to: 2.0
[2022-07-19 01:35:36,451][train_inner][INFO] - {"epoch": 4, "update": 3.498, "loss": "2.425", "ppl": "5.37", "wps": "18660", "ups": "0.08", "wpb": "235526", "bsz": "512", "num_updates": "30600", "lr": "7.552e-06", "gnorm": "1.382", "loss_scale": "2", "train_wall": "2433", "gb_free": "5.4", "wall": "55160"}
[2022-07-19 02:17:27,952][train_inner][INFO] - {"epoch": 4, "update": 3.521, "loss": "2.421", "ppl": "5.35", "wps": "18758.6", "ups": "0.08", "wpb": "235561", "bsz": "512", "num_updates": "30800", "lr": "7.536e-06", "gnorm": "1.392", "loss_scale": "4", "train_wall": "2421", "gb_free": "5.4", "wall": "57671"}
[2022-07-19 02:59:10,214][fairseq.trainer][INFO] - NOTE: gradient overflow detected, ignoring gradient, setting loss scale to: 4.0
[2022-07-19 02:59:35,431][train_inner][INFO] - {"epoch": 4, "update": 3.544, "loss": "2.419", "ppl": "5.35", "wps": "18637.1", "ups": "0.08", "wpb": "235525", "bsz": "512", "num_updates": "31000", "lr": "7.52e-06", "gnorm": "1.381", "loss_scale": "4", "train_wall": "2436", "gb_free": "5.4", "wall": "60199"}
[2022-07-19 03:41:31,330][train_inner][INFO] - {"epoch": 4, "update": 3.567, "loss": "2.427", "ppl": "5.38", "wps": "18745.1", "ups": "0.08", "wpb": "235804", "bsz": "512", "num_updates": "31200", "lr": "7.504e-06", "gnorm": "1.393", "loss_scale": "4", "train_wall": "2425", "gb_free": "5.4", "wall": "62715"}
[2022-07-19 03:52:50,531][fairseq.trainer][INFO] - NOTE: gradient overflow detected, ignoring gradient, setting loss scale to: 2.0
[2022-07-19 04:23:37,899][train_inner][INFO] - {"epoch": 4, "update": 3.59, "loss": "2.424", "ppl": "5.37", "wps": "18654.9", "ups": "0.08", "wpb": "235664", "bsz": "512", "num_updates": "31400", "lr": "7.488e-06", "gnorm": "1.46", "loss_scale": "2", "train_wall": "2436", "gb_free": "5.4", "wall": "65241"}
[2022-07-19 04:49:37,103][fairseq.trainer][INFO] - NOTE: gradient overflow detected, ignoring gradient, setting loss scale to: 2.0
[2022-07-19 05:05:44,564][train_inner][INFO] - {"epoch": 4, "update": 3.612, "loss": "2.429", "ppl": "5.39", "wps": "18639.9", "ups": "0.08", "wpb": "235483", "bsz": "512", "num_updates": "31600", "lr": "7.472e-06", "gnorm": "1.389", "loss_scale": "2", "train_wall": "2436", "gb_free": "5.4", "wall": "67768"}
[2022-07-19 05:47:39,512][train_inner][INFO] - {"epoch": 4, "update": 3.635, "loss": "2.426", "ppl": "5.37", "wps": "18737.6", "ups": "0.08", "wpb": "235620", "bsz": "512", "num_updates": "31800", "lr": "7.456e-06", "gnorm": "1.373", "loss_scale": "4", "train_wall": "2425", "gb_free": "5.4", "wall": "70283"}
[2022-07-19 06:29:33,285][train_inner][INFO] - {"epoch": 4, "update": 3.658, "loss": "2.423", "ppl": "5.36", "wps": "18742.2", "ups": "0.08", "wpb": "235568", "bsz": "512", "num_updates": "32000", "lr": "7.44e-06", "gnorm": "1.353", "loss_scale": "4", "train_wall": "2423", "gb_free": "5.4", "wall": "72797"}
[2022-07-19 07:05:08,889][fairseq.trainer][INFO] - NOTE: gradient overflow detected, ignoring gradient, setting loss scale to: 4.0
[2022-07-19 07:11:42,490][train_inner][INFO] - {"epoch": 4, "update": 3.681, "loss": "2.41", "ppl": "5.32", "wps": "18643.3", "ups": "0.08", "wpb": "235763", "bsz": "512", "num_updates": "32200", "lr": "7.424e-06", "gnorm": "1.367", "loss_scale": "4", "train_wall": "2438", "gb_free": "5.4", "wall": "75326"}
[2022-07-19 07:53:38,389][train_inner][INFO] - {"epoch": 4, "update": 3.704, "loss": "2.406", "ppl": "5.3", "wps": "18762.4", "ups": "0.08", "wpb": "236021", "bsz": "512", "num_updates": "32400", "lr": "7.408e-06", "gnorm": "1.374", "loss_scale": "4", "train_wall": "2425", "gb_free": "5.3", "wall": "77842"}
[2022-07-19 08:06:25,479][fairseq.trainer][INFO] - NOTE: gradient overflow detected, ignoring gradient, setting loss scale to: 4.0
[2022-07-19 08:35:48,766][train_inner][INFO] - {"epoch": 4, "update": 3.727, "loss": "2.419", "ppl": "5.35", "wps": "18647.9", "ups": "0.08", "wpb": "235930", "bsz": "512", "num_updates": "32600", "lr": "7.392e-06", "gnorm": "1.367", "loss_scale": "4", "train_wall": "2440", "gb_free": "5.4", "wall": "80372"}
[2022-07-19 09:02:13,615][fairseq.trainer][INFO] - NOTE: gradient overflow detected, ignoring gradient, setting loss scale to: 4.0
[2022-07-19 09:05:22,219][fairseq.trainer][INFO] - NOTE: gradient overflow detected, ignoring gradient, setting loss scale to: 2.0
[2022-07-19 09:18:09,536][train_inner][INFO] - {"epoch": 4, "update": 3.75, "loss": "2.419", "ppl": "5.35", "wps": "18557", "ups": "0.08", "wpb": "235745", "bsz": "512", "num_updates": "32800", "lr": "7.376e-06", "gnorm": "1.395", "loss_scale": "2", "train_wall": "2449", "gb_free": "5.4", "wall": "82913"}
[2022-07-19 09:26:56,972][fairseq.trainer][INFO] - NOTE: gradient overflow detected, ignoring gradient, setting loss scale to: 1.0
[2022-07-19 10:00:12,710][train_inner][INFO] - {"epoch": 4, "update": 3.773, "loss": "2.418", "ppl": "5.35", "wps": "18681.2", "ups": "0.08", "wpb": "235679", "bsz": "512", "num_updates": "33000", "lr": "7.36e-06", "gnorm": "1.443", "loss_scale": "1", "train_wall": "2432", "gb_free": "5.4", "wall": "85436"}
[2022-07-19 10:42:01,284][train_inner][INFO] - {"epoch": 4, "update": 3.795, "loss": "2.417", "ppl": "5.34", "wps": "18752.7", "ups": "0.08", "wpb": "235213", "bsz": "512", "num_updates": "33200", "lr": "7.344e-06", "gnorm": "1.411", "loss_scale": "2", "train_wall": "2418", "gb_free": "5.4", "wall": "87945"}
[2022-07-19 11:16:34,856][fairseq.trainer][INFO] - NOTE: gradient overflow detected, ignoring gradient, setting loss scale to: 2.0
[2022-07-19 11:24:08,040][train_inner][INFO] - {"epoch": 4, "update": 3.818, "loss": "2.417", "ppl": "5.34", "wps": "18648.3", "ups": "0.08", "wpb": "235598", "bsz": "512", "num_updates": "33400", "lr": "7.328e-06", "gnorm": "1.414", "loss_scale": "2", "train_wall": "2436", "gb_free": "5.3", "wall": "90471"}
[2022-07-19 12:05:56,188][train_inner][INFO] - {"epoch": 4, "update": 3.841, "loss": "2.413", "ppl": "5.33", "wps": "18761.8", "ups": "0.08", "wpb": "235287", "bsz": "512", "num_updates": "33600", "lr": "7.312e-06", "gnorm": "1.391", "loss_scale": "2", "train_wall": "2417", "gb_free": "5.4", "wall": "92980"}
[2022-07-19 12:14:44,421][fairseq.trainer][INFO] - NOTE: gradient overflow detected, ignoring gradient, setting loss scale to: 2.0
[2022-07-19 12:48:03,119][train_inner][INFO] - {"epoch": 4, "update": 3.864, "loss": "2.411", "ppl": "5.32", "wps": "18672", "ups": "0.08", "wpb": "235914", "bsz": "512", "num_updates": "33800", "lr": "7.296e-06", "gnorm": "1.388", "loss_scale": "2", "train_wall": "2436", "gb_free": "5.4", "wall": "95506"}
[2022-07-19 13:29:55,545][train_inner][INFO] - {"epoch": 4, "update": 3.887, "loss": "2.414", "ppl": "5.33", "wps": "18753.6", "ups": "0.08", "wpb": "235585", "bsz": "512", "num_updates": "34000", "lr": "7.28e-06", "gnorm": "1.428", "loss_scale": "4", "train_wall": "2422", "gb_free": "5.3", "wall": "98019"}
[2022-07-19 14:09:09,658][fairseq.trainer][INFO] - NOTE: gradient overflow detected, ignoring gradient, setting loss scale to: 4.0
[2022-07-19 14:12:05,255][train_inner][INFO] - {"epoch": 4, "update": 3.91, "loss": "2.408", "ppl": "5.31", "wps": "18635.3", "ups": "0.08", "wpb": "235710", "bsz": "512", "num_updates": "34200", "lr": "7.264e-06", "gnorm": "1.371", "loss_scale": "4", "train_wall": "2439", "gb_free": "5.4", "wall": "100549"}
[2022-07-19 14:37:37,151][fairseq.trainer][INFO] - NOTE: gradient overflow detected, ignoring gradient, setting loss scale to: 2.0
[2022-07-19 14:54:11,101][train_inner][INFO] - {"epoch": 4, "update": 3.933, "loss": "2.407", "ppl": "5.3", "wps": "18649.7", "ups": "0.08", "wpb": "235531", "bsz": "512", "num_updates": "34400", "lr": "7.248e-06", "gnorm": "1.374", "loss_scale": "2", "train_wall": "2435", "gb_free": "5.4", "wall": "103074"}
[2022-07-19 15:36:02,555][train_inner][INFO] - {"epoch": 4, "update": 3.955, "loss": "2.407", "ppl": "5.3", "wps": "18734.2", "ups": "0.08", "wpb": "235250", "bsz": "512", "num_updates": "34600", "lr": "7.232e-06", "gnorm": "1.396", "loss_scale": "4", "train_wall": "2421", "gb_free": "5.4", "wall": "105586"}
[2022-07-19 16:17:56,794][train_inner][INFO] - {"epoch": 4, "update": 3.978, "loss": "2.406", "ppl": "5.3", "wps": "18743.3", "ups": "0.08", "wpb": "235625", "bsz": "512", "num_updates": "34800", "lr": "7.216e-06", "gnorm": "1.377", "loss_scale": "4", "train_wall": "2424", "gb_free": "5.3", "wall": "108100"}
[2022-07-19 16:30:32,237][fairseq.trainer][INFO] - NOTE: gradient overflow detected, ignoring gradient, setting loss scale to: 4.0
[2022-07-19 16:57:48,637][fairseq.trainer][INFO] - NOTE: gradient overflow detected, ignoring gradient, setting loss scale to: 2.0
[2022-07-19 16:57:55,365][fairseq_cli.train][INFO] - begin validation on "valid" subset
[2022-07-19 16:58:12,194][valid][INFO] - {"epoch": 4, "valid_loss": "2.353", "valid_ppl": "5.11", "valid_wps": "51225.4", "valid_wpb": "7295.6", "valid_bsz": "15.8", "valid_num_updates": "34989", "valid_best_loss": "2.353"}
[2022-07-19 16:58:12,199][fairseq.checkpoint_utils][INFO] - Preparing to save checkpoint for epoch 4 @ 34989 updates
[2022-07-19 16:58:12,202][fairseq.trainer][INFO] - Saving checkpoint to /home/dahmanir/multirun/2022-07-18/10-15-58/0/checkpoints/checkpoint4.pt
[2022-07-19 16:58:16,682][fairseq.trainer][INFO] - Finished saving checkpoint to /home/dahmanir/multirun/2022-07-18/10-15-58/0/checkpoints/checkpoint4.pt
[2022-07-19 16:58:23,163][fairseq.checkpoint_utils][INFO] - Saved checkpoint checkpoints/checkpoint4.pt (epoch 4 @ 34989 updates, score 2.353) (writing took 10.963826320832595 seconds)
[2022-07-19 16:58:23,164][fairseq_cli.train][INFO] - end of epoch 4 (average epoch stats below)
[2022-07-19 16:58:23,169][train][INFO] - {"epoch": 4, "train_loss": "2.426", "train_ppl": "5.37", "train_wps": "18648.3", "train_ups": "0.08", "train_wpb": "235588", "train_bsz": "512", "train_num_updates": "34989", "train_lr": "7.20088e-06", "train_gnorm": "1.395", "train_loss_scale": "2", "train_train_wall": "106483", "train_gb_free": "5.4", "train_wall": "110527"}
[2022-07-19 16:58:23,185][fairseq_cli.train][INFO] - done training in 110507.2 seconds
slurmstepd: error: *** JOB 9752788 ON r31n4 CANCELLED AT 2022-07-19T21:00:57 ***
